[2017-11-01 19:25:37,328] da.sim.Router<MainProcess>:INFO: Bootstrap succeeded using <UdpTransport(127.0.0.1:20626)>.
[2017-11-01 19:25:37,329] da.api<MainProcess>:INFO: <Node_:Client0> initialized at 127.0.0.1:(UdpTransport=20626, TcpTransport=23987).
[2017-11-01 19:25:37,329] da.api<MainProcess>:INFO: Starting program <module 'ping' from 'C:\\Users\\SSDN-Dinesh\\Desktop\\SBU\\ASYNC\\BCR\\Asynchronous-Systems\\phase2\\ping.py'>...
[2017-11-01 19:25:37,329] da.api<MainProcess>:INFO: Running iteration 1 ...
[2017-11-01 19:25:37,330] da.api<MainProcess>:INFO: Waiting for remaining child processes to terminate...(Press "Ctrl-C" to force kill)
[2017-11-01 19:26:33,322] ping.Client<Client:47002#Client0>:INFO: --------------- ENTERING Client:run ---------------
[2017-11-01 19:26:33,322] ping.Client<Client:47002#Client0>:INFO: --------------- Requesting Configuration from Olympus---------------
[2017-11-01 19:26:34,061] ping.Client<Client:47002#Client0>:INFO: --------------- Received Configuration from Olympus --------------
[2017-11-01 19:26:34,062] ping.Client<Client:47002#Client0>:INFO: --------------- Generating Workload for client --------------
[2017-11-01 19:26:34,062] ping.Client<Client:47002#Client0>:INFO: --------------- Operations for Client -------------- ["append('movie',' wars')", " get('movie')"]
[2017-11-01 19:26:34,063] ping.Client<Client:47002#Client0>:INFO: --------------- Sending Request No: % :: Request Id: % -------------- 0 8020
[2017-11-01 19:26:34,063] ping.Client<Client:47002#Client0>:INFO: --------------- Signing the request statement: -------------- b"append('movie',' wars')"
[2017-11-01 19:26:34,064] ping.Client<Client:47002#Client0>:INFO: --------------- Sending request to head --------------
[2017-11-01 19:26:34,065] ping.Client<Client:47002#Client0>:INFO: --------------- Parsing the unsigned statement --------------
[2017-11-01 19:26:34,066] ping.Client<Client:47002#Client0>:INFO: --------------- Client updates its dictionary with: -------------- append movie wars
[2017-11-01 19:26:34,066] ping.Client<Client:47002#Client0>:INFO: --------------- Executing Operation to updata client dictionary with: -------------- append 8020 wars movie
[2017-11-01 19:26:34,067] ping.Client<Client:47002#Client0>:INFO: --------------- Result upon updating dictionary: -------------- fail
[2017-11-01 19:26:34,067] ping.Client<Client:47002#Client0>:INFO: --------------- Waiting for Result -------------- 0 8020
[2017-11-01 19:26:44,067] ping.Client<Client:47002#Client0>:INFO: --------------- TIMEOUT -------------- 0 8020
[2017-11-01 19:26:44,067] ping.Client<Client:47002#Client0>:INFO: --------------- Sending Retransmission Request for Request No: % :: Request Id: % -------------- 0 8020
[2017-11-01 19:26:44,067] ping.Client<Client:47002#Client0>:INFO: --------------- Signing the request statement: -------------- b"append('movie',' wars')"
[2017-11-01 19:26:44,068] ping.Client<Client:47002#Client0>:INFO: --------------- Sending Retransmission request to all replicas --------------
[2017-11-01 19:26:44,070] ping.Client<Client:47002#Client0>:INFO: --------------- Sending Retransmission request to all replicas --------------
[2017-11-01 19:26:44,072] ping.Client<Client:47002#Client0>:INFO: --------------- Sending Retransmission request to all replicas --------------
[2017-11-01 19:26:44,074] ping.Client<Client:47002#Client0>:INFO: --------------- Sending Request No: % :: Request Id: % -------------- 1 4193
[2017-11-01 19:26:44,075] ping.Client<Client:47002#Client0>:INFO: --------------- Signing the request statement: -------------- b"get('movie')"
[2017-11-01 19:26:44,081] ping.Client<Client:47002#Client0>:INFO: --------------- Sending request to head --------------
[2017-11-01 19:26:44,090] ping.Client<Client:47002#Client0>:INFO: --------------- Parsing the unsigned statement --------------
[2017-11-01 19:26:44,092] ping.Client<Client:47002#Client0>:INFO: --------------- Client updates its dictionary with: -------------- get movie 
[2017-11-01 19:26:44,094] ping.Client<Client:47002#Client0>:INFO: --------------- Executing Operation to updata client dictionary with: -------------- get 4193  movie
[2017-11-01 19:26:44,096] ping.Client<Client:47002#Client0>:INFO: --------------- Result upon updating dictionary: -------------- 
[2017-11-01 19:26:44,098] ping.Client<Client:47002#Client0>:INFO: --------------- Waiting for Result -------------- 1 4193
[2017-11-01 19:26:44,101] ping.Client<Client:47002#Client0>:INFO: --------------- Received Result Shuttle --------------
[2017-11-01 19:26:44,103] ping.Client<Client:47002#Client0>:INFO: --------------- Checking result against expected result --------------
[2017-11-01 19:26:44,105] ping.Client<Client:47002#Client0>:INFO: --------------- Result in Client Dictionary: -------------- fail
[2017-11-01 19:26:44,108] ping.Client<Client:47002#Client0>:INFO: --------------- Get Data in global dictionary from olympus for Key: % with ID -------------- movie 9398
[2017-11-01 19:26:44,112] ping.Client<Client:47002#Client0>:INFO: --------------- Received Result Shuttle --------------
[2017-11-01 19:26:44,114] ping.Client<Client:47002#Client0>:INFO: --------------- Checking result against expected result --------------
[2017-11-01 19:26:44,115] ping.Client<Client:47002#Client0>:INFO: --------------- Result in Client Dictionary: -------------- fail
[2017-11-01 19:26:44,116] ping.Client<Client:47002#Client0>:INFO: --------------- Get Data in global dictionary from olympus for Key: % with ID -------------- movie 2115
[2017-11-01 19:26:44,118] ping.Client<Client:47002#Client0>:INFO: --------------- Received Result Shuttle --------------
[2017-11-01 19:26:44,124] ping.Client<Client:47002#Client0>:INFO: --------------- Checking result against expected result --------------
[2017-11-01 19:26:44,127] ping.Client<Client:47002#Client0>:INFO: --------------- Result in Client Dictionary: -------------- fail
[2017-11-01 19:26:44,128] ping.Client<Client:47002#Client0>:INFO: --------------- Get Data in global dictionary from olympus for Key: % with ID -------------- movie 9085
[2017-11-01 19:26:44,132] ping.Client<Client:47002#Client0>:INFO: --------------- Received Data from global dictionary: % for key: % -------------- ['', 'star', ''] movie
[2017-11-01 19:26:44,133] ping.Client<Client:47002#Client0>:INFO: --------------- Creating hash digest for result ---------------
[2017-11-01 19:26:44,133] ping.Client<Client:47002#Client0>:INFO: --------------- Verifying result and signature of result statements --------------
[2017-11-01 19:26:44,136] ping.Client<Client:47002#Client0>:INFO: --------------- Checking hash digests for results ---------------
[2017-11-01 19:26:44,137] ping.Client<Client:47002#Client0>:INFO: ---------------Quorum Size-------------- 2
[2017-11-01 19:26:44,138] ping.Client<Client:47002#Client0>:INFO: ---------------No. of countOfCorrectResults-------------- 1
[2017-11-01 19:26:44,141] ping.Client<Client:47002#Client0>:INFO: --------------- Checking hash digests for results ---------------
[2017-11-01 19:26:44,142] ping.Client<Client:47002#Client0>:INFO: ---------------Quorum Size-------------- 2
[2017-11-01 19:26:44,142] ping.Client<Client:47002#Client0>:INFO: ---------------No. of countOfCorrectResults-------------- 2
[2017-11-01 19:26:44,145] ping.Client<Client:47002#Client0>:INFO: --------------- Checking hash digests for results ---------------
[2017-11-01 19:26:44,146] ping.Client<Client:47002#Client0>:INFO: ---------------Quorum Size-------------- 2
[2017-11-01 19:26:44,147] ping.Client<Client:47002#Client0>:INFO: ---------------No. of countOfCorrectResults-------------- 3
[2017-11-01 19:26:44,147] ping.Client<Client:47002#Client0>:INFO: --------------- Result Proof Verification check: % -------------- True
[2017-11-01 19:26:44,147] ping.Client<Client:47002#Client0>:INFO: --------------- Client Dictionary Result: % -------------- fail
[2017-11-01 19:26:44,148] ping.Client<Client:47002#Client0>:INFO: --------------- Global Dictionary Result: % -------------- ['', 'star', '']
[2017-11-01 19:26:44,148] ping.Client<Client:47002#Client0>:INFO: --------------- Result From Replica: % -------------- fail
[2017-11-01 19:26:44,148] ping.Client<Client:47002#Client0>:INFO: ---------------  RESULT IS ACCEPTED --------------
[2017-11-01 19:26:44,148] ping.Client<Client:47002#Client0>:INFO: --------------- Received Data from global dictionary: % for key: % -------------- ['OK', 'star'] movie
[2017-11-01 19:26:44,148] ping.Client<Client:47002#Client0>:INFO: --------------- Creating hash digest for result ---------------
[2017-11-01 19:26:44,149] ping.Client<Client:47002#Client0>:INFO: --------------- Verifying result and signature of result statements --------------
[2017-11-01 19:26:44,151] ping.Client<Client:47002#Client0>:INFO: --------------- Checking hash digests for results ---------------
[2017-11-01 19:26:44,152] ping.Client<Client:47002#Client0>:INFO: ---------------Quorum Size-------------- 2
[2017-11-01 19:26:44,152] ping.Client<Client:47002#Client0>:INFO: ---------------No. of countOfCorrectResults-------------- 1
[2017-11-01 19:26:44,157] ping.Client<Client:47002#Client0>:INFO: --------------- Checking hash digests for results ---------------
[2017-11-01 19:26:44,158] ping.Client<Client:47002#Client0>:INFO: ---------------Quorum Size-------------- 2
[2017-11-01 19:26:44,159] ping.Client<Client:47002#Client0>:INFO: ---------------No. of countOfCorrectResults-------------- 2
[2017-11-01 19:26:44,168] ping.Client<Client:47002#Client0>:INFO: --------------- Checking hash digests for results ---------------
[2017-11-01 19:26:44,170] ping.Client<Client:47002#Client0>:INFO: ---------------Quorum Size-------------- 2
[2017-11-01 19:26:44,172] ping.Client<Client:47002#Client0>:INFO: ---------------No. of countOfCorrectResults-------------- 3
[2017-11-01 19:26:44,173] ping.Client<Client:47002#Client0>:INFO: --------------- Result Proof Verification check: % -------------- True
[2017-11-01 19:26:44,174] ping.Client<Client:47002#Client0>:INFO: --------------- Client Dictionary Result: % -------------- fail
[2017-11-01 19:26:44,175] ping.Client<Client:47002#Client0>:INFO: --------------- Global Dictionary Result: % -------------- ['OK', 'star']
[2017-11-01 19:26:44,175] ping.Client<Client:47002#Client0>:INFO: --------------- Result From Replica: % -------------- fail
[2017-11-01 19:26:44,177] ping.Client<Client:47002#Client0>:INFO: ---------------  RESULT IS ACCEPTED --------------
[2017-11-01 19:26:44,178] ping.Client<Client:47002#Client0>:INFO: --------------- Received Data from global dictionary: % for key: % -------------- ['OK', 'star'] movie
[2017-11-01 19:26:44,179] ping.Client<Client:47002#Client0>:INFO: --------------- Creating hash digest for result ---------------
[2017-11-01 19:26:44,180] ping.Client<Client:47002#Client0>:INFO: --------------- Verifying result and signature of result statements --------------
[2017-11-01 19:26:44,185] ping.Client<Client:47002#Client0>:INFO: --------------- Checking hash digests for results ---------------
[2017-11-01 19:26:44,185] ping.Client<Client:47002#Client0>:INFO: ---------------Quorum Size-------------- 2
[2017-11-01 19:26:44,188] ping.Client<Client:47002#Client0>:INFO: ---------------No. of countOfCorrectResults-------------- 1
[2017-11-01 19:26:44,194] ping.Client<Client:47002#Client0>:INFO: --------------- Checking hash digests for results ---------------
[2017-11-01 19:26:44,196] ping.Client<Client:47002#Client0>:INFO: ---------------Quorum Size-------------- 2
[2017-11-01 19:26:44,199] ping.Client<Client:47002#Client0>:INFO: ---------------No. of countOfCorrectResults-------------- 2
[2017-11-01 19:26:44,204] ping.Client<Client:47002#Client0>:INFO: --------------- Checking hash digests for results ---------------
[2017-11-01 19:26:44,205] ping.Client<Client:47002#Client0>:INFO: ---------------Quorum Size-------------- 2
[2017-11-01 19:26:44,206] ping.Client<Client:47002#Client0>:INFO: ---------------No. of countOfCorrectResults-------------- 3
[2017-11-01 19:26:44,207] ping.Client<Client:47002#Client0>:INFO: --------------- Result Proof Verification check: % -------------- True
[2017-11-01 19:26:44,208] ping.Client<Client:47002#Client0>:INFO: --------------- Client Dictionary Result: % -------------- fail
[2017-11-01 19:26:44,209] ping.Client<Client:47002#Client0>:INFO: --------------- Global Dictionary Result: % -------------- ['OK', 'star']
[2017-11-01 19:26:44,210] ping.Client<Client:47002#Client0>:INFO: --------------- Result From Replica: % -------------- fail
[2017-11-01 19:26:44,211] ping.Client<Client:47002#Client0>:INFO: ---------------  RESULT IS ACCEPTED --------------
[2017-11-01 19:26:54,213] ping.Client<Client:47002#Client0>:INFO: --------------- TIMEOUT -------------- 1 4193
[2017-11-01 19:26:54,214] ping.Client<Client:47002#Client0>:INFO: --------------- Sending Retransmission Request for Request No: % :: Request Id: % -------------- 1 4193
[2017-11-01 19:26:54,216] ping.Client<Client:47002#Client0>:INFO: --------------- Signing the request statement: -------------- b"get('movie')"
[2017-11-01 19:26:54,221] ping.Client<Client:47002#Client0>:INFO: --------------- Sending Retransmission request to all replicas --------------
[2017-11-01 19:26:54,226] ping.Client<Client:47002#Client0>:INFO: --------------- Sending Retransmission request to all replicas --------------
[2017-11-01 19:26:54,235] ping.Client<Client:47002#Client0>:INFO: --------------- Sending Retransmission request to all replicas --------------
[2017-11-01 19:26:54,269] ping.Client<Client:47002#Client0>:INFO: --------------- Received Result Shuttle --------------
[2017-11-01 19:26:54,270] ping.Client<Client:47002#Client0>:INFO: --------------- Checking result against expected result --------------
[2017-11-01 19:26:54,271] ping.Client<Client:47002#Client0>:INFO: --------------- Result in Client Dictionary: -------------- 
[2017-11-01 19:26:54,277] ping.Client<Client:47002#Client0>:INFO: --------------- Get Data in global dictionary from olympus for Key: % with ID -------------- movie 7392
[2017-11-01 19:26:54,285] ping.Client<Client:47002#Client0>:INFO: --------------- Received Result Shuttle --------------
[2017-11-01 19:26:54,304] ping.Client<Client:47002#Client0>:INFO: --------------- Checking result against expected result --------------
[2017-11-01 19:26:54,307] ping.Client<Client:47002#Client0>:INFO: --------------- Result in Client Dictionary: -------------- 
[2017-11-01 19:26:54,308] ping.Client<Client:47002#Client0>:INFO: --------------- Get Data in global dictionary from olympus for Key: % with ID -------------- movie 9520
[2017-11-01 19:26:54,312] ping.Client<Client:47002#Client0>:INFO: --------------- Received Data from global dictionary: % for key: % -------------- ['', 'star', ''] movie
[2017-11-01 19:26:54,314] ping.Client<Client:47002#Client0>:INFO: --------------- Creating hash digest for result ---------------
[2017-11-01 19:26:54,314] ping.Client<Client:47002#Client0>:INFO: --------------- Verifying result and signature of result statements --------------
[2017-11-01 19:26:54,319] ping.Client<Client:47002#Client0>:INFO: --------------- Checking hash digests for results ---------------
[2017-11-01 19:26:54,320] ping.Client<Client:47002#Client0>:INFO: ---------------Quorum Size-------------- 2
[2017-11-01 19:26:54,321] ping.Client<Client:47002#Client0>:INFO: ---------------No. of countOfCorrectResults-------------- 1
[2017-11-01 19:26:54,328] ping.Client<Client:47002#Client0>:INFO: --------------- Checking hash digests for results ---------------
[2017-11-01 19:26:54,329] ping.Client<Client:47002#Client0>:INFO: ---------------Quorum Size-------------- 2
[2017-11-01 19:26:54,330] ping.Client<Client:47002#Client0>:INFO: ---------------No. of countOfCorrectResults-------------- 2
[2017-11-01 19:26:54,333] ping.Client<Client:47002#Client0>:INFO: --------------- Checking hash digests for results ---------------
[2017-11-01 19:26:54,334] ping.Client<Client:47002#Client0>:INFO: ---------------Quorum Size-------------- 2
[2017-11-01 19:26:54,334] ping.Client<Client:47002#Client0>:INFO: ---------------No. of countOfCorrectResults-------------- 3
[2017-11-01 19:26:54,334] ping.Client<Client:47002#Client0>:INFO: --------------- Result Proof Verification check: % -------------- True
[2017-11-01 19:26:54,335] ping.Client<Client:47002#Client0>:INFO: --------------- Client Dictionary Result: % -------------- 
[2017-11-01 19:26:54,335] ping.Client<Client:47002#Client0>:INFO: --------------- Global Dictionary Result: % -------------- ['', 'star', '']
[2017-11-01 19:26:54,335] ping.Client<Client:47002#Client0>:INFO: --------------- Result From Replica: % -------------- star
[2017-11-01 19:26:54,336] ping.Client<Client:47002#Client0>:INFO: ---------------  RESULT IS ACCEPTED --------------
[2017-11-01 19:26:54,336] ping.Client<Client:47002#Client0>:INFO: --------------- Received Data from global dictionary: % for key: % -------------- ['', 'star', ''] movie
[2017-11-01 19:26:54,336] ping.Client<Client:47002#Client0>:INFO: --------------- Creating hash digest for result ---------------
[2017-11-01 19:26:54,336] ping.Client<Client:47002#Client0>:INFO: --------------- Verifying result and signature of result statements --------------
[2017-11-01 19:26:54,339] ping.Client<Client:47002#Client0>:INFO: --------------- Checking hash digests for results ---------------
[2017-11-01 19:26:54,340] ping.Client<Client:47002#Client0>:INFO: ---------------Quorum Size-------------- 2
[2017-11-01 19:26:54,341] ping.Client<Client:47002#Client0>:INFO: ---------------No. of countOfCorrectResults-------------- 1
[2017-11-01 19:26:54,345] ping.Client<Client:47002#Client0>:INFO: --------------- Checking hash digests for results ---------------
[2017-11-01 19:26:54,345] ping.Client<Client:47002#Client0>:INFO: ---------------Quorum Size-------------- 2
[2017-11-01 19:26:54,346] ping.Client<Client:47002#Client0>:INFO: ---------------No. of countOfCorrectResults-------------- 2
[2017-11-01 19:26:54,348] ping.Client<Client:47002#Client0>:INFO: --------------- Checking hash digests for results ---------------
[2017-11-01 19:26:54,349] ping.Client<Client:47002#Client0>:INFO: ---------------Quorum Size-------------- 2
[2017-11-01 19:26:54,349] ping.Client<Client:47002#Client0>:INFO: ---------------No. of countOfCorrectResults-------------- 3
[2017-11-01 19:26:54,349] ping.Client<Client:47002#Client0>:INFO: --------------- Result Proof Verification check: % -------------- True
[2017-11-01 19:26:54,349] ping.Client<Client:47002#Client0>:INFO: --------------- Client Dictionary Result: % -------------- 
[2017-11-01 19:26:54,350] ping.Client<Client:47002#Client0>:INFO: --------------- Global Dictionary Result: % -------------- ['', 'star', '']
[2017-11-01 19:26:54,351] ping.Client<Client:47002#Client0>:INFO: --------------- Result From Replica: % -------------- star
[2017-11-01 19:26:54,351] ping.Client<Client:47002#Client0>:INFO: ---------------  RESULT IS ACCEPTED --------------
[2017-11-01 19:26:54,352] ping.Client<Client:47002#Client0>:INFO: --------------- Received Result Shuttle --------------
[2017-11-01 19:26:54,352] ping.Client<Client:47002#Client0>:INFO: --------------- Checking result against expected result --------------
[2017-11-01 19:26:54,353] ping.Client<Client:47002#Client0>:INFO: --------------- Result in Client Dictionary: -------------- 
[2017-11-01 19:26:54,353] ping.Client<Client:47002#Client0>:INFO: --------------- Get Data in global dictionary from olympus for Key: % with ID -------------- movie 6539
[2017-11-01 19:26:54,355] ping.Client<Client:47002#Client0>:INFO: --------------- Received Data from global dictionary: % for key: % -------------- ['', 'star', ''] movie
[2017-11-01 19:26:54,355] ping.Client<Client:47002#Client0>:INFO: --------------- Creating hash digest for result ---------------
[2017-11-01 19:26:54,356] ping.Client<Client:47002#Client0>:INFO: --------------- Verifying result and signature of result statements --------------
[2017-11-01 19:26:54,358] ping.Client<Client:47002#Client0>:INFO: --------------- Checking hash digests for results ---------------
[2017-11-01 19:26:54,359] ping.Client<Client:47002#Client0>:INFO: ---------------Quorum Size-------------- 2
[2017-11-01 19:26:54,359] ping.Client<Client:47002#Client0>:INFO: ---------------No. of countOfCorrectResults-------------- 1
[2017-11-01 19:26:54,361] ping.Client<Client:47002#Client0>:INFO: --------------- Checking hash digests for results ---------------
[2017-11-01 19:26:54,361] ping.Client<Client:47002#Client0>:INFO: ---------------Quorum Size-------------- 2
[2017-11-01 19:26:54,362] ping.Client<Client:47002#Client0>:INFO: ---------------No. of countOfCorrectResults-------------- 2
[2017-11-01 19:26:54,364] ping.Client<Client:47002#Client0>:INFO: --------------- Checking hash digests for results ---------------
[2017-11-01 19:26:54,364] ping.Client<Client:47002#Client0>:INFO: ---------------Quorum Size-------------- 2
[2017-11-01 19:26:54,365] ping.Client<Client:47002#Client0>:INFO: ---------------No. of countOfCorrectResults-------------- 3
[2017-11-01 19:26:54,365] ping.Client<Client:47002#Client0>:INFO: --------------- Result Proof Verification check: % -------------- True
[2017-11-01 19:26:54,365] ping.Client<Client:47002#Client0>:INFO: --------------- Client Dictionary Result: % -------------- 
[2017-11-01 19:26:54,365] ping.Client<Client:47002#Client0>:INFO: --------------- Global Dictionary Result: % -------------- ['', 'star', '']
[2017-11-01 19:26:54,366] ping.Client<Client:47002#Client0>:INFO: --------------- Result From Replica: % -------------- star
[2017-11-01 19:26:54,366] ping.Client<Client:47002#Client0>:INFO: ---------------  RESULT IS ACCEPTED --------------
[2017-11-01 19:37:31,338] da.sim.Router<MainProcess>:INFO: Bootstrap succeeded using <UdpTransport(127.0.0.1:28825)>.
[2017-11-01 19:37:31,338] da.api<MainProcess>:INFO: <Node_:Client0> initialized at 127.0.0.1:(UdpTransport=28825, TcpTransport=36177).
[2017-11-01 19:37:31,338] da.api<MainProcess>:INFO: Starting program <module 'ping' from 'C:\\Users\\SSDN-Dinesh\\Desktop\\SBU\\ASYNC\\BCR\\Asynchronous-Systems\\phase2\\ping.py'>...
[2017-11-01 19:37:31,339] da.api<MainProcess>:INFO: Running iteration 1 ...
[2017-11-01 19:37:31,339] da.api<MainProcess>:INFO: Waiting for remaining child processes to terminate...(Press "Ctrl-C" to force kill)
[2017-11-01 19:37:46,993] ping.Client<Client:aa002#Client0>:INFO: --------------- ENTERING Client:run ---------------
[2017-11-01 19:37:46,994] ping.Client<Client:aa002#Client0>:INFO: --------------- Requesting Configuration from Olympus---------------
[2017-11-01 19:37:47,722] ping.Client<Client:aa002#Client0>:INFO: --------------- Received Configuration from Olympus --------------
[2017-11-01 19:37:47,722] ping.Client<Client:aa002#Client0>:INFO: --------------- Generating Workload for client --------------
[2017-11-01 19:37:47,722] ping.Client<Client:aa002#Client0>:INFO: --------------- Operations for Client -------------- ["append('movie',' wars')", " get('movie')"]
[2017-11-01 19:37:47,723] ping.Client<Client:aa002#Client0>:INFO: --------------- Sending Request No: % :: Request Id: % -------------- 0 1840
[2017-11-01 19:37:47,723] ping.Client<Client:aa002#Client0>:INFO: --------------- Signing the request statement: -------------- b"append('movie',' wars')"
[2017-11-01 19:37:47,724] ping.Client<Client:aa002#Client0>:INFO: --------------- Sending request to head --------------
[2017-11-01 19:37:47,725] ping.Client<Client:aa002#Client0>:INFO: --------------- Parsing the unsigned statement --------------
[2017-11-01 19:37:47,725] ping.Client<Client:aa002#Client0>:INFO: --------------- Client updates its dictionary with: -------------- append movie wars
[2017-11-01 19:37:47,725] ping.Client<Client:aa002#Client0>:INFO: --------------- Executing Operation to updata client dictionary with: -------------- append 1840 wars movie
[2017-11-01 19:37:47,726] ping.Client<Client:aa002#Client0>:INFO: --------------- Result upon updating dictionary: -------------- fail
[2017-11-01 19:37:47,726] ping.Client<Client:aa002#Client0>:INFO: --------------- Waiting for Result -------------- 0 1840
[2017-11-01 19:37:57,727] ping.Client<Client:aa002#Client0>:INFO: --------------- TIMEOUT -------------- 0 1840
[2017-11-01 19:37:57,728] ping.Client<Client:aa002#Client0>:INFO: --------------- Sending Retransmission Request for Request No: % :: Request Id: % -------------- 0 1840
[2017-11-01 19:37:57,729] ping.Client<Client:aa002#Client0>:INFO: --------------- Signing the request statement: -------------- b"append('movie',' wars')"
[2017-11-01 19:37:57,730] ping.Client<Client:aa002#Client0>:INFO: --------------- Sending Retransmission request to all replicas --------------
[2017-11-01 19:37:57,731] ping.Client<Client:aa002#Client0>:INFO: --------------- Sending Retransmission request to all replicas --------------
[2017-11-01 19:37:57,733] ping.Client<Client:aa002#Client0>:INFO: --------------- Sending Retransmission request to all replicas --------------
[2017-11-01 19:37:57,738] ping.Client<Client:aa002#Client0>:INFO: --------------- Sending Request No: % :: Request Id: % -------------- 1 204
[2017-11-01 19:37:57,742] ping.Client<Client:aa002#Client0>:INFO: --------------- Signing the request statement: -------------- b"get('movie')"
[2017-11-01 19:37:57,746] ping.Client<Client:aa002#Client0>:INFO: --------------- Sending request to head --------------
[2017-11-01 19:37:57,750] ping.Client<Client:aa002#Client0>:INFO: --------------- Parsing the unsigned statement --------------
[2017-11-01 19:37:57,753] ping.Client<Client:aa002#Client0>:INFO: --------------- Client updates its dictionary with: -------------- get movie 
[2017-11-01 19:37:57,754] ping.Client<Client:aa002#Client0>:INFO: --------------- Executing Operation to updata client dictionary with: -------------- get 204  movie
[2017-11-01 19:37:57,755] ping.Client<Client:aa002#Client0>:INFO: --------------- Result upon updating dictionary: -------------- 
[2017-11-01 19:37:57,756] ping.Client<Client:aa002#Client0>:INFO: --------------- Waiting for Result -------------- 1 204
[2017-11-01 19:37:57,756] ping.Client<Client:aa002#Client0>:INFO: --------------- Received Result Shuttle --------------
[2017-11-01 19:37:57,756] ping.Client<Client:aa002#Client0>:INFO: --------------- Checking result against expected result --------------
[2017-11-01 19:37:57,757] ping.Client<Client:aa002#Client0>:INFO: --------------- Result in Client Dictionary: -------------- fail
[2017-11-01 19:37:57,757] ping.Client<Client:aa002#Client0>:INFO: --------------- Get Data in global dictionary from olympus for Key: % with ID -------------- movie 5260
[2017-11-01 19:37:57,758] ping.Client<Client:aa002#Client0>:INFO: --------------- Received Result Shuttle --------------
[2017-11-01 19:37:57,758] ping.Client<Client:aa002#Client0>:INFO: --------------- Checking result against expected result --------------
[2017-11-01 19:37:57,758] ping.Client<Client:aa002#Client0>:INFO: --------------- Result in Client Dictionary: -------------- fail
[2017-11-01 19:37:57,759] ping.Client<Client:aa002#Client0>:INFO: --------------- Get Data in global dictionary from olympus for Key: % with ID -------------- movie 8744
[2017-11-01 19:37:57,760] ping.Client<Client:aa002#Client0>:INFO: --------------- Received Result Shuttle --------------
[2017-11-01 19:37:57,760] ping.Client<Client:aa002#Client0>:INFO: --------------- Checking result against expected result --------------
[2017-11-01 19:37:57,760] ping.Client<Client:aa002#Client0>:INFO: --------------- Result in Client Dictionary: -------------- fail
[2017-11-01 19:37:57,761] ping.Client<Client:aa002#Client0>:INFO: --------------- Get Data in global dictionary from olympus for Key: % with ID -------------- movie 538
[2017-11-01 19:37:57,765] ping.Client<Client:aa002#Client0>:INFO: --------------- Received Data from global dictionary: % for key: % -------------- ['OK', 'star'] movie
[2017-11-01 19:37:57,766] ping.Client<Client:aa002#Client0>:INFO: --------------- Creating hash digest for result ---------------
[2017-11-01 19:37:57,766] ping.Client<Client:aa002#Client0>:INFO: --------------- Verifying result and signature of result statements --------------
[2017-11-01 19:37:57,770] ping.Client<Client:aa002#Client0>:INFO: --------------- Checking hash digests for results ---------------
[2017-11-01 19:37:57,770] ping.Client<Client:aa002#Client0>:INFO: ---------------Quorum Size-------------- 2
[2017-11-01 19:37:57,771] ping.Client<Client:aa002#Client0>:INFO: ---------------No. of countOfCorrectResults-------------- 1
[2017-11-01 19:37:57,774] ping.Client<Client:aa002#Client0>:INFO: --------------- Checking hash digests for results ---------------
[2017-11-01 19:37:57,774] ping.Client<Client:aa002#Client0>:INFO: ---------------Quorum Size-------------- 2
[2017-11-01 19:37:57,775] ping.Client<Client:aa002#Client0>:INFO: ---------------No. of countOfCorrectResults-------------- 2
[2017-11-01 19:37:57,778] ping.Client<Client:aa002#Client0>:INFO: --------------- Checking hash digests for results ---------------
[2017-11-01 19:37:57,779] ping.Client<Client:aa002#Client0>:INFO: ---------------Quorum Size-------------- 2
[2017-11-01 19:37:57,779] ping.Client<Client:aa002#Client0>:INFO: ---------------No. of countOfCorrectResults-------------- 3
[2017-11-01 19:37:57,779] ping.Client<Client:aa002#Client0>:INFO: --------------- Result Proof Verification check: % -------------- True
[2017-11-01 19:37:57,780] ping.Client<Client:aa002#Client0>:INFO: --------------- Client Dictionary Result: % -------------- fail
[2017-11-01 19:37:57,780] ping.Client<Client:aa002#Client0>:INFO: --------------- Global Dictionary Result: % -------------- ['OK', 'star']
[2017-11-01 19:37:57,781] ping.Client<Client:aa002#Client0>:INFO: --------------- Result From Replica: % -------------- fail
[2017-11-01 19:37:57,781] ping.Client<Client:aa002#Client0>:INFO: ---------------  RESULT IS ACCEPTED --------------
[2017-11-01 19:37:57,782] ping.Client<Client:aa002#Client0>:INFO: --------------- Received Data from global dictionary: % for key: % -------------- ['OK', 'star'] movie
[2017-11-01 19:37:57,782] ping.Client<Client:aa002#Client0>:INFO: --------------- Creating hash digest for result ---------------
[2017-11-01 19:37:57,782] ping.Client<Client:aa002#Client0>:INFO: --------------- Verifying result and signature of result statements --------------
[2017-11-01 19:37:57,787] ping.Client<Client:aa002#Client0>:INFO: --------------- Checking hash digests for results ---------------
[2017-11-01 19:37:57,799] ping.Client<Client:aa002#Client0>:INFO: ---------------Quorum Size-------------- 2
[2017-11-01 19:37:57,803] ping.Client<Client:aa002#Client0>:INFO: ---------------No. of countOfCorrectResults-------------- 1
[2017-11-01 19:37:57,810] ping.Client<Client:aa002#Client0>:INFO: --------------- Checking hash digests for results ---------------
[2017-11-01 19:37:57,813] ping.Client<Client:aa002#Client0>:INFO: ---------------Quorum Size-------------- 2
[2017-11-01 19:37:57,815] ping.Client<Client:aa002#Client0>:INFO: ---------------No. of countOfCorrectResults-------------- 2
[2017-11-01 19:37:57,824] ping.Client<Client:aa002#Client0>:INFO: --------------- Checking hash digests for results ---------------
[2017-11-01 19:37:57,827] ping.Client<Client:aa002#Client0>:INFO: ---------------Quorum Size-------------- 2
[2017-11-01 19:37:57,828] ping.Client<Client:aa002#Client0>:INFO: ---------------No. of countOfCorrectResults-------------- 3
[2017-11-01 19:37:57,829] ping.Client<Client:aa002#Client0>:INFO: --------------- Result Proof Verification check: % -------------- True
[2017-11-01 19:37:57,832] ping.Client<Client:aa002#Client0>:INFO: --------------- Client Dictionary Result: % -------------- fail
[2017-11-01 19:37:57,835] ping.Client<Client:aa002#Client0>:INFO: --------------- Global Dictionary Result: % -------------- ['OK', 'star']
[2017-11-01 19:37:57,838] ping.Client<Client:aa002#Client0>:INFO: --------------- Result From Replica: % -------------- fail
[2017-11-01 19:37:57,840] ping.Client<Client:aa002#Client0>:INFO: ---------------  RESULT IS ACCEPTED --------------
[2017-11-01 19:37:57,842] ping.Client<Client:aa002#Client0>:INFO: --------------- Received Data from global dictionary: % for key: % -------------- ['OK', 'star'] movie
[2017-11-01 19:37:57,846] ping.Client<Client:aa002#Client0>:INFO: --------------- Creating hash digest for result ---------------
[2017-11-01 19:37:57,846] ping.Client<Client:aa002#Client0>:INFO: --------------- Verifying result and signature of result statements --------------
[2017-11-01 19:37:57,850] ping.Client<Client:aa002#Client0>:INFO: --------------- Checking hash digests for results ---------------
[2017-11-01 19:37:57,850] ping.Client<Client:aa002#Client0>:INFO: ---------------Quorum Size-------------- 2
[2017-11-01 19:37:57,851] ping.Client<Client:aa002#Client0>:INFO: ---------------No. of countOfCorrectResults-------------- 1
[2017-11-01 19:37:57,854] ping.Client<Client:aa002#Client0>:INFO: --------------- Checking hash digests for results ---------------
[2017-11-01 19:37:57,855] ping.Client<Client:aa002#Client0>:INFO: ---------------Quorum Size-------------- 2
[2017-11-01 19:37:57,855] ping.Client<Client:aa002#Client0>:INFO: ---------------No. of countOfCorrectResults-------------- 2
[2017-11-01 19:37:57,859] ping.Client<Client:aa002#Client0>:INFO: --------------- Checking hash digests for results ---------------
[2017-11-01 19:37:57,861] ping.Client<Client:aa002#Client0>:INFO: ---------------Quorum Size-------------- 2
[2017-11-01 19:37:57,862] ping.Client<Client:aa002#Client0>:INFO: ---------------No. of countOfCorrectResults-------------- 3
[2017-11-01 19:37:57,863] ping.Client<Client:aa002#Client0>:INFO: --------------- Result Proof Verification check: % -------------- True
[2017-11-01 19:37:57,865] ping.Client<Client:aa002#Client0>:INFO: --------------- Client Dictionary Result: % -------------- fail
[2017-11-01 19:37:57,870] ping.Client<Client:aa002#Client0>:INFO: --------------- Global Dictionary Result: % -------------- ['OK', 'star']
[2017-11-01 19:37:57,872] ping.Client<Client:aa002#Client0>:INFO: --------------- Result From Replica: % -------------- fail
[2017-11-01 19:37:57,873] ping.Client<Client:aa002#Client0>:INFO: ---------------  RESULT IS ACCEPTED --------------
[2017-11-01 19:38:07,874] ping.Client<Client:aa002#Client0>:INFO: --------------- TIMEOUT -------------- 1 204
[2017-11-01 19:38:07,875] ping.Client<Client:aa002#Client0>:INFO: --------------- Sending Retransmission Request for Request No: % :: Request Id: % -------------- 1 204
[2017-11-01 19:38:07,875] ping.Client<Client:aa002#Client0>:INFO: --------------- Signing the request statement: -------------- b"get('movie')"
[2017-11-01 19:38:07,876] ping.Client<Client:aa002#Client0>:INFO: --------------- Sending Retransmission request to all replicas --------------
[2017-11-01 19:38:07,877] ping.Client<Client:aa002#Client0>:INFO: --------------- Sending Retransmission request to all replicas --------------
[2017-11-01 19:38:07,877] ping.Client<Client:aa002#Client0>:INFO: --------------- Sending Retransmission request to all replicas --------------
[2017-11-01 19:38:07,884] ping.Client<Client:aa002#Client0>:INFO: --------------- Received Result Shuttle --------------
[2017-11-01 19:38:07,885] ping.Client<Client:aa002#Client0>:INFO: --------------- Checking result against expected result --------------
[2017-11-01 19:38:07,886] ping.Client<Client:aa002#Client0>:INFO: --------------- Result in Client Dictionary: -------------- 
[2017-11-01 19:38:07,886] ping.Client<Client:aa002#Client0>:INFO: --------------- Get Data in global dictionary from olympus for Key: % with ID -------------- movie 6870
[2017-11-01 19:38:07,887] ping.Client<Client:aa002#Client0>:INFO: --------------- Received Result Shuttle --------------
[2017-11-01 19:38:07,888] ping.Client<Client:aa002#Client0>:INFO: --------------- Checking result against expected result --------------
[2017-11-01 19:38:07,888] ping.Client<Client:aa002#Client0>:INFO: --------------- Result in Client Dictionary: -------------- 
[2017-11-01 19:38:07,888] ping.Client<Client:aa002#Client0>:INFO: --------------- Get Data in global dictionary from olympus for Key: % with ID -------------- movie 206
[2017-11-01 19:38:07,893] ping.Client<Client:aa002#Client0>:INFO: --------------- Received Result Shuttle --------------
[2017-11-01 19:38:07,893] ping.Client<Client:aa002#Client0>:INFO: --------------- Checking result against expected result --------------
[2017-11-01 19:38:07,894] ping.Client<Client:aa002#Client0>:INFO: --------------- Result in Client Dictionary: -------------- 
[2017-11-01 19:38:07,894] ping.Client<Client:aa002#Client0>:INFO: --------------- Get Data in global dictionary from olympus for Key: % with ID -------------- movie 5230
[2017-11-01 19:38:07,897] ping.Client<Client:aa002#Client0>:INFO: --------------- Received Data from global dictionary: % for key: % -------------- ['', 'star', ''] movie
[2017-11-01 19:38:07,898] ping.Client<Client:aa002#Client0>:INFO: --------------- Creating hash digest for result ---------------
[2017-11-01 19:38:07,898] ping.Client<Client:aa002#Client0>:INFO: --------------- Verifying result and signature of result statements --------------
[2017-11-01 19:38:07,901] ping.Client<Client:aa002#Client0>:INFO: --------------- Checking hash digests for results ---------------
[2017-11-01 19:38:07,902] ping.Client<Client:aa002#Client0>:INFO: ---------------Quorum Size-------------- 2
[2017-11-01 19:38:07,902] ping.Client<Client:aa002#Client0>:INFO: ---------------No. of countOfCorrectResults-------------- 1
[2017-11-01 19:38:07,905] ping.Client<Client:aa002#Client0>:INFO: --------------- Checking hash digests for results ---------------
[2017-11-01 19:38:07,905] ping.Client<Client:aa002#Client0>:INFO: ---------------Quorum Size-------------- 2
[2017-11-01 19:38:07,906] ping.Client<Client:aa002#Client0>:INFO: ---------------No. of countOfCorrectResults-------------- 2
[2017-11-01 19:38:07,908] ping.Client<Client:aa002#Client0>:INFO: --------------- Checking hash digests for results ---------------
[2017-11-01 19:38:07,908] ping.Client<Client:aa002#Client0>:INFO: ---------------Quorum Size-------------- 2
[2017-11-01 19:38:07,909] ping.Client<Client:aa002#Client0>:INFO: ---------------No. of countOfCorrectResults-------------- 3
[2017-11-01 19:38:07,909] ping.Client<Client:aa002#Client0>:INFO: --------------- Result Proof Verification check: % -------------- True
[2017-11-01 19:38:07,909] ping.Client<Client:aa002#Client0>:INFO: --------------- Client Dictionary Result: % -------------- 
[2017-11-01 19:38:07,909] ping.Client<Client:aa002#Client0>:INFO: --------------- Global Dictionary Result: % -------------- ['', 'star', '']
[2017-11-01 19:38:07,910] ping.Client<Client:aa002#Client0>:INFO: --------------- Result From Replica: % -------------- star
[2017-11-01 19:38:07,910] ping.Client<Client:aa002#Client0>:INFO: ---------------  RESULT IS ACCEPTED --------------
[2017-11-01 19:38:07,910] ping.Client<Client:aa002#Client0>:INFO: --------------- Received Data from global dictionary: % for key: % -------------- ['', 'star', ''] movie
[2017-11-01 19:38:07,911] ping.Client<Client:aa002#Client0>:INFO: --------------- Creating hash digest for result ---------------
[2017-11-01 19:38:07,911] ping.Client<Client:aa002#Client0>:INFO: --------------- Verifying result and signature of result statements --------------
[2017-11-01 19:38:07,913] ping.Client<Client:aa002#Client0>:INFO: --------------- Checking hash digests for results ---------------
[2017-11-01 19:38:07,913] ping.Client<Client:aa002#Client0>:INFO: ---------------Quorum Size-------------- 2
[2017-11-01 19:38:07,913] ping.Client<Client:aa002#Client0>:INFO: ---------------No. of countOfCorrectResults-------------- 1
[2017-11-01 19:38:07,916] ping.Client<Client:aa002#Client0>:INFO: --------------- Checking hash digests for results ---------------
[2017-11-01 19:38:07,916] ping.Client<Client:aa002#Client0>:INFO: ---------------Quorum Size-------------- 2
[2017-11-01 19:38:07,916] ping.Client<Client:aa002#Client0>:INFO: ---------------No. of countOfCorrectResults-------------- 2
[2017-11-01 19:38:07,919] ping.Client<Client:aa002#Client0>:INFO: --------------- Checking hash digests for results ---------------
[2017-11-01 19:38:07,920] ping.Client<Client:aa002#Client0>:INFO: ---------------Quorum Size-------------- 2
[2017-11-01 19:38:07,920] ping.Client<Client:aa002#Client0>:INFO: ---------------No. of countOfCorrectResults-------------- 3
[2017-11-01 19:38:07,920] ping.Client<Client:aa002#Client0>:INFO: --------------- Result Proof Verification check: % -------------- True
[2017-11-01 19:38:07,921] ping.Client<Client:aa002#Client0>:INFO: --------------- Client Dictionary Result: % -------------- 
[2017-11-01 19:38:07,921] ping.Client<Client:aa002#Client0>:INFO: --------------- Global Dictionary Result: % -------------- ['', 'star', '']
[2017-11-01 19:38:07,921] ping.Client<Client:aa002#Client0>:INFO: --------------- Result From Replica: % -------------- star
[2017-11-01 19:38:07,921] ping.Client<Client:aa002#Client0>:INFO: ---------------  RESULT IS ACCEPTED --------------
[2017-11-01 19:38:07,922] ping.Client<Client:aa002#Client0>:INFO: --------------- Received Data from global dictionary: % for key: % -------------- ['', 'star', ''] movie
[2017-11-01 19:38:07,922] ping.Client<Client:aa002#Client0>:INFO: --------------- Creating hash digest for result ---------------
[2017-11-01 19:38:07,922] ping.Client<Client:aa002#Client0>:INFO: --------------- Verifying result and signature of result statements --------------
[2017-11-01 19:38:07,925] ping.Client<Client:aa002#Client0>:INFO: --------------- Checking hash digests for results ---------------
[2017-11-01 19:38:07,925] ping.Client<Client:aa002#Client0>:INFO: ---------------Quorum Size-------------- 2
[2017-11-01 19:38:07,926] ping.Client<Client:aa002#Client0>:INFO: ---------------No. of countOfCorrectResults-------------- 1
[2017-11-01 19:38:07,928] ping.Client<Client:aa002#Client0>:INFO: --------------- Checking hash digests for results ---------------
[2017-11-01 19:38:07,928] ping.Client<Client:aa002#Client0>:INFO: ---------------Quorum Size-------------- 2
[2017-11-01 19:38:07,928] ping.Client<Client:aa002#Client0>:INFO: ---------------No. of countOfCorrectResults-------------- 2
[2017-11-01 19:38:07,930] ping.Client<Client:aa002#Client0>:INFO: --------------- Checking hash digests for results ---------------
[2017-11-01 19:38:07,930] ping.Client<Client:aa002#Client0>:INFO: ---------------Quorum Size-------------- 2
[2017-11-01 19:38:07,931] ping.Client<Client:aa002#Client0>:INFO: ---------------No. of countOfCorrectResults-------------- 3
[2017-11-01 19:38:07,931] ping.Client<Client:aa002#Client0>:INFO: --------------- Result Proof Verification check: % -------------- True
[2017-11-01 19:38:07,931] ping.Client<Client:aa002#Client0>:INFO: --------------- Client Dictionary Result: % -------------- 
[2017-11-01 19:38:07,931] ping.Client<Client:aa002#Client0>:INFO: --------------- Global Dictionary Result: % -------------- ['', 'star', '']
[2017-11-01 19:38:07,932] ping.Client<Client:aa002#Client0>:INFO: --------------- Result From Replica: % -------------- star
[2017-11-01 19:38:07,932] ping.Client<Client:aa002#Client0>:INFO: ---------------  RESULT IS ACCEPTED --------------
[2017-11-01 19:43:47,795] da.api<MainProcess>:INFO: Bootstrapping attempt failed due to BootstrapException('Unable to contact a peer node.',),  continuing as a master node (use '--master' to disable bootstrapping at startup).
[2017-11-01 19:43:47,795] da.api<MainProcess>:INFO: <Node_:Client0> initialized at 127.0.0.1:(UdpTransport=15000, TcpTransport=15000).
[2017-11-01 19:43:47,796] da.api<MainProcess>:INFO: Starting program <module 'ping' from 'C:\\Users\\SSDN-Dinesh\\Desktop\\SBU\\ASYNC\\BCR\\Asynchronous-Systems\\phase2\\ping.py'>...
[2017-11-01 19:43:47,796] da.api<MainProcess>:INFO: Running iteration 1 ...
[2017-11-01 19:43:47,797] da.api<MainProcess>:INFO: Waiting for remaining child processes to terminate...(Press "Ctrl-C" to force kill)
[2017-11-01 19:44:42,067] ping.Client<Client:5d002#Client0>:INFO: --------------- ENTERING Client:run ---------------
[2017-11-01 19:44:42,068] ping.Client<Client:5d002#Client0>:INFO: --------------- Requesting Configuration from Olympus---------------
[2017-11-01 19:44:42,797] ping.Client<Client:5d002#Client0>:INFO: --------------- Received Configuration from Olympus --------------
[2017-11-01 19:44:42,797] ping.Client<Client:5d002#Client0>:INFO: --------------- Generating Workload for client --------------
[2017-11-01 19:44:42,798] ping.Client<Client:5d002#Client0>:INFO: --------------- Operations for Client -------------- ["append('movie',' wars')", " get('movie')"]
[2017-11-01 19:44:42,798] ping.Client<Client:5d002#Client0>:INFO: --------------- Sending Request No: % :: Request Id: % -------------- 0 6809
[2017-11-01 19:44:42,799] ping.Client<Client:5d002#Client0>:INFO: --------------- Signing the request statement: -------------- b"append('movie',' wars')"
[2017-11-01 19:44:42,799] ping.Client<Client:5d002#Client0>:ERROR: TypeError('signTheStatement() takes 2 positional arguments but 3 were given',) when calling handler '_Client_handler_1585' with '{'p': <Olympus:be002#olympus>, 'Configuration': {0: ({<Replica:71002#Replica0>}, b'1ced247497b9037b019bba7b130ca1763bfa7fd7a1fb001dbf4f21e851dca943'), 1: ({<Replica:51002#Replica1>}, b'2c392f70a85d2e3f75cb1dfbe7c73d1191bd42497471e325efa3fea91a9109e7'), 2: ({<Replica:79002#Replica2>}, b'43db53db1b1839248cf441db4e1f919388e337c60bb385eacf7cdfab16861bbc')}}': signTheStatement() takes 2 positional arguments but 3 were given
[2017-11-01 19:44:56,059] da.common<MainProcess>:WARNING: Process name 'olympus#olympus' reassigned from ProcessId(uid=57de7e3f391731cae2001, seqno=1, pcls=Node_, name='olympus', nodename='olympus', hostname='127.0.0.1', transports=(39475, 21744)) to ProcessId(uid=57de7e4d3e580f895c001, seqno=1, pcls=Node_, name='olympus', nodename='olympus', hostname='127.0.0.1', transports=(14027, 20941)).
[2017-11-01 19:44:56,402] ping.Client<Client:5d003#Client0>:INFO: --------------- ENTERING Client:run ---------------
[2017-11-01 19:44:56,402] ping.Client<Client:5d003#Client0>:INFO: --------------- Requesting Configuration from Olympus---------------
[2017-11-01 19:44:57,059] ping.Client<Client:5d003#Client0>:INFO: --------------- Received Configuration from Olympus --------------
[2017-11-01 19:44:57,059] ping.Client<Client:5d003#Client0>:INFO: --------------- Generating Workload for client --------------
[2017-11-01 19:44:57,060] ping.Client<Client:5d003#Client0>:INFO: --------------- Operations for Client -------------- ["append('movie',' wars')", " get('movie')"]
[2017-11-01 19:44:57,060] ping.Client<Client:5d003#Client0>:INFO: --------------- Sending Request No: % :: Request Id: % -------------- 0 3929
[2017-11-01 19:44:57,061] ping.Client<Client:5d003#Client0>:INFO: --------------- Signing the request statement: -------------- b"append('movie',' wars')"
[2017-11-01 19:44:57,061] ping.Client<Client:5d003#Client0>:ERROR: TypeError('signTheStatement() takes 2 positional arguments but 3 were given',) when calling handler '_Client_handler_1585' with '{'p': <Olympus:31002#olympus>, 'Configuration': {0: ({<Replica:71003#Replica0>}, b'e7afd23d00cc9752c022312c95c3fc27fa3c547933db3ea2380ed286c2aa0a5a'), 1: ({<Replica:51003#Replica1>}, b'bb4626d87e1e946fd3a600f35c0ff2238ad1dac46906c4c0163e29ad1fe87b07'), 2: ({<Replica:79003#Replica2>}, b'd1bd2d1f41993d57490a186500988d8198a873bd70bec7fc1b500cf8456d4b01')}}': signTheStatement() takes 2 positional arguments but 3 were given
[2017-11-01 19:45:28,958] da.common<MainProcess>:WARNING: Process name 'olympus#olympus' reassigned from ProcessId(uid=57de7e4d3e580f895c001, seqno=1, pcls=Node_, name='olympus', nodename='olympus', hostname='127.0.0.1', transports=(14027, 20941)) to ProcessId(uid=57de7e6d5f39054cef001, seqno=1, pcls=Node_, name='olympus', nodename='olympus', hostname='127.0.0.1', transports=(39715, 38156)).
[2017-11-01 19:45:29,301] ping.Client<Client:5d004#Client0>:INFO: --------------- ENTERING Client:run ---------------
[2017-11-01 19:45:29,302] ping.Client<Client:5d004#Client0>:INFO: --------------- Requesting Configuration from Olympus---------------
[2017-11-01 19:45:30,017] ping.Client<Client:5d004#Client0>:INFO: --------------- Received Configuration from Olympus --------------
[2017-11-01 19:45:30,018] ping.Client<Client:5d004#Client0>:INFO: --------------- Generating Workload for client --------------
[2017-11-01 19:45:30,018] ping.Client<Client:5d004#Client0>:INFO: --------------- Operations for Client -------------- ["append('movie',' wars')", " get('movie')"]
[2017-11-01 19:45:30,019] ping.Client<Client:5d004#Client0>:INFO: --------------- Sending Request No: % :: Request Id: % -------------- 0 6617
[2017-11-01 19:45:30,019] ping.Client<Client:5d004#Client0>:INFO: --------------- Signing the request statement: -------------- b"append('movie',' wars')"
[2017-11-01 19:45:30,019] ping.Client<Client:5d004#Client0>:ERROR: TypeError('signTheStatement() takes 2 positional arguments but 3 were given',) when calling handler '_Client_handler_1585' with '{'p': <Olympus:c0002#olympus>, 'Configuration': {0: ({<Replica:71004#Replica0>}, b'0f6febbc6930e13e5a61f29fab882c7909c0414fcce91be6e88afc831d8d41d7'), 1: ({<Replica:51004#Replica1>}, b'fee954e702eef3d45676c5e2199899528cca5f3d1040471c7307dfb73be0cf45'), 2: ({<Replica:79004#Replica2>}, b'65ed2f05493a9fcff578b545656fbae58ec1b87f6d00a794ef75c5858cab0b21')}}': signTheStatement() takes 2 positional arguments but 3 were given
[2017-11-01 19:51:05,763] da.sim.Router<MainProcess>:INFO: Bootstrap succeeded using <UdpTransport(127.0.0.1:18924)>.
[2017-11-01 19:51:05,764] da.api<MainProcess>:INFO: <Node_:Client0> initialized at 127.0.0.1:(UdpTransport=18924, TcpTransport=25367).
[2017-11-01 19:51:05,764] da.api<MainProcess>:INFO: Starting program <module 'ping' from 'C:\\Users\\SSDN-Dinesh\\Desktop\\SBU\\ASYNC\\BCR\\Asynchronous-Systems\\phase3\\ping.py'>...
[2017-11-01 19:51:05,764] da.api<MainProcess>:INFO: Running iteration 1 ...
[2017-11-01 19:51:05,765] da.api<MainProcess>:INFO: Waiting for remaining child processes to terminate...(Press "Ctrl-C" to force kill)
[2017-11-01 19:52:07,747] ping.Client<Client:16002#Client0>:INFO: --------------- ENTERING Client:run ---------------
[2017-11-01 19:52:07,747] ping.Client<Client:16002#Client0>:INFO: --------------- Requesting Configuration from Olympus---------------
[2017-11-01 19:52:08,479] ping.Client<Client:16002#Client0>:INFO: --------------- Received Configuration from Olympus --------------
[2017-11-01 19:52:08,479] ping.Client<Client:16002#Client0>:INFO: --------------- Generating Workload for client --------------
[2017-11-01 19:52:08,480] ping.Client<Client:16002#Client0>:INFO: --------------- Operations for Client -------------- ["append('movie',' wars')", " get('movie')"]
[2017-11-01 19:52:08,480] ping.Client<Client:16002#Client0>:INFO: --------------- Sending Request No: % :: Request Id: % -------------- 0 9972
[2017-11-01 19:52:08,481] ping.Client<Client:16002#Client0>:INFO: --------------- Signing the request statement: -------------- b"append('movie',' wars')"
[2017-11-01 19:52:08,482] ping.Client<Client:16002#Client0>:INFO: --------------- Sending request to head --------------
[2017-11-01 19:52:08,483] ping.Client<Client:16002#Client0>:ERROR: AttributeError("'Utils' object has no attribute 'output'",) when calling handler '_Client_handler_1591' with '{'p': <Olympus:e3002#olympus>, 'Configuration': {0: ({<Replica:ba002#Replica0>}, b'2a3284cac7b6ebac9ab4c88ee33fa672fc4e6810ea2aae620c8787b3871afbc7'), 1: ({<Replica:ef002#Replica1>}, b'df3106617e5cf3176e829d18cc0f6a97f1dde49a813f41d588b65b790713342d'), 2: ({<Replica:95002#Replica2>}, b'16f9a0745e475ed0d8f4dcd4a89726a3b2fca6e8fa33d553294afc4d654c970d')}}': 'Utils' object has no attribute 'output'
[2017-11-01 19:57:48,025] da.sim.Router<MainProcess>:INFO: Bootstrap succeeded using <UdpTransport(127.0.0.1:26638)>.
[2017-11-01 19:57:48,026] da.api<MainProcess>:INFO: <Node_:Client0> initialized at 127.0.0.1:(UdpTransport=26638, TcpTransport=34460).
[2017-11-01 19:57:48,026] da.api<MainProcess>:INFO: Starting program <module 'ping' from 'C:\\Users\\SSDN-Dinesh\\Desktop\\SBU\\ASYNC\\BCR\\Asynchronous-Systems\\phase3\\ping.py'>...
[2017-11-01 19:57:48,026] da.api<MainProcess>:INFO: Running iteration 1 ...
[2017-11-01 19:57:48,027] da.api<MainProcess>:INFO: Waiting for remaining child processes to terminate...(Press "Ctrl-C" to force kill)
[2017-11-01 19:58:00,667] ping.Client<Client:bd002#Client0>:INFO: --------------- ENTERING Client:run ---------------
[2017-11-01 19:58:00,667] ping.Client<Client:bd002#Client0>:INFO: --------------- Requesting Configuration from Olympus---------------
[2017-11-01 19:59:37,709] da.sim.Router<MainProcess>:INFO: Bootstrap succeeded using <UdpTransport(127.0.0.1:39266)>.
[2017-11-01 19:59:37,709] da.api<MainProcess>:INFO: <Node_:Client0> initialized at 127.0.0.1:(UdpTransport=39266, TcpTransport=22370).
[2017-11-01 19:59:37,709] da.api<MainProcess>:INFO: Starting program <module 'ping' from 'C:\\Users\\SSDN-Dinesh\\Desktop\\SBU\\ASYNC\\BCR\\Asynchronous-Systems\\phase3\\ping.py'>...
[2017-11-01 19:59:37,710] da.api<MainProcess>:INFO: Running iteration 1 ...
[2017-11-01 19:59:37,711] da.api<MainProcess>:INFO: Waiting for remaining child processes to terminate...(Press "Ctrl-C" to force kill)
[2017-11-01 19:59:47,724] ping.Client<Client:67002#Client0>:INFO: --------------- ENTERING Client:run ---------------
[2017-11-01 19:59:47,725] ping.Client<Client:67002#Client0>:INFO: --------------- Requesting Configuration from Olympus---------------
[2017-11-01 19:59:47,917] ping.Client<Client:67002#Client0>:INFO: --------------- Received Configuration from Olympus --------------
[2017-11-01 19:59:47,917] ping.Client<Client:67002#Client0>:INFO: --------------- Generating Workload for client --------------
[2017-11-01 19:59:47,917] ping.Client<Client:67002#Client0>:INFO: --------------- Operations for Client -------------- ["append('movie',' wars')", " get('movie')"]
[2017-11-01 19:59:47,918] ping.Client<Client:67002#Client0>:INFO: --------------- Sending Request No: % :: Request Id: % -------------- 0 8209
[2017-11-01 19:59:47,918] ping.Client<Client:67002#Client0>:INFO: --------------- Signing the request statement: -------------- b"append('movie',' wars')"
[2017-11-01 19:59:47,919] ping.Client<Client:67002#Client0>:INFO: --------------- Sending request to head --------------
[2017-11-01 19:59:47,920] ping.Client<Client:67002#Client0>:ERROR: AttributeError("'Utils' object has no attribute 'output'",) when calling handler '_Client_handler_1589' with '{'p': <Olympus:65002#olympus>, 'Configuration': {0: ({<Replica:48002#Replica0>}, b'abfc06e2f1fa8adc34b7a39b17f62cd68a3b4b5ad0b818c01db9332139a226b6')}}': 'Utils' object has no attribute 'output'
[2017-11-01 20:05:07,696] da.api<MainProcess>:INFO: Bootstrapping attempt failed due to BootstrapException('Unable to contact a peer node.',),  continuing as a master node (use '--master' to disable bootstrapping at startup).
[2017-11-01 20:05:07,696] da.api<MainProcess>:INFO: <Node_:Client0> initialized at 127.0.0.1:(UdpTransport=15000, TcpTransport=15000).
[2017-11-01 20:05:07,697] da.api<MainProcess>:INFO: Starting program <module 'ping' from 'C:\\Users\\SSDN-Dinesh\\Desktop\\SBU\\ASYNC\\BCR\\Asynchronous-Systems\\phase3\\ping.py'>...
[2017-11-01 20:05:07,697] da.api<MainProcess>:INFO: Running iteration 1 ...
[2017-11-01 20:05:07,698] da.api<MainProcess>:INFO: Waiting for remaining child processes to terminate...(Press "Ctrl-C" to force kill)
[2017-11-01 20:05:23,878] ping.Client<Client:39002#Client0>:INFO: --------------- ENTERING Client:run ---------------
[2017-11-01 20:05:23,878] ping.Client<Client:39002#Client0>:INFO: --------------- Requesting Configuration from Olympus---------------
[2017-11-01 20:05:24,067] ping.Client<Client:39002#Client0>:INFO: --------------- Received Configuration from Olympus --------------
[2017-11-01 20:05:24,067] ping.Client<Client:39002#Client0>:INFO: --------------- Generating Workload for client --------------
[2017-11-01 20:05:24,068] ping.Client<Client:39002#Client0>:INFO: --------------- Operations for Client -------------- ["append('movie',' wars')", " get('movie')"]
[2017-11-01 20:05:24,069] ping.Client<Client:39002#Client0>:INFO: --------------- Sending Request No: % :: Request Id: % -------------- 0 8155
[2017-11-01 20:05:24,069] ping.Client<Client:39002#Client0>:INFO: --------------- Signing the request statement: -------------- b"append('movie',' wars')"
[2017-11-01 20:05:24,070] ping.Client<Client:39002#Client0>:INFO: --------------- Sending request to head --------------
[2017-11-01 20:05:24,070] ping.Client<Client:39002#Client0>:ERROR: AttributeError("'Utils' object has no attribute 'output'",) when calling handler '_Client_handler_1589' with '{'p': <Olympus:a7002#olympus>, 'Configuration': {0: ({<Replica:18002#Replica0>}, b'ad612847a07f07be13554e1c1e0cbf705bd6a7c017b75ae0de5992c609140e84')}}': 'Utils' object has no attribute 'output'
[2017-11-01 20:06:00,083] da.api<MainProcess>:INFO: Bootstrapping attempt failed due to BootstrapException('Unable to contact a peer node.',),  continuing as a master node (use '--master' to disable bootstrapping at startup).
[2017-11-01 20:06:00,084] da.api<MainProcess>:INFO: <Node_:Client0> initialized at 127.0.0.1:(UdpTransport=15000, TcpTransport=15000).
[2017-11-01 20:06:00,084] da.api<MainProcess>:INFO: Starting program <module 'ping' from 'C:\\Users\\SSDN-Dinesh\\Desktop\\SBU\\ASYNC\\BCR\\Asynchronous-Systems\\phase3\\ping.py'>...
[2017-11-01 20:06:00,084] da.api<MainProcess>:INFO: Running iteration 1 ...
[2017-11-01 20:06:00,085] da.api<MainProcess>:INFO: Waiting for remaining child processes to terminate...(Press "Ctrl-C" to force kill)
[2017-11-01 20:06:15,238] ping.Client<Client:d8002#Client0>:INFO: --------------- ENTERING Client:run ---------------
[2017-11-01 20:06:15,238] ping.Client<Client:d8002#Client0>:INFO: --------------- Requesting Configuration from Olympus---------------
[2017-11-01 20:06:15,454] ping.Client<Client:d8002#Client0>:INFO: --------------- Received Configuration from Olympus --------------
[2017-11-01 20:06:15,454] ping.Client<Client:d8002#Client0>:INFO: --------------- Generating Workload for client --------------
[2017-11-01 20:06:15,454] ping.Client<Client:d8002#Client0>:INFO: --------------- Operations for Client -------------- ["append('movie',' wars')", " get('movie')"]
[2017-11-01 20:06:15,455] ping.Client<Client:d8002#Client0>:INFO: --------------- Sending Request No: % :: Request Id: % -------------- 0 2920
[2017-11-01 20:06:15,455] ping.Client<Client:d8002#Client0>:INFO: --------------- Signing the request statement: -------------- b"append('movie',' wars')"
[2017-11-01 20:06:15,456] ping.Client<Client:d8002#Client0>:INFO: --------------- Sending request to head --------------
[2017-11-01 20:06:15,457] ping.Client<Client:d8002#Client0>:ERROR: AttributeError("'Utils' object has no attribute 'output'",) when calling handler '_Client_handler_1580' with '{'p': <Olympus:ce002#olympus>, 'Configuration': {0: ({<Replica:5c002#Replica0>}, b'82b3288f2c52110408a5d147124aff64591b3a395802fc82eb897a391ad48f9e')}}': 'Utils' object has no attribute 'output'
[2017-11-01 20:08:41,238] da.sim.Router<MainProcess>:INFO: Bootstrap succeeded using <UdpTransport(127.0.0.1:20563)>.
[2017-11-01 20:08:41,239] da.api<MainProcess>:INFO: <Node_:Client0> initialized at 127.0.0.1:(UdpTransport=20563, TcpTransport=36659).
[2017-11-01 20:08:41,239] da.api<MainProcess>:INFO: Starting program <module 'ping' from 'C:\\Users\\SSDN-Dinesh\\Desktop\\SBU\\ASYNC\\BCR\\Asynchronous-Systems\\phase3\\ping.py'>...
[2017-11-01 20:08:41,240] da.api<MainProcess>:INFO: Running iteration 1 ...
[2017-11-01 20:08:41,240] da.api<MainProcess>:INFO: Waiting for remaining child processes to terminate...(Press "Ctrl-C" to force kill)
[2017-11-01 20:08:48,206] ping.Client<Client:ae002#Client0>:INFO: --------------- ENTERING Client:run ---------------
[2017-11-01 20:08:48,206] ping.Client<Client:ae002#Client0>:INFO: --------------- Requesting Configuration from Olympus---------------
[2017-11-01 20:08:48,400] ping.Client<Client:ae002#Client0>:INFO: --------------- Received Configuration from Olympus --------------
[2017-11-01 20:08:48,401] ping.Client<Client:ae002#Client0>:INFO: --------------- Generating Workload for client --------------
[2017-11-01 20:08:48,401] ping.Client<Client:ae002#Client0>:INFO: --------------- Operations for Client -------------- ["append('movie',' wars')", " get('movie')"]
[2017-11-01 20:08:48,401] ping.Client<Client:ae002#Client0>:INFO: --------------- Sending Request No: % :: Request Id: % -------------- 0 4783
[2017-11-01 20:08:48,401] ping.Client<Client:ae002#Client0>:INFO: --------------- Signing the request statement: -------------- b"append('movie',' wars')"
[2017-11-01 20:08:48,402] ping.Client<Client:ae002#Client0>:INFO: --------------- Sending request to head --------------
[2017-11-01 20:08:48,403] ping.Client<Client:ae002#Client0>:INFO: --------------- Client updates its dictionary with: -------------- append movie wars
[2017-11-01 20:08:48,404] ping.Client<Client:ae002#Client0>:INFO: --------------- Executing Operation to updata client dictionary with: -------------- append 4783 wars movie
[2017-11-01 20:08:48,404] ping.Client<Client:ae002#Client0>:INFO: --------------- Result upon updating dictionary: -------------- fail
[2017-11-01 20:08:48,404] ping.Client<Client:ae002#Client0>:INFO: --------------- Waiting for Result -------------- 0 4783
[2017-11-01 20:08:58,406] ping.Client<Client:ae002#Client0>:INFO: --------------- TIMEOUT -------------- 0 4783
[2017-11-01 20:08:58,407] ping.Client<Client:ae002#Client0>:INFO: --------------- Sending Retransmission Request for Request No: % :: Request Id: % -------------- 0 4783
[2017-11-01 20:08:58,408] ping.Client<Client:ae002#Client0>:INFO: --------------- Signing the request statement: -------------- b"append('movie',' wars')"
[2017-11-01 20:08:58,412] ping.Client<Client:ae002#Client0>:INFO: --------------- Sending Retransmission request to all replicas --------------
[2017-11-01 20:08:58,414] ping.Client<Client:ae002#Client0>:INFO: --------------- Sending Request No: % :: Request Id: % -------------- 1 1091
[2017-11-01 20:08:58,417] ping.Client<Client:ae002#Client0>:INFO: --------------- Signing the request statement: -------------- b"get('movie')"
[2017-11-01 20:08:58,430] ping.Client<Client:ae002#Client0>:INFO: --------------- Sending request to head --------------
[2017-11-01 20:08:58,440] ping.Client<Client:ae002#Client0>:INFO: --------------- Client updates its dictionary with: -------------- get movie 
[2017-11-01 20:08:58,443] ping.Client<Client:ae002#Client0>:INFO: --------------- Executing Operation to updata client dictionary with: -------------- get 1091  movie
[2017-11-01 20:08:58,446] ping.Client<Client:ae002#Client0>:INFO: --------------- Result upon updating dictionary: -------------- 
[2017-11-01 20:08:58,452] ping.Client<Client:ae002#Client0>:INFO: --------------- Waiting for Result -------------- 1 1091
[2017-11-01 20:09:08,455] ping.Client<Client:ae002#Client0>:INFO: --------------- TIMEOUT -------------- 1 1091
[2017-11-01 20:09:08,456] ping.Client<Client:ae002#Client0>:INFO: --------------- Sending Retransmission Request for Request No: % :: Request Id: % -------------- 1 1091
[2017-11-01 20:09:08,457] ping.Client<Client:ae002#Client0>:INFO: --------------- Signing the request statement: -------------- b"get('movie')"
[2017-11-01 20:09:08,462] ping.Client<Client:ae002#Client0>:INFO: --------------- Sending Retransmission request to all replicas --------------
