[2017-10-22 23:31:12,838] da.api<MainProcess>:INFO: Bootstrapping attempt failed due to BootstrapException('Unable to contact a peer node.',),  continuing as a master node (use '--master' to disable bootstrapping at startup).
[2017-10-22 23:31:12,838] da.api<MainProcess>:INFO: <Node_:Client0> initialized at 127.0.0.1:(UdpTransport=15000, TcpTransport=15000).
[2017-10-22 23:31:12,838] da.api<MainProcess>:INFO: Starting program <module 'ping' from 'C:\\Users\\SSDN-Dinesh\\Desktop\\SBU\\ASYNC\\BCR\\Asynchronous-Systems\\phase2\\ping.py'>...
[2017-10-22 23:31:12,839] da.api<MainProcess>:INFO: Running iteration 1 ...
[2017-10-22 23:31:12,839] da.api<MainProcess>:INFO: Waiting for remaining child processes to terminate...(Press "Ctrl-C" to force kill)
[2017-10-22 23:31:21,654] ping.Client<Client:97002#Client0>:INFO: --------------- ENTERING Client:run ---------------
[2017-10-22 23:31:21,654] ping.Client<Client:97002#Client0>:INFO: --------------- Requesting Configuration from Olympus---------------
[2017-10-22 23:31:22,157] ping.Client<Client:97002#Client0>:INFO: --------------- Received Configuration from Olympus --------------
[2017-10-22 23:31:22,157] ping.Client<Client:97002#Client0>:INFO: --------------- Generating Workload for client --------------
[2017-10-22 23:31:22,157] ping.Client<Client:97002#Client0>:INFO: --------------- Operations for Client -------------- ["put('movie','star')", " get('movie')", " append('movie','star')"]
[2017-10-22 23:31:22,157] ping.Client<Client:97002#Client0>:INFO: --------------- Sending Request No: % :: Request Id: % -------------- 0 6324
[2017-10-22 23:31:22,158] ping.Client<Client:97002#Client0>:INFO: --------------- Signing the request statement: -------------- b"put('movie','star')"
[2017-10-22 23:31:22,158] ping.Client<Client:97002#Client0>:INFO: --------------- Sending request to head --------------
[2017-10-22 23:31:22,159] ping.Client<Client:97002#Client0>:INFO: --------------- Parsing the unsigned statement --------------
[2017-10-22 23:31:22,159] ping.Client<Client:97002#Client0>:INFO: --------------- Client updates its dictionary with: -------------- put movie star
[2017-10-22 23:31:22,160] ping.Client<Client:97002#Client0>:INFO: --------------- Executing Operation to updata client dictionary with: -------------- put 6324 star movie
[2017-10-22 23:31:22,160] ping.Client<Client:97002#Client0>:INFO: --------------- Result upon updating dictionary: -------------- OK
[2017-10-22 23:31:22,160] ping.Client<Client:97002#Client0>:INFO: --------------- Waiting for Result -------------- 0 6324
[2017-10-22 23:31:22,196] ping.Client<Client:97002#Client0>:INFO: --------------- Received Result Shuttle --------------
[2017-10-22 23:31:22,196] ping.Client<Client:97002#Client0>:INFO: --------------- Checking result against expected result --------------
[2017-10-22 23:31:22,196] ping.Client<Client:97002#Client0>:INFO: --------------- Result in Client Dictionary: -------------- OK
[2017-10-22 23:31:22,196] ping.Client<Client:97002#Client0>:INFO: --------------- Get Data in global dictionary from olympus for Key: % with ID -------------- movie 7014
[2017-10-22 23:31:22,199] ping.Client<Client:97002#Client0>:INFO: --------------- Received Data from global dictionary: % for key: % -------------- ['OK', 'star'] movie
[2017-10-22 23:31:22,199] ping.Client<Client:97002#Client0>:INFO: --------------- Creating hash digest for result ---------------
[2017-10-22 23:31:22,199] ping.Client<Client:97002#Client0>:INFO: --------------- Verifying result and signature of result statements --------------
[2017-10-22 23:31:22,202] ping.Client<Client:97002#Client0>:INFO: --------------- Checking hash digests for results ---------------
[2017-10-22 23:31:22,202] ping.Client<Client:97002#Client0>:INFO: ---------------Quorum Size-------------- 2
[2017-10-22 23:31:22,202] ping.Client<Client:97002#Client0>:INFO: ---------------No. of countOfCorrectResults-------------- 1
[2017-10-22 23:31:22,205] ping.Client<Client:97002#Client0>:INFO: --------------- Checking hash digests for results ---------------
[2017-10-22 23:31:22,205] ping.Client<Client:97002#Client0>:INFO: ---------------Quorum Size-------------- 2
[2017-10-22 23:31:22,205] ping.Client<Client:97002#Client0>:INFO: ---------------No. of countOfCorrectResults-------------- 2
[2017-10-22 23:31:22,207] ping.Client<Client:97002#Client0>:INFO: --------------- Checking hash digests for results ---------------
[2017-10-22 23:31:22,207] ping.Client<Client:97002#Client0>:INFO: ---------------Quorum Size-------------- 2
[2017-10-22 23:31:22,207] ping.Client<Client:97002#Client0>:INFO: ---------------No. of countOfCorrectResults-------------- 3
[2017-10-22 23:31:22,207] ping.Client<Client:97002#Client0>:INFO: --------------- Result Proof Verification check: % -------------- True
[2017-10-22 23:31:22,208] ping.Client<Client:97002#Client0>:INFO: --------------- Client Dictionary Result: % -------------- OK
[2017-10-22 23:31:22,208] ping.Client<Client:97002#Client0>:INFO: --------------- Global Dictionary Result: % -------------- ['OK', 'star']
[2017-10-22 23:31:22,208] ping.Client<Client:97002#Client0>:INFO: --------------- Result From Replica: % -------------- OK
[2017-10-22 23:31:22,208] ping.Client<Client:97002#Client0>:INFO: --------------- CLIENT ACCEPTS THE RESULT --------------
[2017-10-22 23:31:22,208] ping.Client<Client:97002#Client0>:INFO: --------------- Sending Request No: % :: Request Id: % -------------- 1 459
[2017-10-22 23:31:22,208] ping.Client<Client:97002#Client0>:INFO: --------------- Signing the request statement: -------------- b"get('movie')"
[2017-10-22 23:31:22,209] ping.Client<Client:97002#Client0>:INFO: --------------- Sending request to head --------------
[2017-10-22 23:31:22,209] ping.Client<Client:97002#Client0>:INFO: --------------- Parsing the unsigned statement --------------
[2017-10-22 23:31:22,209] ping.Client<Client:97002#Client0>:INFO: --------------- Client updates its dictionary with: -------------- get movie 
[2017-10-22 23:31:22,209] ping.Client<Client:97002#Client0>:INFO: --------------- Executing Operation to updata client dictionary with: -------------- get 459  movie
[2017-10-22 23:31:22,210] ping.Client<Client:97002#Client0>:INFO: --------------- Result upon updating dictionary: -------------- star
[2017-10-22 23:31:22,210] ping.Client<Client:97002#Client0>:INFO: --------------- Waiting for Result -------------- 1 459
[2017-10-22 23:31:22,259] ping.Client<Client:97002#Client0>:INFO: --------------- Received Result Shuttle --------------
[2017-10-22 23:31:22,259] ping.Client<Client:97002#Client0>:INFO: --------------- Checking result against expected result --------------
[2017-10-22 23:31:22,259] ping.Client<Client:97002#Client0>:INFO: --------------- Result in Client Dictionary: -------------- star
[2017-10-22 23:31:22,259] ping.Client<Client:97002#Client0>:INFO: --------------- Get Data in global dictionary from olympus for Key: % with ID -------------- movie 6231
[2017-10-22 23:31:22,261] ping.Client<Client:97002#Client0>:INFO: --------------- Received Data from global dictionary: % for key: % -------------- ['', 'star', ''] movie
[2017-10-22 23:31:22,262] ping.Client<Client:97002#Client0>:INFO: --------------- Creating hash digest for result ---------------
[2017-10-22 23:31:22,262] ping.Client<Client:97002#Client0>:INFO: --------------- Verifying result and signature of result statements --------------
[2017-10-22 23:31:22,264] ping.Client<Client:97002#Client0>:INFO: --------------- Checking hash digests for results ---------------
[2017-10-22 23:31:22,264] ping.Client<Client:97002#Client0>:INFO: ---------------Quorum Size-------------- 2
[2017-10-22 23:31:22,265] ping.Client<Client:97002#Client0>:INFO: ---------------No. of countOfCorrectResults-------------- 1
[2017-10-22 23:31:22,267] ping.Client<Client:97002#Client0>:INFO: --------------- Checking hash digests for results ---------------
[2017-10-22 23:31:22,268] ping.Client<Client:97002#Client0>:INFO: ---------------Quorum Size-------------- 2
[2017-10-22 23:31:22,268] ping.Client<Client:97002#Client0>:INFO: ---------------No. of countOfCorrectResults-------------- 2
[2017-10-22 23:31:22,270] ping.Client<Client:97002#Client0>:INFO: --------------- Checking hash digests for results ---------------
[2017-10-22 23:31:22,271] ping.Client<Client:97002#Client0>:INFO: ---------------Quorum Size-------------- 2
[2017-10-22 23:31:22,271] ping.Client<Client:97002#Client0>:INFO: ---------------No. of countOfCorrectResults-------------- 3
[2017-10-22 23:31:22,271] ping.Client<Client:97002#Client0>:INFO: --------------- Result Proof Verification check: % -------------- True
[2017-10-22 23:31:22,271] ping.Client<Client:97002#Client0>:INFO: --------------- Client Dictionary Result: % -------------- star
[2017-10-22 23:31:22,271] ping.Client<Client:97002#Client0>:INFO: --------------- Global Dictionary Result: % -------------- ['', 'star', '']
[2017-10-22 23:31:22,272] ping.Client<Client:97002#Client0>:INFO: --------------- Result From Replica: % -------------- star
[2017-10-22 23:31:22,272] ping.Client<Client:97002#Client0>:INFO: --------------- CLIENT ACCEPTS THE RESULT --------------
[2017-10-22 23:31:22,272] ping.Client<Client:97002#Client0>:INFO: --------------- Sending Request No: % :: Request Id: % -------------- 2 2392
[2017-10-22 23:31:22,272] ping.Client<Client:97002#Client0>:INFO: --------------- Signing the request statement: -------------- b"append('movie','star')"
[2017-10-22 23:31:22,273] ping.Client<Client:97002#Client0>:INFO: --------------- Sending request to head --------------
[2017-10-22 23:31:22,273] ping.Client<Client:97002#Client0>:INFO: --------------- Parsing the unsigned statement --------------
[2017-10-22 23:31:22,274] ping.Client<Client:97002#Client0>:INFO: --------------- Client updates its dictionary with: -------------- append movie star
[2017-10-22 23:31:22,274] ping.Client<Client:97002#Client0>:INFO: --------------- Executing Operation to updata client dictionary with: -------------- append 2392 star movie
[2017-10-22 23:31:22,274] ping.Client<Client:97002#Client0>:INFO: --------------- Result upon updating dictionary: -------------- OK
[2017-10-22 23:31:22,274] ping.Client<Client:97002#Client0>:INFO: --------------- Waiting for Result -------------- 2 2392
[2017-10-22 23:31:22,312] ping.Client<Client:97002#Client0>:INFO: --------------- Received Result Shuttle --------------
[2017-10-22 23:31:22,312] ping.Client<Client:97002#Client0>:INFO: --------------- Checking result against expected result --------------
[2017-10-22 23:31:22,312] ping.Client<Client:97002#Client0>:INFO: --------------- Result in Client Dictionary: -------------- OK
[2017-10-22 23:31:22,312] ping.Client<Client:97002#Client0>:INFO: --------------- Get Data in global dictionary from olympus for Key: % with ID -------------- movie 6205
[2017-10-22 23:31:22,314] ping.Client<Client:97002#Client0>:INFO: --------------- Received Data from global dictionary: % for key: % -------------- ['OK', 'starstar'] movie
[2017-10-22 23:31:22,316] ping.Client<Client:97002#Client0>:INFO: --------------- Creating hash digest for result ---------------
[2017-10-22 23:31:22,316] ping.Client<Client:97002#Client0>:INFO: --------------- Verifying result and signature of result statements --------------
[2017-10-22 23:31:22,319] ping.Client<Client:97002#Client0>:INFO: --------------- Checking hash digests for results ---------------
[2017-10-22 23:31:22,320] ping.Client<Client:97002#Client0>:INFO: ---------------Quorum Size-------------- 2
[2017-10-22 23:31:22,320] ping.Client<Client:97002#Client0>:INFO: ---------------No. of countOfCorrectResults-------------- 1
[2017-10-22 23:31:22,323] ping.Client<Client:97002#Client0>:INFO: --------------- Checking hash digests for results ---------------
[2017-10-22 23:31:22,323] ping.Client<Client:97002#Client0>:INFO: ---------------Quorum Size-------------- 2
[2017-10-22 23:31:22,323] ping.Client<Client:97002#Client0>:INFO: ---------------No. of countOfCorrectResults-------------- 2
[2017-10-22 23:31:22,326] ping.Client<Client:97002#Client0>:INFO: --------------- Checking hash digests for results ---------------
[2017-10-22 23:31:22,326] ping.Client<Client:97002#Client0>:INFO: ---------------Quorum Size-------------- 2
[2017-10-22 23:31:22,326] ping.Client<Client:97002#Client0>:INFO: ---------------No. of countOfCorrectResults-------------- 3
[2017-10-22 23:31:22,326] ping.Client<Client:97002#Client0>:INFO: --------------- Result Proof Verification check: % -------------- True
[2017-10-22 23:31:22,327] ping.Client<Client:97002#Client0>:INFO: --------------- Client Dictionary Result: % -------------- OK
[2017-10-22 23:31:22,327] ping.Client<Client:97002#Client0>:INFO: --------------- Global Dictionary Result: % -------------- ['OK', 'starstar']
[2017-10-22 23:31:22,327] ping.Client<Client:97002#Client0>:INFO: --------------- Result From Replica: % -------------- OK
[2017-10-22 23:31:22,327] ping.Client<Client:97002#Client0>:INFO: --------------- CLIENT ACCEPTS THE RESULT --------------
