[2017-10-22 23:31:16,912] da.sim.Router<MainProcess>:INFO: Bootstrap succeeded using <UdpTransport(127.0.0.1:35337)>.
[2017-10-22 23:31:16,912] da.api<MainProcess>:INFO: <Node_:Replica1> initialized at 127.0.0.1:(UdpTransport=35337, TcpTransport=36836).
[2017-10-22 23:31:16,912] da.api<MainProcess>:INFO: Starting program <module 'ping' from 'C:\\Users\\SSDN-Dinesh\\Desktop\\SBU\\ASYNC\\BCR\\Asynchronous-Systems\\phase2\\ping.py'>...
[2017-10-22 23:31:16,913] da.api<MainProcess>:INFO: Running iteration 1 ...
[2017-10-22 23:31:16,913] da.api<MainProcess>:INFO: Waiting for remaining child processes to terminate...(Press "Ctrl-C" to force kill)
[2017-10-22 23:31:22,150] ping.Replica<Replica:57002#Replica1>:INFO: --------------- Entering Replica Run: --------------
[2017-10-22 23:31:22,150] ping.Replica<Replica:57002#Replica1>:INFO: --------------- Getting Failures for Replica : --------------
[2017-10-22 23:31:22,151] ping.Replica<Replica:57002#Replica1>:INFO: --------------- Creating Failure Trigger and Failure Action Mapping: --------------
[2017-10-22 23:31:22,151] ping.Replica<Replica:57002#Replica1>:INFO: --------------- Failures for Replica: -------------- Failures
[2017-10-22 23:31:22,151] ping.Replica<Replica:57002#Replica1>:INFO: {'result_shuttle(0,1)': 'drop_result_stmt()'}
[2017-10-22 23:31:22,167] ping.Replica<Replica:57002#Replica1>:INFO: --------------------- Replica:receives:signedRequestStatement from previous replica -----------------------
[2017-10-22 23:31:22,167] ping.Replica<Replica:57002#Replica1>:INFO: --------------------- Received Request message number:[0 ; client Id: [0] ; request Id: [6324]-----------------------
[2017-10-22 23:31:22,169] ping.Replica<Replica:57002#Replica1>:INFO: --------------------- Unsigned Statement from client ----------------------- b"put('movie','star')"
[2017-10-22 23:31:22,170] ping.Replica<Replica:57002#Replica1>:INFO: --------------- Parsing the unsigned statement --------------
[2017-10-22 23:31:22,170] ping.Replica<Replica:57002#Replica1>:INFO: --------------- Check for Result Proof Integrity:[Result-Statements:Signatures] and Result--------------
[2017-10-22 23:31:22,172] ping.Replica<Replica:57002#Replica1>:INFO: --------------------- Verifying Order Proofs ----------------------- True
[2017-10-22 23:31:22,172] ping.Replica<Replica:57002#Replica1>:INFO: --------------- Verifying:[Result-Statements:Signatures] --------------
[2017-10-22 23:31:22,174] ping.Replica<Replica:57002#Replica1>:INFO: --------------------- Verifying Result Proofs ----------------------- True
[2017-10-22 23:31:22,174] ping.Replica<Replica:57002#Replica1>:INFO: --------------------- Checking for failures -----------------------
[2017-10-22 23:31:22,174] ping.Replica<Replica:57002#Replica1>:INFO: --------------- Get Failure Action --------------
[2017-10-22 23:31:22,174] ping.Replica<Replica:57002#Replica1>:INFO: --------------------- Failure Check:[notFound] Failure action:None-----------------------
[2017-10-22 23:31:22,175] ping.Replica<Replica:57002#Replica1>:INFO: --------------- Check for <Slot,Operation> Integrity--------------
[2017-10-22 23:31:22,175] ping.Replica<Replica:57002#Replica1>:INFO: --------------- Check for holes in Replica history --------------
[2017-10-22 23:31:22,175] ping.Replica<Replica:57002#Replica1>:INFO: --------------------- Slot Consistency: false Holes Found: False--------------------
[2017-10-22 23:31:22,175] ping.Replica<Replica:57002#Replica1>:INFO: --------------- Executing Operation to updata client dictionary with: --------------
[2017-10-22 23:31:22,175] ping.Replica<Replica:57002#Replica1>:INFO: --------------------- Failure Check:[notFound] Failure action:None-----------------------
[2017-10-22 23:31:22,175] ping.Replica<Replica:57002#Replica1>:INFO: --- Create Signed Order Statement and Result Statement with: slot: 0, operation: b"put('movie','star')", resultOK--------------
[2017-10-22 23:31:22,176] ping.Replica<Replica:57002#Replica1>:INFO: --------------- Creating hash digest for result ---------------
[2017-10-22 23:31:22,177] ping.Replica<Replica:57002#Replica1>:INFO: --------------------- Failure Check:[notFound] Failure action:None-----------------------
[2017-10-22 23:31:22,177] ping.Replica<Replica:57002#Replica1>:INFO: --------------------- Data in Client Dictionary  {'movie': 'star'}
[2017-10-22 23:31:22,177] ping.Replica<Replica:57002#Replica1>:INFO: -------------------------- Append to Replica History slot:0 operation:b"put('movie','star')" request Id:6324 --------------
[2017-10-22 23:31:22,177] ping.Replica<Replica:57002#Replica1>:INFO: --------------------- Creating Shuttle -----------------------
[2017-10-22 23:31:22,177] ping.Replica<Replica:57002#Replica1>:INFO: --------------------- Sending Statement:: message number0 from client: 0 to Next Replica -----------------------
[2017-10-22 23:31:22,196] ping.Replica<Replica:57002#Replica1>:INFO: -------------------- Received Result Shuttle from Next Replica -------------------------
[2017-10-22 23:31:22,196] ping.Replica<Replica:57002#Replica1>:INFO: --------------------- Received Result Shuttle: Result Shuttle No.0 for Client [0]-----------------------
[2017-10-22 23:31:22,197] ping.Replica<Replica:57002#Replica1>:OUTPUT: receivedResult OK
[2017-10-22 23:31:22,197] ping.Replica<Replica:57002#Replica1>:INFO: --------------- Creating hash digest for result ---------------
[2017-10-22 23:31:22,197] ping.Replica<Replica:57002#Replica1>:INFO: --------------- Check for Result Proof Integrity:[Result-Statements:Signatures] and Result--------------
[2017-10-22 23:31:22,200] ping.Replica<Replica:57002#Replica1>:INFO: --------------- Checking hash digests for results ---------------
[2017-10-22 23:31:22,202] ping.Replica<Replica:57002#Replica1>:INFO: --------------- Checking hash digests for results ---------------
[2017-10-22 23:31:22,205] ping.Replica<Replica:57002#Replica1>:INFO: --------------- Checking hash digests for results ---------------
[2017-10-22 23:31:22,206] ping.Replica<Replica:57002#Replica1>:INFO: --------------- Get Failure Action --------------
[2017-10-22 23:31:22,206] ping.Replica<Replica:57002#Replica1>:INFO: --------------------- Failure Check:[notFound] Failure action:None-----------------------
[2017-10-22 23:31:22,206] ping.Replica<Replica:57002#Replica1>:INFO: --------------------- Failure Check:[notFound] Failure action:None-----------------------
[2017-10-22 23:31:22,206] ping.Replica<Replica:57002#Replica1>:INFO: --------------- Append Result to Result Cache --------------
[2017-10-22 23:31:22,206] ping.Replica<Replica:57002#Replica1>:INFO: --------------------- Sending ResultShuttle: No:[0] to Previous Replica: [0] -----------------------
[2017-10-22 23:31:22,227] ping.Replica<Replica:57002#Replica1>:INFO: --------------------- Replica:receives:signedRequestStatement from previous replica -----------------------
[2017-10-22 23:31:22,227] ping.Replica<Replica:57002#Replica1>:INFO: --------------------- Received Request message number:[1 ; client Id: [0] ; request Id: [459]-----------------------
[2017-10-22 23:31:22,229] ping.Replica<Replica:57002#Replica1>:INFO: --------------------- Unsigned Statement from client ----------------------- b"get('movie')"
[2017-10-22 23:31:22,229] ping.Replica<Replica:57002#Replica1>:INFO: --------------- Parsing the unsigned statement --------------
[2017-10-22 23:31:22,230] ping.Replica<Replica:57002#Replica1>:INFO: --------------- Check for Result Proof Integrity:[Result-Statements:Signatures] and Result--------------
[2017-10-22 23:31:22,232] ping.Replica<Replica:57002#Replica1>:INFO: --------------------- Verifying Order Proofs ----------------------- True
[2017-10-22 23:31:22,232] ping.Replica<Replica:57002#Replica1>:INFO: --------------- Verifying:[Result-Statements:Signatures] --------------
[2017-10-22 23:31:22,235] ping.Replica<Replica:57002#Replica1>:INFO: --------------------- Verifying Result Proofs ----------------------- True
[2017-10-22 23:31:22,235] ping.Replica<Replica:57002#Replica1>:INFO: --------------------- Checking for failures -----------------------
[2017-10-22 23:31:22,235] ping.Replica<Replica:57002#Replica1>:INFO: --------------- Get Failure Action --------------
[2017-10-22 23:31:22,235] ping.Replica<Replica:57002#Replica1>:INFO: --------------------- Failure Check:[notFound] Failure action:None-----------------------
[2017-10-22 23:31:22,236] ping.Replica<Replica:57002#Replica1>:INFO: --------------- Check for <Slot,Operation> Integrity--------------
[2017-10-22 23:31:22,236] ping.Replica<Replica:57002#Replica1>:INFO: --------------- Check for holes in Replica history --------------
[2017-10-22 23:31:22,236] ping.Replica<Replica:57002#Replica1>:INFO: --------------------- Slot Consistency: false Holes Found: False--------------------
[2017-10-22 23:31:22,236] ping.Replica<Replica:57002#Replica1>:INFO: --------------- Executing Operation to updata client dictionary with: --------------
[2017-10-22 23:31:22,236] ping.Replica<Replica:57002#Replica1>:INFO: --------------------- Failure Check:[notFound] Failure action:None-----------------------
[2017-10-22 23:31:22,237] ping.Replica<Replica:57002#Replica1>:INFO: --- Create Signed Order Statement and Result Statement with: slot: 1, operation: b"get('movie')", resultstar--------------
[2017-10-22 23:31:22,237] ping.Replica<Replica:57002#Replica1>:INFO: --------------- Creating hash digest for result ---------------
[2017-10-22 23:31:22,240] ping.Replica<Replica:57002#Replica1>:INFO: --------------------- Failure Check:[notFound] Failure action:None-----------------------
[2017-10-22 23:31:22,240] ping.Replica<Replica:57002#Replica1>:INFO: --------------------- Data in Client Dictionary  {'movie': 'star'}
[2017-10-22 23:31:22,241] ping.Replica<Replica:57002#Replica1>:INFO: -------------------------- Append to Replica History slot:1 operation:b"get('movie')" request Id:459 --------------
[2017-10-22 23:31:22,241] ping.Replica<Replica:57002#Replica1>:INFO: --------------------- Creating Shuttle -----------------------
[2017-10-22 23:31:22,241] ping.Replica<Replica:57002#Replica1>:INFO: --------------------- Sending Statement:: message number1 from client: 0 to Next Replica -----------------------
[2017-10-22 23:31:22,259] ping.Replica<Replica:57002#Replica1>:INFO: -------------------- Received Result Shuttle from Next Replica -------------------------
[2017-10-22 23:31:22,260] ping.Replica<Replica:57002#Replica1>:INFO: --------------------- Received Result Shuttle: Result Shuttle No.1 for Client [0]-----------------------
[2017-10-22 23:31:22,260] ping.Replica<Replica:57002#Replica1>:OUTPUT: receivedResult star
[2017-10-22 23:31:22,260] ping.Replica<Replica:57002#Replica1>:INFO: --------------- Creating hash digest for result ---------------
[2017-10-22 23:31:22,260] ping.Replica<Replica:57002#Replica1>:INFO: --------------- Check for Result Proof Integrity:[Result-Statements:Signatures] and Result--------------
[2017-10-22 23:31:22,262] ping.Replica<Replica:57002#Replica1>:INFO: --------------- Checking hash digests for results ---------------
[2017-10-22 23:31:22,265] ping.Replica<Replica:57002#Replica1>:INFO: --------------- Checking hash digests for results ---------------
[2017-10-22 23:31:22,268] ping.Replica<Replica:57002#Replica1>:INFO: --------------- Checking hash digests for results ---------------
[2017-10-22 23:31:22,268] ping.Replica<Replica:57002#Replica1>:INFO: --------------- Get Failure Action --------------
[2017-10-22 23:31:22,268] ping.Replica<Replica:57002#Replica1>:INFO: --------------------- Failure Check:[foundFailure] Failure action:drop_result_stmt()-----------------------
[2017-10-22 23:31:22,268] ping.Replica<Replica:57002#Replica1>:INFO: --------------------- Failure Check:[foundFailure] Failure action:drop_result_stmt()-----------------------
[2017-10-22 23:31:22,268] ping.Replica<Replica:57002#Replica1>:INFO: --------------- Dropping Heads Result Statement --------------
[2017-10-22 23:31:22,271] ping.Replica<Replica:57002#Replica1>:INFO: --------------- Append Result to Result Cache --------------
[2017-10-22 23:31:22,271] ping.Replica<Replica:57002#Replica1>:INFO: --------------------- Sending ResultShuttle: No:[1] to Previous Replica: [0] -----------------------
[2017-10-22 23:31:22,283] ping.Replica<Replica:57002#Replica1>:INFO: --------------------- Replica:receives:signedRequestStatement from previous replica -----------------------
[2017-10-22 23:31:22,283] ping.Replica<Replica:57002#Replica1>:INFO: --------------------- Received Request message number:[2 ; client Id: [0] ; request Id: [2392]-----------------------
[2017-10-22 23:31:22,287] ping.Replica<Replica:57002#Replica1>:INFO: --------------------- Unsigned Statement from client ----------------------- b"append('movie','star')"
[2017-10-22 23:31:22,287] ping.Replica<Replica:57002#Replica1>:INFO: --------------- Parsing the unsigned statement --------------
[2017-10-22 23:31:22,287] ping.Replica<Replica:57002#Replica1>:INFO: --------------- Check for Result Proof Integrity:[Result-Statements:Signatures] and Result--------------
[2017-10-22 23:31:22,290] ping.Replica<Replica:57002#Replica1>:INFO: --------------------- Verifying Order Proofs ----------------------- True
[2017-10-22 23:31:22,290] ping.Replica<Replica:57002#Replica1>:INFO: --------------- Verifying:[Result-Statements:Signatures] --------------
[2017-10-22 23:31:22,293] ping.Replica<Replica:57002#Replica1>:INFO: --------------------- Verifying Result Proofs ----------------------- True
[2017-10-22 23:31:22,293] ping.Replica<Replica:57002#Replica1>:INFO: --------------------- Checking for failures -----------------------
[2017-10-22 23:31:22,293] ping.Replica<Replica:57002#Replica1>:INFO: --------------- Get Failure Action --------------
[2017-10-22 23:31:22,293] ping.Replica<Replica:57002#Replica1>:INFO: --------------------- Failure Check:[notFound] Failure action:None-----------------------
[2017-10-22 23:31:22,293] ping.Replica<Replica:57002#Replica1>:INFO: --------------- Check for <Slot,Operation> Integrity--------------
[2017-10-22 23:31:22,293] ping.Replica<Replica:57002#Replica1>:INFO: --------------- Check for holes in Replica history --------------
[2017-10-22 23:31:22,293] ping.Replica<Replica:57002#Replica1>:INFO: --------------------- Slot Consistency: false Holes Found: False--------------------
[2017-10-22 23:31:22,294] ping.Replica<Replica:57002#Replica1>:INFO: --------------- Executing Operation to updata client dictionary with: --------------
[2017-10-22 23:31:22,294] ping.Replica<Replica:57002#Replica1>:INFO: --------------------- Failure Check:[notFound] Failure action:None-----------------------
[2017-10-22 23:31:22,294] ping.Replica<Replica:57002#Replica1>:INFO: --- Create Signed Order Statement and Result Statement with: slot: 2, operation: b"append('movie','star')", resultOK--------------
[2017-10-22 23:31:22,295] ping.Replica<Replica:57002#Replica1>:INFO: --------------- Creating hash digest for result ---------------
[2017-10-22 23:31:22,295] ping.Replica<Replica:57002#Replica1>:INFO: --------------------- Failure Check:[notFound] Failure action:None-----------------------
[2017-10-22 23:31:22,295] ping.Replica<Replica:57002#Replica1>:INFO: --------------------- Data in Client Dictionary  {'movie': 'starstar'}
[2017-10-22 23:31:22,296] ping.Replica<Replica:57002#Replica1>:INFO: -------------------------- Append to Replica History slot:2 operation:b"append('movie','star')" request Id:2392 --------------
[2017-10-22 23:31:22,296] ping.Replica<Replica:57002#Replica1>:INFO: --------------------- Creating Shuttle -----------------------
[2017-10-22 23:31:22,296] ping.Replica<Replica:57002#Replica1>:INFO: --------------------- Sending Statement:: message number2 from client: 0 to Next Replica -----------------------
[2017-10-22 23:31:22,312] ping.Replica<Replica:57002#Replica1>:INFO: -------------------- Received Result Shuttle from Next Replica -------------------------
[2017-10-22 23:31:22,312] ping.Replica<Replica:57002#Replica1>:INFO: --------------------- Received Result Shuttle: Result Shuttle No.2 for Client [0]-----------------------
[2017-10-22 23:31:22,313] ping.Replica<Replica:57002#Replica1>:OUTPUT: receivedResult OK
[2017-10-22 23:31:22,313] ping.Replica<Replica:57002#Replica1>:INFO: --------------- Creating hash digest for result ---------------
[2017-10-22 23:31:22,313] ping.Replica<Replica:57002#Replica1>:INFO: --------------- Check for Result Proof Integrity:[Result-Statements:Signatures] and Result--------------
[2017-10-22 23:31:22,317] ping.Replica<Replica:57002#Replica1>:INFO: --------------- Checking hash digests for results ---------------
[2017-10-22 23:31:22,322] ping.Replica<Replica:57002#Replica1>:INFO: --------------- Checking hash digests for results ---------------
[2017-10-22 23:31:22,325] ping.Replica<Replica:57002#Replica1>:INFO: --------------- Checking hash digests for results ---------------
[2017-10-22 23:31:22,326] ping.Replica<Replica:57002#Replica1>:INFO: --------------- Get Failure Action --------------
[2017-10-22 23:31:22,326] ping.Replica<Replica:57002#Replica1>:INFO: --------------------- Failure Check:[notFound] Failure action:None-----------------------
[2017-10-22 23:31:22,326] ping.Replica<Replica:57002#Replica1>:INFO: --------------------- Failure Check:[notFound] Failure action:None-----------------------
[2017-10-22 23:31:22,327] ping.Replica<Replica:57002#Replica1>:INFO: --------------- Append Result to Result Cache --------------
[2017-10-22 23:31:22,327] ping.Replica<Replica:57002#Replica1>:INFO: --------------------- Sending ResultShuttle: No:[2] to Previous Replica: [0] -----------------------
