[2017-10-22 23:31:14,905] da.sim.Router<MainProcess>:INFO: Bootstrap succeeded using <UdpTransport(127.0.0.1:33673)>.
[2017-10-22 23:31:14,905] da.api<MainProcess>:INFO: <Node_:Replica0> initialized at 127.0.0.1:(UdpTransport=33673, TcpTransport=28336).
[2017-10-22 23:31:14,906] da.api<MainProcess>:INFO: Starting program <module 'ping' from 'C:\\Users\\SSDN-Dinesh\\Desktop\\SBU\\ASYNC\\BCR\\Asynchronous-Systems\\phase2\\ping.py'>...
[2017-10-22 23:31:14,906] da.api<MainProcess>:INFO: Running iteration 1 ...
[2017-10-22 23:31:14,907] da.api<MainProcess>:INFO: Waiting for remaining child processes to terminate...(Press "Ctrl-C" to force kill)
[2017-10-22 23:31:22,146] ping.Replica<Replica:4e002#Replica0>:INFO: --------------- Entering Replica Run: --------------
[2017-10-22 23:31:22,147] ping.Replica<Replica:4e002#Replica0>:INFO: --------------- Getting Failures for Replica : --------------
[2017-10-22 23:31:22,147] ping.Replica<Replica:4e002#Replica0>:INFO: --------------- Failures for Replica: -------------- No Failures
[2017-10-22 23:31:22,147] ping.Replica<Replica:4e002#Replica0>:INFO: {}
[2017-10-22 23:31:22,160] ping.Replica<Replica:4e002#Replica0>:INFO: --------------------- Head:receives:signedRequestStatement from client -----------------------
[2017-10-22 23:31:22,160] ping.Replica<Replica:4e002#Replica0>:INFO: --------------------- Received Request message number:[0 ; client Id: [0] ; request Id: [6324]-----------------------
[2017-10-22 23:31:22,160] ping.Replica<Replica:4e002#Replica0>:INFO: --------------------- Check for Request Id: 6324 in history-----------------------
[2017-10-22 23:31:22,162] ping.Replica<Replica:4e002#Replica0>:INFO: --------------------- Unsigned Statement from client ----------------------- b"put('movie','star')"
[2017-10-22 23:31:22,162] ping.Replica<Replica:4e002#Replica0>:INFO: --------------- Parsing the unsigned statement --------------
[2017-10-22 23:31:22,162] ping.Replica<Replica:4e002#Replica0>:INFO: --------------------- Checking for failures -----------------------
[2017-10-22 23:31:22,162] ping.Replica<Replica:4e002#Replica0>:INFO: --------------- Get Failure Action --------------
[2017-10-22 23:31:22,162] ping.Replica<Replica:4e002#Replica0>:INFO: --------------------- Failure Check:[notFound] Failure action:None-----------------------
[2017-10-22 23:31:22,163] ping.Replica<Replica:4e002#Replica0>:INFO: --------------- Executing Operation to updata client dictionary with: --------------
[2017-10-22 23:31:22,163] ping.Replica<Replica:4e002#Replica0>:INFO: --------------------- Failure Check:[notFound] Failure action:None-----------------------
[2017-10-22 23:31:22,163] ping.Replica<Replica:4e002#Replica0>:INFO: --------------------- Signing the statement: b"put('movie','star')"
[2017-10-22 23:31:22,163] ping.Replica<Replica:4e002#Replica0>:INFO: --- Create Signed Order Statement and Result Statement with: slot: 0, operation: b"put('movie','star')", resultOK--------------
[2017-10-22 23:31:22,164] ping.Replica<Replica:4e002#Replica0>:INFO: --------------- Creating hash digest for result ---------------
[2017-10-22 23:31:22,165] ping.Replica<Replica:4e002#Replica0>:INFO: --------------------- Failure Check:[notFound] Failure action:None-----------------------
[2017-10-22 23:31:22,165] ping.Replica<Replica:4e002#Replica0>:INFO: --------------------- Data in Client Dictionary  {'movie': 'star'}
[2017-10-22 23:31:22,165] ping.Replica<Replica:4e002#Replica0>:INFO: --------------------- Creating Shuttle -----------------------
[2017-10-22 23:31:22,165] ping.Replica<Replica:4e002#Replica0>:INFO: -------------------------- Append to Replica History slot:0 operation:b"put('movie','star')" request Id:6324 --------------
[2017-10-22 23:31:22,165] ping.Replica<Replica:4e002#Replica0>:INFO: --------------------- Sending Statement to Olympus coming from client:  0
[2017-10-22 23:31:22,166] ping.Replica<Replica:4e002#Replica0>:INFO: --------------------- Sending Statement:: message number0 from client: 0 to Next Replica -----------------------
[2017-10-22 23:31:22,166] ping.Replica<Replica:4e002#Replica0>:INFO: ------------------------------------------------------------
[2017-10-22 23:31:22,207] ping.Replica<Replica:4e002#Replica0>:INFO: -------------------- Received Result Shuttle from Next Replica -------------------------
[2017-10-22 23:31:22,207] ping.Replica<Replica:4e002#Replica0>:INFO: --------------------- Received Result Shuttle: Result Shuttle No.0 for Client [0]-----------------------
[2017-10-22 23:31:22,208] ping.Replica<Replica:4e002#Replica0>:OUTPUT: receivedResult OK
[2017-10-22 23:31:22,208] ping.Replica<Replica:4e002#Replica0>:INFO: --------------- Creating hash digest for result ---------------
[2017-10-22 23:31:22,208] ping.Replica<Replica:4e002#Replica0>:INFO: --------------- Check for Result Proof Integrity:[Result-Statements:Signatures] and Result--------------
[2017-10-22 23:31:22,210] ping.Replica<Replica:4e002#Replica0>:INFO: --------------- Checking hash digests for results ---------------
[2017-10-22 23:31:22,213] ping.Replica<Replica:4e002#Replica0>:INFO: --------------- Checking hash digests for results ---------------
[2017-10-22 23:31:22,217] ping.Replica<Replica:4e002#Replica0>:INFO: --------------- Checking hash digests for results ---------------
[2017-10-22 23:31:22,218] ping.Replica<Replica:4e002#Replica0>:INFO: --------------- Get Failure Action --------------
[2017-10-22 23:31:22,218] ping.Replica<Replica:4e002#Replica0>:INFO: --------------------- Failure Check:[notFound] Failure action:None-----------------------
[2017-10-22 23:31:22,219] ping.Replica<Replica:4e002#Replica0>:INFO: --------------------- Failure Check:[notFound] Failure action:None-----------------------
[2017-10-22 23:31:22,219] ping.Replica<Replica:4e002#Replica0>:INFO: --------------- Append Result to Result Cache --------------
[2017-10-22 23:31:22,219] ping.Replica<Replica:4e002#Replica0>:INFO: --------------------- Head:receives:signedRequestStatement from client -----------------------
[2017-10-22 23:31:22,219] ping.Replica<Replica:4e002#Replica0>:INFO: --------------------- Received Request message number:[1 ; client Id: [0] ; request Id: [459]-----------------------
[2017-10-22 23:31:22,219] ping.Replica<Replica:4e002#Replica0>:INFO: --------------------- Check for Request Id: 459 in history-----------------------
[2017-10-22 23:31:22,222] ping.Replica<Replica:4e002#Replica0>:INFO: --------------------- Unsigned Statement from client ----------------------- b"get('movie')"
[2017-10-22 23:31:22,222] ping.Replica<Replica:4e002#Replica0>:INFO: --------------- Parsing the unsigned statement --------------
[2017-10-22 23:31:22,222] ping.Replica<Replica:4e002#Replica0>:INFO: --------------------- Checking for failures -----------------------
[2017-10-22 23:31:22,222] ping.Replica<Replica:4e002#Replica0>:INFO: --------------- Get Failure Action --------------
[2017-10-22 23:31:22,223] ping.Replica<Replica:4e002#Replica0>:INFO: --------------------- Failure Check:[notFound] Failure action:None-----------------------
[2017-10-22 23:31:22,223] ping.Replica<Replica:4e002#Replica0>:INFO: --------------- Executing Operation to updata client dictionary with: --------------
[2017-10-22 23:31:22,223] ping.Replica<Replica:4e002#Replica0>:INFO: --------------------- Failure Check:[notFound] Failure action:None-----------------------
[2017-10-22 23:31:22,223] ping.Replica<Replica:4e002#Replica0>:INFO: --------------------- Signing the statement: b"get('movie')"
[2017-10-22 23:31:22,223] ping.Replica<Replica:4e002#Replica0>:INFO: --- Create Signed Order Statement and Result Statement with: slot: 1, operation: b"get('movie')", resultstar--------------
[2017-10-22 23:31:22,224] ping.Replica<Replica:4e002#Replica0>:INFO: --------------- Creating hash digest for result ---------------
[2017-10-22 23:31:22,225] ping.Replica<Replica:4e002#Replica0>:INFO: --------------------- Failure Check:[notFound] Failure action:None-----------------------
[2017-10-22 23:31:22,225] ping.Replica<Replica:4e002#Replica0>:INFO: --------------------- Data in Client Dictionary  {'movie': 'star'}
[2017-10-22 23:31:22,225] ping.Replica<Replica:4e002#Replica0>:INFO: --------------------- Creating Shuttle -----------------------
[2017-10-22 23:31:22,225] ping.Replica<Replica:4e002#Replica0>:INFO: -------------------------- Append to Replica History slot:1 operation:b"get('movie')" request Id:459 --------------
[2017-10-22 23:31:22,225] ping.Replica<Replica:4e002#Replica0>:INFO: --------------------- Sending Statement to Olympus coming from client:  0
[2017-10-22 23:31:22,226] ping.Replica<Replica:4e002#Replica0>:INFO: --------------------- Sending Statement:: message number1 from client: 0 to Next Replica -----------------------
[2017-10-22 23:31:22,226] ping.Replica<Replica:4e002#Replica0>:INFO: ------------------------------------------------------------
[2017-10-22 23:31:22,272] ping.Replica<Replica:4e002#Replica0>:INFO: -------------------- Received Result Shuttle from Next Replica -------------------------
[2017-10-22 23:31:22,273] ping.Replica<Replica:4e002#Replica0>:INFO: --------------------- Received Result Shuttle: Result Shuttle No.1 for Client [0]-----------------------
[2017-10-22 23:31:22,273] ping.Replica<Replica:4e002#Replica0>:OUTPUT: receivedResult star
[2017-10-22 23:31:22,273] ping.Replica<Replica:4e002#Replica0>:INFO: --------------- Creating hash digest for result ---------------
[2017-10-22 23:31:22,273] ping.Replica<Replica:4e002#Replica0>:INFO: --------------- Check for Result Proof Integrity:[Result-Statements:Signatures] and Result--------------
[2017-10-22 23:31:22,275] ping.Replica<Replica:4e002#Replica0>:ERROR: ---------------------Send Reconfiguration request to Olympus---------------
[2017-10-22 23:31:22,276] ping.Replica<Replica:4e002#Replica0>:INFO: --------------------- Head:receives:signedRequestStatement from client -----------------------
[2017-10-22 23:31:22,276] ping.Replica<Replica:4e002#Replica0>:INFO: --------------------- Received Request message number:[2 ; client Id: [0] ; request Id: [2392]-----------------------
[2017-10-22 23:31:22,276] ping.Replica<Replica:4e002#Replica0>:INFO: --------------------- Check for Request Id: 2392 in history-----------------------
[2017-10-22 23:31:22,278] ping.Replica<Replica:4e002#Replica0>:INFO: --------------------- Unsigned Statement from client ----------------------- b"append('movie','star')"
[2017-10-22 23:31:22,278] ping.Replica<Replica:4e002#Replica0>:INFO: --------------- Parsing the unsigned statement --------------
[2017-10-22 23:31:22,278] ping.Replica<Replica:4e002#Replica0>:INFO: --------------------- Checking for failures -----------------------
[2017-10-22 23:31:22,279] ping.Replica<Replica:4e002#Replica0>:INFO: --------------- Get Failure Action --------------
[2017-10-22 23:31:22,279] ping.Replica<Replica:4e002#Replica0>:INFO: --------------------- Failure Check:[notFound] Failure action:None-----------------------
[2017-10-22 23:31:22,279] ping.Replica<Replica:4e002#Replica0>:INFO: --------------- Executing Operation to updata client dictionary with: --------------
[2017-10-22 23:31:22,279] ping.Replica<Replica:4e002#Replica0>:INFO: --------------------- Failure Check:[notFound] Failure action:None-----------------------
[2017-10-22 23:31:22,279] ping.Replica<Replica:4e002#Replica0>:INFO: --------------------- Signing the statement: b"append('movie','star')"
[2017-10-22 23:31:22,279] ping.Replica<Replica:4e002#Replica0>:INFO: --- Create Signed Order Statement and Result Statement with: slot: 2, operation: b"append('movie','star')", resultOK--------------
[2017-10-22 23:31:22,280] ping.Replica<Replica:4e002#Replica0>:INFO: --------------- Creating hash digest for result ---------------
[2017-10-22 23:31:22,281] ping.Replica<Replica:4e002#Replica0>:INFO: --------------------- Failure Check:[notFound] Failure action:None-----------------------
[2017-10-22 23:31:22,281] ping.Replica<Replica:4e002#Replica0>:INFO: --------------------- Data in Client Dictionary  {'movie': 'starstar'}
[2017-10-22 23:31:22,281] ping.Replica<Replica:4e002#Replica0>:INFO: --------------------- Creating Shuttle -----------------------
[2017-10-22 23:31:22,281] ping.Replica<Replica:4e002#Replica0>:INFO: -------------------------- Append to Replica History slot:2 operation:b"append('movie','star')" request Id:2392 --------------
[2017-10-22 23:31:22,281] ping.Replica<Replica:4e002#Replica0>:INFO: --------------------- Sending Statement to Olympus coming from client:  0
[2017-10-22 23:31:22,282] ping.Replica<Replica:4e002#Replica0>:INFO: --------------------- Sending Statement:: message number2 from client: 0 to Next Replica -----------------------
[2017-10-22 23:31:22,283] ping.Replica<Replica:4e002#Replica0>:INFO: ------------------------------------------------------------
[2017-10-22 23:31:22,328] ping.Replica<Replica:4e002#Replica0>:INFO: -------------------- Received Result Shuttle from Next Replica -------------------------
[2017-10-22 23:31:22,328] ping.Replica<Replica:4e002#Replica0>:INFO: --------------------- Received Result Shuttle: Result Shuttle No.2 for Client [0]-----------------------
[2017-10-22 23:31:22,328] ping.Replica<Replica:4e002#Replica0>:OUTPUT: receivedResult OK
[2017-10-22 23:31:22,328] ping.Replica<Replica:4e002#Replica0>:INFO: --------------- Creating hash digest for result ---------------
[2017-10-22 23:31:22,328] ping.Replica<Replica:4e002#Replica0>:INFO: --------------- Check for Result Proof Integrity:[Result-Statements:Signatures] and Result--------------
[2017-10-22 23:31:22,330] ping.Replica<Replica:4e002#Replica0>:INFO: --------------- Checking hash digests for results ---------------
[2017-10-22 23:31:22,333] ping.Replica<Replica:4e002#Replica0>:INFO: --------------- Checking hash digests for results ---------------
[2017-10-22 23:31:22,335] ping.Replica<Replica:4e002#Replica0>:INFO: --------------- Checking hash digests for results ---------------
[2017-10-22 23:31:22,335] ping.Replica<Replica:4e002#Replica0>:INFO: --------------- Get Failure Action --------------
[2017-10-22 23:31:22,335] ping.Replica<Replica:4e002#Replica0>:INFO: --------------------- Failure Check:[notFound] Failure action:None-----------------------
[2017-10-22 23:31:22,336] ping.Replica<Replica:4e002#Replica0>:INFO: --------------------- Failure Check:[notFound] Failure action:None-----------------------
[2017-10-22 23:31:22,336] ping.Replica<Replica:4e002#Replica0>:INFO: --------------- Append Result to Result Cache --------------
