[2017-10-22 21:26:53,712] da.api<MainProcess>:INFO: Bootstrapping attempt failed due to BootstrapException('Unable to contact a peer node.',),  continuing as a master node (use '--master' to disable bootstrapping at startup).
[2017-10-22 21:26:53,713] da.api<MainProcess>:INFO: <Node_:Client0> initialized at 127.0.0.1:(UdpTransport=15000, TcpTransport=15000).
[2017-10-22 21:26:53,713] da.api<MainProcess>:INFO: Starting program <module 'ping' from 'C:\\Users\\SSDN-Dinesh\\Desktop\\SBU\\ASYNC\\BCR\\Asynchronous-Systems\\phase2\\ping.py'>...
[2017-10-22 21:26:53,713] da.api<MainProcess>:INFO: Running iteration 1 ...
[2017-10-22 21:26:53,713] da.api<MainProcess>:INFO: Waiting for remaining child processes to terminate...(Press "Ctrl-C" to force kill)
[2017-10-22 21:27:04,588] ping.Client<Client:56002#Client0>:INFO: --------------- ENTERING Client:run ---------------
[2017-10-22 21:27:04,588] ping.Client<Client:56002#Client0>:INFO: --------------- Requesting Configuration from Olympus---------------
[2017-10-22 21:27:05,284] ping.Client<Client:56002#Client0>:INFO: --------------- Received Configuration from Olympus --------------
[2017-10-22 21:27:05,284] ping.Client<Client:56002#Client0>:INFO: --------------- Generating Workload for client --------------
[2017-10-22 21:27:05,284] ping.Client<Client:56002#Client0>:INFO: --------------- Operations for Client -------------- ["put('movie','star')", " append('movie','star')", " get('movie')"]
[2017-10-22 21:27:05,285] ping.Client<Client:56002#Client0>:INFO: --------------- Sending Request No: % :: Request Id: % -------------- 0 7008
[2017-10-22 21:27:05,285] ping.Client<Client:56002#Client0>:INFO: --------------- Signing the request statement: -------------- b"put('movie','star')"
[2017-10-22 21:27:05,286] ping.Client<Client:56002#Client0>:INFO: --------------- Sending request to head --------------
[2017-10-22 21:27:05,286] ping.Client<Client:56002#Client0>:INFO: --------------- Parsing the unsigned statement --------------
[2017-10-22 21:27:05,287] ping.Client<Client:56002#Client0>:INFO: --------------- Client updates its dictionary with: -------------- put movie star
[2017-10-22 21:27:05,287] ping.Client<Client:56002#Client0>:INFO: --------------- Executing Operation to updata client dictionary with: -------------- put 7008 star movie
[2017-10-22 21:27:05,287] ping.Client<Client:56002#Client0>:INFO: --------------- Result upon updating dictionary: -------------- OK
[2017-10-22 21:27:05,287] ping.Client<Client:56002#Client0>:INFO: --------------- Waiting for Result -------------- 0 7008
[2017-10-22 21:27:05,331] ping.Client<Client:56002#Client0>:INFO: --------------- Received Result Shuttle --------------
[2017-10-22 21:27:05,332] ping.Client<Client:56002#Client0>:INFO: --------------- Checking result against expected result --------------
[2017-10-22 21:27:05,332] ping.Client<Client:56002#Client0>:INFO: --------------- Result in Client Dictionary: -------------- OK
[2017-10-22 21:27:05,332] ping.Client<Client:56002#Client0>:INFO: --------------- Get Data in global dictionary from olympus for Key: % with ID -------------- movie 5597
[2017-10-22 21:27:05,334] ping.Client<Client:56002#Client0>:INFO: --------------- Received Data from global dictionary: % for key: % -------------- ['OK', 'war'] movie
[2017-10-22 21:27:05,334] ping.Client<Client:56002#Client0>:INFO: --------------- Creating hash digest for result ---------------
[2017-10-22 21:27:05,335] ping.Client<Client:56002#Client0>:INFO: --------------- Verifying result and signature of result statements --------------
[2017-10-22 21:27:05,338] ping.Client<Client:56002#Client0>:INFO: --------------- Checking hash digests for results ---------------
[2017-10-22 21:27:05,341] ping.Client<Client:56002#Client0>:INFO: --------------- Checking hash digests for results ---------------
[2017-10-22 21:27:05,344] ping.Client<Client:56002#Client0>:INFO: --------------- Checking hash digests for results ---------------
[2017-10-22 21:27:05,344] ping.Client<Client:56002#Client0>:INFO: --------------- Result Proof Verification check: % -------------- True
[2017-10-22 21:27:05,345] ping.Client<Client:56002#Client0>:INFO: --------------- Client Dictionary Result: % -------------- OK
[2017-10-22 21:27:05,345] ping.Client<Client:56002#Client0>:INFO: --------------- Global Dictionary Result: % -------------- ['OK', 'war']
[2017-10-22 21:27:05,345] ping.Client<Client:56002#Client0>:INFO: --------------- Result From Replica: % -------------- OK
[2017-10-22 21:27:05,345] ping.Client<Client:56002#Client0>:INFO: --------------- CLIENT ACCEPTS THE RESULT --------------
[2017-10-22 21:27:05,346] ping.Client<Client:56002#Client0>:INFO: --------------- Sending Request No: % :: Request Id: % -------------- 1 3951
[2017-10-22 21:27:05,346] ping.Client<Client:56002#Client0>:INFO: --------------- Signing the request statement: -------------- b"append('movie','star')"
[2017-10-22 21:27:05,347] ping.Client<Client:56002#Client0>:INFO: --------------- Sending request to head --------------
[2017-10-22 21:27:05,348] ping.Client<Client:56002#Client0>:INFO: --------------- Parsing the unsigned statement --------------
[2017-10-22 21:27:05,348] ping.Client<Client:56002#Client0>:INFO: --------------- Client updates its dictionary with: -------------- append movie star
[2017-10-22 21:27:05,348] ping.Client<Client:56002#Client0>:INFO: --------------- Executing Operation to updata client dictionary with: -------------- append 3951 star movie
[2017-10-22 21:27:05,348] ping.Client<Client:56002#Client0>:INFO: --------------- Result upon updating dictionary: -------------- OK
[2017-10-22 21:27:05,348] ping.Client<Client:56002#Client0>:INFO: --------------- Waiting for Result -------------- 1 3951
[2017-10-22 21:27:05,399] ping.Client<Client:56002#Client0>:INFO: --------------- Received Result Shuttle --------------
[2017-10-22 21:27:05,399] ping.Client<Client:56002#Client0>:INFO: --------------- Checking result against expected result --------------
[2017-10-22 21:27:05,400] ping.Client<Client:56002#Client0>:INFO: --------------- Result in Client Dictionary: -------------- OK
[2017-10-22 21:27:05,400] ping.Client<Client:56002#Client0>:INFO: --------------- Get Data in global dictionary from olympus for Key: % with ID -------------- movie 1352
[2017-10-22 21:27:05,401] ping.Client<Client:56002#Client0>:INFO: --------------- Received Data from global dictionary: % for key: % -------------- ['OK', 'warstar', 'OK'] movie
[2017-10-22 21:27:05,402] ping.Client<Client:56002#Client0>:INFO: --------------- Creating hash digest for result ---------------
[2017-10-22 21:27:05,402] ping.Client<Client:56002#Client0>:INFO: --------------- Verifying result and signature of result statements --------------
[2017-10-22 21:27:05,404] ping.Client<Client:56002#Client0>:INFO: --------------- Checking hash digests for results ---------------
[2017-10-22 21:27:05,407] ping.Client<Client:56002#Client0>:INFO: --------------- Checking hash digests for results ---------------
[2017-10-22 21:27:05,411] ping.Client<Client:56002#Client0>:INFO: --------------- Checking hash digests for results ---------------
[2017-10-22 21:27:05,412] ping.Client<Client:56002#Client0>:INFO: --------------- Result Proof Verification check: % -------------- True
[2017-10-22 21:27:05,412] ping.Client<Client:56002#Client0>:INFO: --------------- Client Dictionary Result: % -------------- OK
[2017-10-22 21:27:05,412] ping.Client<Client:56002#Client0>:INFO: --------------- Global Dictionary Result: % -------------- ['OK', 'warstar', 'OK']
[2017-10-22 21:27:05,413] ping.Client<Client:56002#Client0>:INFO: --------------- Result From Replica: % -------------- OK
[2017-10-22 21:27:05,413] ping.Client<Client:56002#Client0>:INFO: --------------- CLIENT ACCEPTS THE RESULT --------------
[2017-10-22 21:27:05,413] ping.Client<Client:56002#Client0>:INFO: --------------- Sending Request No: % :: Request Id: % -------------- 2 2625
[2017-10-22 21:27:05,414] ping.Client<Client:56002#Client0>:INFO: --------------- Signing the request statement: -------------- b"get('movie')"
[2017-10-22 21:27:05,415] ping.Client<Client:56002#Client0>:INFO: --------------- Sending request to head --------------
[2017-10-22 21:27:05,416] ping.Client<Client:56002#Client0>:INFO: --------------- Parsing the unsigned statement --------------
[2017-10-22 21:27:05,416] ping.Client<Client:56002#Client0>:INFO: --------------- Client updates its dictionary with: -------------- get movie 
[2017-10-22 21:27:05,416] ping.Client<Client:56002#Client0>:INFO: --------------- Executing Operation to updata client dictionary with: -------------- get 2625  movie
[2017-10-22 21:27:05,416] ping.Client<Client:56002#Client0>:INFO: --------------- Result upon updating dictionary: -------------- starstar
[2017-10-22 21:27:05,416] ping.Client<Client:56002#Client0>:INFO: --------------- Waiting for Result -------------- 2 2625
[2017-10-22 21:27:05,458] ping.Client<Client:56002#Client0>:INFO: --------------- Received Result Shuttle --------------
[2017-10-22 21:27:05,458] ping.Client<Client:56002#Client0>:INFO: --------------- Checking result against expected result --------------
[2017-10-22 21:27:05,458] ping.Client<Client:56002#Client0>:INFO: --------------- Result in Client Dictionary: -------------- starstar
[2017-10-22 21:27:05,459] ping.Client<Client:56002#Client0>:INFO: --------------- Get Data in global dictionary from olympus for Key: % with ID -------------- movie 8166
[2017-10-22 21:27:05,464] ping.Client<Client:56002#Client0>:INFO: --------------- Received Data from global dictionary: % for key: % -------------- ['OK', 'warstar', 'OK'] movie
[2017-10-22 21:27:05,464] ping.Client<Client:56002#Client0>:INFO: --------------- Creating hash digest for result ---------------
[2017-10-22 21:27:05,464] ping.Client<Client:56002#Client0>:INFO: --------------- Verifying result and signature of result statements --------------
[2017-10-22 21:27:05,467] ping.Client<Client:56002#Client0>:INFO: --------------- Checking hash digests for results ---------------
[2017-10-22 21:27:05,470] ping.Client<Client:56002#Client0>:INFO: --------------- Checking hash digests for results ---------------
[2017-10-22 21:27:05,473] ping.Client<Client:56002#Client0>:INFO: --------------- Checking hash digests for results ---------------
[2017-10-22 21:27:05,473] ping.Client<Client:56002#Client0>:INFO: --------------- Result Proof Verification check: % -------------- True
[2017-10-22 21:27:05,473] ping.Client<Client:56002#Client0>:INFO: --------------- Client Dictionary Result: % -------------- starstar
[2017-10-22 21:27:05,473] ping.Client<Client:56002#Client0>:INFO: --------------- Global Dictionary Result: % -------------- ['OK', 'warstar', 'OK']
[2017-10-22 21:27:05,473] ping.Client<Client:56002#Client0>:INFO: --------------- Result From Replica: % -------------- warstar
[2017-10-22 21:27:05,473] ping.Client<Client:56002#Client0>:INFO: --------------- CLIENT ACCEPTS THE RESULT --------------
