[2017-10-22 23:52:58,958] da.sim.Router<MainProcess>:INFO: Bootstrap succeeded using <UdpTransport(127.0.0.1:23912)>.
[2017-10-22 23:52:58,958] da.api<MainProcess>:INFO: <Node_:Client1> initialized at 127.0.0.1:(UdpTransport=23912, TcpTransport=11294).
[2017-10-22 23:52:58,959] da.api<MainProcess>:INFO: Starting program <module 'ping' from '/Users/selinadeepkaur/Desktop/Byzantine/ping.py'>...
[2017-10-22 23:52:58,959] da.api<MainProcess>:INFO: Running iteration 1 ...
[2017-10-22 23:52:58,959] da.api<MainProcess>:INFO: Waiting for remaining child processes to terminate...(Press "Ctrl-C" to force kill)
[2017-10-22 23:53:57,344] ping.Client<Client:91402#Client1>:INFO: --------------- ENTERING Client:run ---------------
[2017-10-22 23:53:57,346] ping.Client<Client:91402#Client1>:INFO: --------------- Requesting Configuration from Olympus---------------
[2017-10-22 23:53:57,805] ping.Client<Client:91402#Client1>:INFO: --------------- Received Configuration from Olympus --------------
[2017-10-22 23:53:57,806] ping.Client<Client:91402#Client1>:INFO: --------------- Generating Workload for client --------------
[2017-10-22 23:53:57,806] ping.Client<Client:91402#Client1>:INFO: --------------- Operations for Client -------------- ["put('movie','star')", " get('movie')"]
[2017-10-22 23:53:57,806] ping.Client<Client:91402#Client1>:INFO: --------------- Sending Request No: % :: Request Id: % -------------- 0 6169
[2017-10-22 23:53:57,807] ping.Client<Client:91402#Client1>:INFO: --------------- Signing the request statement: -------------- b"put('movie','star')"
[2017-10-22 23:53:57,808] ping.Client<Client:91402#Client1>:INFO: --------------- Sending request to head --------------
[2017-10-22 23:53:57,808] ping.Client<Client:91402#Client1>:INFO: --------------- Parsing the unsigned statement --------------
[2017-10-22 23:53:57,809] ping.Client<Client:91402#Client1>:INFO: --------------- Client updates its dictionary with: -------------- put movie star
[2017-10-22 23:53:57,809] ping.Client<Client:91402#Client1>:INFO: --------------- Executing Operation to updata client dictionary with: -------------- put 6169 star movie
[2017-10-22 23:53:57,809] ping.Client<Client:91402#Client1>:INFO: --------------- Result upon updating dictionary: -------------- OK
[2017-10-22 23:53:57,810] ping.Client<Client:91402#Client1>:INFO: --------------- Waiting for Result -------------- 0 6169
[2017-10-22 23:53:57,867] ping.Client<Client:91402#Client1>:INFO: --------------- Received Result Shuttle --------------
[2017-10-22 23:53:57,867] ping.Client<Client:91402#Client1>:INFO: --------------- Checking result against expected result --------------
[2017-10-22 23:53:57,867] ping.Client<Client:91402#Client1>:INFO: --------------- Result in Client Dictionary: -------------- OK
[2017-10-22 23:53:57,868] ping.Client<Client:91402#Client1>:INFO: --------------- Get Data in global dictionary from olympus for Key: % with ID -------------- movie 2303
[2017-10-22 23:53:57,873] ping.Client<Client:91402#Client1>:INFO: --------------- Received Data from global dictionary: % for key: % -------------- ['OK', 'war'] movie
[2017-10-22 23:53:57,873] ping.Client<Client:91402#Client1>:INFO: --------------- Creating hash digest for result ---------------
[2017-10-22 23:53:57,873] ping.Client<Client:91402#Client1>:INFO: --------------- Verifying result and signature of result statements --------------
[2017-10-22 23:53:57,874] ping.Client<Client:91402#Client1>:INFO: --------------- Checking hash digests for results ---------------
[2017-10-22 23:53:57,875] ping.Client<Client:91402#Client1>:INFO: --------------- Checking hash digests for results ---------------
[2017-10-22 23:53:57,875] ping.Client<Client:91402#Client1>:INFO: --------------- Checking hash digests for results ---------------
[2017-10-22 23:53:57,875] ping.Client<Client:91402#Client1>:INFO: --------------- Result Proof Verification check: % -------------- True
[2017-10-22 23:53:57,875] ping.Client<Client:91402#Client1>:INFO: --------------- Client Dictionary Result: % -------------- OK
[2017-10-22 23:53:57,876] ping.Client<Client:91402#Client1>:INFO: --------------- Global Dictionary Result: % -------------- ['OK', 'war']
[2017-10-22 23:53:57,876] ping.Client<Client:91402#Client1>:INFO: --------------- Result From Replica: % -------------- OK
[2017-10-22 23:53:57,876] ping.Client<Client:91402#Client1>:INFO: --------------- CLIENT ACCEPTS THE RESULT --------------
[2017-10-22 23:53:57,876] ping.Client<Client:91402#Client1>:INFO: --------------- Sending Request No: % :: Request Id: % -------------- 1 7658
[2017-10-22 23:53:57,876] ping.Client<Client:91402#Client1>:INFO: --------------- Signing the request statement: -------------- b"get('movie')"
[2017-10-22 23:53:57,877] ping.Client<Client:91402#Client1>:INFO: --------------- Sending request to head --------------
[2017-10-22 23:53:57,877] ping.Client<Client:91402#Client1>:INFO: --------------- Parsing the unsigned statement --------------
[2017-10-22 23:53:57,878] ping.Client<Client:91402#Client1>:INFO: --------------- Client updates its dictionary with: -------------- get movie 
[2017-10-22 23:53:57,878] ping.Client<Client:91402#Client1>:INFO: --------------- Executing Operation to updata client dictionary with: -------------- get 7658  movie
[2017-10-22 23:53:57,878] ping.Client<Client:91402#Client1>:INFO: --------------- Result upon updating dictionary: -------------- star
[2017-10-22 23:53:57,879] ping.Client<Client:91402#Client1>:INFO: --------------- Waiting for Result -------------- 1 7658
[2017-10-22 23:53:58,021] ping.Client<Client:91402#Client1>:INFO: --------------- Received Result Shuttle --------------
[2017-10-22 23:53:58,021] ping.Client<Client:91402#Client1>:INFO: --------------- Checking result against expected result --------------
[2017-10-22 23:53:58,021] ping.Client<Client:91402#Client1>:INFO: --------------- Result in Client Dictionary: -------------- star
[2017-10-22 23:53:58,021] ping.Client<Client:91402#Client1>:INFO: --------------- Get Data in global dictionary from olympus for Key: % with ID -------------- movie 4618
[2017-10-22 23:53:58,023] ping.Client<Client:91402#Client1>:INFO: --------------- Received Data from global dictionary: % for key: % -------------- ['OK', 'war', 'OK'] movie
[2017-10-22 23:53:58,024] ping.Client<Client:91402#Client1>:INFO: --------------- Creating hash digest for result ---------------
[2017-10-22 23:53:58,024] ping.Client<Client:91402#Client1>:INFO: --------------- Verifying result and signature of result statements --------------
[2017-10-22 23:53:58,024] ping.Client<Client:91402#Client1>:INFO: --------------- Checking hash digests for results ---------------
[2017-10-22 23:53:58,025] ping.Client<Client:91402#Client1>:INFO: --------------- Checking hash digests for results ---------------
[2017-10-22 23:53:58,025] ping.Client<Client:91402#Client1>:INFO: --------------- Checking hash digests for results ---------------
[2017-10-22 23:53:58,025] ping.Client<Client:91402#Client1>:INFO: --------------- Result Proof Verification check: % -------------- True
[2017-10-22 23:53:58,026] ping.Client<Client:91402#Client1>:INFO: --------------- Client Dictionary Result: % -------------- star
[2017-10-22 23:53:58,026] ping.Client<Client:91402#Client1>:INFO: --------------- Global Dictionary Result: % -------------- ['OK', 'war', 'OK']
[2017-10-22 23:53:58,026] ping.Client<Client:91402#Client1>:INFO: --------------- Result From Replica: % -------------- war
[2017-10-22 23:53:58,026] ping.Client<Client:91402#Client1>:INFO: --------------- CLIENT ACCEPTS THE RESULT --------------
[2017-10-23 00:01:06,466] da.api<MainProcess>:WARNING: Received keyboard interrupt. 
[2017-10-23 00:02:27,909] da.sim.Router<MainProcess>:INFO: Bootstrap succeeded using <UdpTransport(127.0.0.1:13390)>.
[2017-10-23 00:02:27,909] da.api<MainProcess>:INFO: <Node_:Client1> initialized at 127.0.0.1:(UdpTransport=13390, TcpTransport=12251).
[2017-10-23 00:02:27,909] da.api<MainProcess>:INFO: Starting program <module 'ping' from '/Users/selinadeepkaur/Desktop/Byzantine/ping.py'>...
[2017-10-23 00:02:27,910] da.api<MainProcess>:INFO: Running iteration 1 ...
[2017-10-23 00:02:27,911] da.api<MainProcess>:INFO: Waiting for remaining child processes to terminate...(Press "Ctrl-C" to force kill)
[2017-10-23 00:02:40,553] ping.Client<Client:e4c02#Client1>:INFO: --------------- ENTERING Client:run ---------------
[2017-10-23 00:02:40,553] ping.Client<Client:e4c02#Client1>:INFO: --------------- Requesting Configuration from Olympus---------------
[2017-10-23 00:02:41,014] ping.Client<Client:e4c02#Client1>:INFO: --------------- Received Configuration from Olympus --------------
[2017-10-23 00:02:41,014] ping.Client<Client:e4c02#Client1>:INFO: --------------- Generating Workload for client --------------
[2017-10-23 00:02:41,015] ping.Client<Client:e4c02#Client1>:INFO: --------------- Operations for Client -------------- ["put('movie','star')", " get('movie')"]
[2017-10-23 00:02:41,015] ping.Client<Client:e4c02#Client1>:INFO: --------------- Sending Request No: % :: Request Id: % -------------- 0 6753
[2017-10-23 00:02:41,016] ping.Client<Client:e4c02#Client1>:INFO: --------------- Signing the request statement: -------------- b"put('movie','star')"
[2017-10-23 00:02:41,017] ping.Client<Client:e4c02#Client1>:INFO: --------------- Sending request to head --------------
[2017-10-23 00:02:41,018] ping.Client<Client:e4c02#Client1>:INFO: --------------- Parsing the unsigned statement --------------
[2017-10-23 00:02:41,018] ping.Client<Client:e4c02#Client1>:INFO: --------------- Client updates its dictionary with: -------------- put movie star
[2017-10-23 00:02:41,018] ping.Client<Client:e4c02#Client1>:INFO: --------------- Executing Operation to updata client dictionary with: -------------- put 6753 star movie
[2017-10-23 00:02:41,019] ping.Client<Client:e4c02#Client1>:INFO: --------------- Result upon updating dictionary: -------------- OK
[2017-10-23 00:02:41,019] ping.Client<Client:e4c02#Client1>:INFO: --------------- Waiting for Result -------------- 0 6753
[2017-10-23 00:02:41,062] ping.Client<Client:e4c02#Client1>:INFO: --------------- Received Result Shuttle --------------
[2017-10-23 00:02:41,062] ping.Client<Client:e4c02#Client1>:INFO: --------------- Checking result against expected result --------------
[2017-10-23 00:02:41,063] ping.Client<Client:e4c02#Client1>:INFO: --------------- Result in Client Dictionary: -------------- OK
[2017-10-23 00:02:41,063] ping.Client<Client:e4c02#Client1>:INFO: --------------- Get Data in global dictionary from olympus for Key: % with ID -------------- movie 4139
[2017-10-23 00:02:41,065] ping.Client<Client:e4c02#Client1>:INFO: --------------- Received Data from global dictionary: % for key: % -------------- ['OK', 'warstar'] movie
[2017-10-23 00:02:41,065] ping.Client<Client:e4c02#Client1>:INFO: --------------- Creating hash digest for result ---------------
[2017-10-23 00:02:41,066] ping.Client<Client:e4c02#Client1>:INFO: --------------- Verifying result and signature of result statements --------------
[2017-10-23 00:02:41,066] ping.Client<Client:e4c02#Client1>:INFO: --------------- Checking hash digests for results ---------------
[2017-10-23 00:02:41,067] ping.Client<Client:e4c02#Client1>:INFO: --------------- Checking hash digests for results ---------------
[2017-10-23 00:02:41,067] ping.Client<Client:e4c02#Client1>:INFO: --------------- Checking hash digests for results ---------------
[2017-10-23 00:02:41,068] ping.Client<Client:e4c02#Client1>:INFO: --------------- Result Proof Verification check: % -------------- True
[2017-10-23 00:02:41,068] ping.Client<Client:e4c02#Client1>:INFO: --------------- Client Dictionary Result: % -------------- OK
[2017-10-23 00:02:41,068] ping.Client<Client:e4c02#Client1>:INFO: --------------- Global Dictionary Result: % -------------- ['OK', 'warstar']
[2017-10-23 00:02:41,068] ping.Client<Client:e4c02#Client1>:INFO: --------------- Result From Replica: % -------------- OK
[2017-10-23 00:02:41,069] ping.Client<Client:e4c02#Client1>:INFO: --------------- CLIENT ACCEPTS THE RESULT --------------
[2017-10-23 00:02:41,069] ping.Client<Client:e4c02#Client1>:INFO: --------------- Sending Request No: % :: Request Id: % -------------- 1 1980
[2017-10-23 00:02:41,069] ping.Client<Client:e4c02#Client1>:INFO: --------------- Signing the request statement: -------------- b"get('movie')"
[2017-10-23 00:02:41,069] ping.Client<Client:e4c02#Client1>:INFO: --------------- Sending request to head --------------
[2017-10-23 00:02:41,070] ping.Client<Client:e4c02#Client1>:INFO: --------------- Parsing the unsigned statement --------------
[2017-10-23 00:02:41,070] ping.Client<Client:e4c02#Client1>:INFO: --------------- Client updates its dictionary with: -------------- get movie 
[2017-10-23 00:02:41,070] ping.Client<Client:e4c02#Client1>:INFO: --------------- Executing Operation to updata client dictionary with: -------------- get 1980  movie
[2017-10-23 00:02:41,071] ping.Client<Client:e4c02#Client1>:INFO: --------------- Result upon updating dictionary: -------------- star
[2017-10-23 00:02:41,071] ping.Client<Client:e4c02#Client1>:INFO: --------------- Waiting for Result -------------- 1 1980
[2017-10-23 00:02:41,228] ping.Client<Client:e4c02#Client1>:INFO: --------------- Received Result Shuttle --------------
[2017-10-23 00:02:41,229] ping.Client<Client:e4c02#Client1>:INFO: --------------- Checking result against expected result --------------
[2017-10-23 00:02:41,229] ping.Client<Client:e4c02#Client1>:INFO: --------------- Result in Client Dictionary: -------------- star
[2017-10-23 00:02:41,229] ping.Client<Client:e4c02#Client1>:INFO: --------------- Get Data in global dictionary from olympus for Key: % with ID -------------- movie 6471
[2017-10-23 00:02:41,232] ping.Client<Client:e4c02#Client1>:INFO: --------------- Received Data from global dictionary: % for key: % -------------- ['OK', 'warstar', 'OK'] movie
[2017-10-23 00:02:41,232] ping.Client<Client:e4c02#Client1>:INFO: --------------- Creating hash digest for result ---------------
[2017-10-23 00:02:41,232] ping.Client<Client:e4c02#Client1>:INFO: --------------- Verifying result and signature of result statements --------------
[2017-10-23 00:02:41,233] ping.Client<Client:e4c02#Client1>:INFO: --------------- Checking hash digests for results ---------------
[2017-10-23 00:02:41,234] ping.Client<Client:e4c02#Client1>:INFO: --------------- Checking hash digests for results ---------------
[2017-10-23 00:02:41,234] ping.Client<Client:e4c02#Client1>:INFO: --------------- Checking hash digests for results ---------------
[2017-10-23 00:02:41,235] ping.Client<Client:e4c02#Client1>:INFO: --------------- Result Proof Verification check: % -------------- True
[2017-10-23 00:02:41,235] ping.Client<Client:e4c02#Client1>:INFO: --------------- Client Dictionary Result: % -------------- star
[2017-10-23 00:02:41,235] ping.Client<Client:e4c02#Client1>:INFO: --------------- Global Dictionary Result: % -------------- ['OK', 'warstar', 'OK']
[2017-10-23 00:02:41,236] ping.Client<Client:e4c02#Client1>:INFO: --------------- Result From Replica: % -------------- warstar
[2017-10-23 00:02:41,236] ping.Client<Client:e4c02#Client1>:INFO: --------------- CLIENT ACCEPTS THE RESULT --------------
