[2017-10-22 23:53:17,517] da.sim.Router<MainProcess>:INFO: Bootstrap succeeded using <UdpTransport(127.0.0.1:29956)>.
[2017-10-22 23:53:17,517] da.api<MainProcess>:INFO: <Node_:Client4> initialized at 127.0.0.1:(UdpTransport=29956, TcpTransport=27039).
[2017-10-22 23:53:17,517] da.api<MainProcess>:INFO: Starting program <module 'ping' from '/Users/selinadeepkaur/Desktop/Byzantine/ping.py'>...
[2017-10-22 23:53:17,517] da.api<MainProcess>:INFO: Running iteration 1 ...
[2017-10-22 23:53:17,518] da.api<MainProcess>:INFO: Waiting for remaining child processes to terminate...(Press "Ctrl-C" to force kill)
[2017-10-22 23:53:57,467] ping.Client<Client:96c02#Client4>:INFO: --------------- ENTERING Client:run ---------------
[2017-10-22 23:53:57,468] ping.Client<Client:96c02#Client4>:INFO: --------------- Requesting Configuration from Olympus---------------
[2017-10-22 23:53:57,810] ping.Client<Client:96c02#Client4>:INFO: --------------- Received Configuration from Olympus --------------
[2017-10-22 23:53:57,810] ping.Client<Client:96c02#Client4>:INFO: --------------- Generating Workload for client --------------
[2017-10-22 23:53:57,810] ping.Client<Client:96c02#Client4>:INFO: --------------- Operations for Client -------------- ['put(‘apple’,’pie’)']
[2017-10-22 23:53:57,811] ping.Client<Client:96c02#Client4>:INFO: --------------- Sending Request No: % :: Request Id: % -------------- 0 2886
[2017-10-22 23:53:57,811] ping.Client<Client:96c02#Client4>:INFO: --------------- Signing the request statement: -------------- b'put(\xe2\x80\x98apple\xe2\x80\x99,\xe2\x80\x99pie\xe2\x80\x99)'
[2017-10-22 23:53:57,812] ping.Client<Client:96c02#Client4>:INFO: --------------- Sending request to head --------------
[2017-10-22 23:53:57,814] ping.Client<Client:96c02#Client4>:INFO: --------------- Parsing the unsigned statement --------------
[2017-10-22 23:53:57,814] ping.Client<Client:96c02#Client4>:INFO: --------------- Client updates its dictionary with: -------------- put apple pie
[2017-10-22 23:53:57,814] ping.Client<Client:96c02#Client4>:INFO: --------------- Executing Operation to updata client dictionary with: -------------- put 2886 pie apple
[2017-10-22 23:53:57,815] ping.Client<Client:96c02#Client4>:INFO: --------------- Result upon updating dictionary: -------------- OK
[2017-10-22 23:53:57,815] ping.Client<Client:96c02#Client4>:INFO: --------------- Waiting for Result -------------- 0 2886
[2017-10-22 23:53:57,900] ping.Client<Client:96c02#Client4>:INFO: --------------- Received Result Shuttle --------------
[2017-10-22 23:53:57,900] ping.Client<Client:96c02#Client4>:INFO: --------------- Checking result against expected result --------------
[2017-10-22 23:53:57,900] ping.Client<Client:96c02#Client4>:INFO: --------------- Result in Client Dictionary: -------------- OK
[2017-10-22 23:53:57,900] ping.Client<Client:96c02#Client4>:INFO: --------------- Get Data in global dictionary from olympus for Key: % with ID -------------- apple 6511
[2017-10-22 23:53:57,903] ping.Client<Client:96c02#Client4>:INFO: --------------- Received Data from global dictionary: % for key: % -------------- ['OK', 'shake'] apple
[2017-10-22 23:53:57,903] ping.Client<Client:96c02#Client4>:INFO: --------------- Creating hash digest for result ---------------
[2017-10-22 23:53:57,903] ping.Client<Client:96c02#Client4>:INFO: --------------- Verifying result and signature of result statements --------------
[2017-10-22 23:53:57,904] ping.Client<Client:96c02#Client4>:INFO: --------------- Checking hash digests for results ---------------
[2017-10-22 23:53:57,904] ping.Client<Client:96c02#Client4>:INFO: --------------- Checking hash digests for results ---------------
[2017-10-22 23:53:57,905] ping.Client<Client:96c02#Client4>:INFO: --------------- Checking hash digests for results ---------------
[2017-10-22 23:53:57,905] ping.Client<Client:96c02#Client4>:INFO: --------------- Result Proof Verification check: % -------------- True
[2017-10-22 23:53:57,905] ping.Client<Client:96c02#Client4>:INFO: --------------- Client Dictionary Result: % -------------- OK
[2017-10-22 23:53:57,906] ping.Client<Client:96c02#Client4>:INFO: --------------- Global Dictionary Result: % -------------- ['OK', 'shake']
[2017-10-22 23:53:57,906] ping.Client<Client:96c02#Client4>:INFO: --------------- Result From Replica: % -------------- OK
[2017-10-22 23:53:57,906] ping.Client<Client:96c02#Client4>:INFO: --------------- CLIENT ACCEPTS THE RESULT --------------
[2017-10-23 00:01:20,714] da.api<MainProcess>:WARNING: Received keyboard interrupt. 
[2017-10-23 00:02:16,429] da.sim.Router<MainProcess>:INFO: Bootstrap succeeded using <UdpTransport(127.0.0.1:30674)>.
[2017-10-23 00:02:16,429] da.api<MainProcess>:INFO: <Node_:Client4> initialized at 127.0.0.1:(UdpTransport=30674, TcpTransport=10795).
[2017-10-23 00:02:16,429] da.api<MainProcess>:INFO: Starting program <module 'ping' from '/Users/selinadeepkaur/Desktop/Byzantine/ping.py'>...
[2017-10-23 00:02:16,429] da.api<MainProcess>:INFO: Running iteration 1 ...
[2017-10-23 00:02:16,430] da.api<MainProcess>:INFO: Waiting for remaining child processes to terminate...(Press "Ctrl-C" to force kill)
[2017-10-23 00:02:40,674] ping.Client<Client:6a002#Client4>:INFO: --------------- ENTERING Client:run ---------------
[2017-10-23 00:02:40,675] ping.Client<Client:6a002#Client4>:INFO: --------------- Requesting Configuration from Olympus---------------
[2017-10-23 00:02:41,020] ping.Client<Client:6a002#Client4>:INFO: --------------- Received Configuration from Olympus --------------
[2017-10-23 00:02:41,021] ping.Client<Client:6a002#Client4>:INFO: --------------- Generating Workload for client --------------
[2017-10-23 00:02:41,021] ping.Client<Client:6a002#Client4>:INFO: --------------- Operations for Client -------------- ['put(‘apple’,’pie’)']
[2017-10-23 00:02:41,021] ping.Client<Client:6a002#Client4>:INFO: --------------- Sending Request No: % :: Request Id: % -------------- 0 5443
[2017-10-23 00:02:41,021] ping.Client<Client:6a002#Client4>:INFO: --------------- Signing the request statement: -------------- b'put(\xe2\x80\x98apple\xe2\x80\x99,\xe2\x80\x99pie\xe2\x80\x99)'
[2017-10-23 00:02:41,022] ping.Client<Client:6a002#Client4>:INFO: --------------- Sending request to head --------------
[2017-10-23 00:02:41,028] ping.Client<Client:6a002#Client4>:INFO: --------------- Parsing the unsigned statement --------------
[2017-10-23 00:02:41,028] ping.Client<Client:6a002#Client4>:INFO: --------------- Client updates its dictionary with: -------------- put apple pie
[2017-10-23 00:02:41,029] ping.Client<Client:6a002#Client4>:INFO: --------------- Executing Operation to updata client dictionary with: -------------- put 5443 pie apple
[2017-10-23 00:02:41,029] ping.Client<Client:6a002#Client4>:INFO: --------------- Result upon updating dictionary: -------------- OK
[2017-10-23 00:02:41,029] ping.Client<Client:6a002#Client4>:INFO: --------------- Waiting for Result -------------- 0 5443
[2017-10-23 00:02:41,140] ping.Client<Client:6a002#Client4>:INFO: --------------- Received Result Shuttle --------------
[2017-10-23 00:02:41,140] ping.Client<Client:6a002#Client4>:INFO: --------------- Checking result against expected result --------------
[2017-10-23 00:02:41,140] ping.Client<Client:6a002#Client4>:INFO: --------------- Result in Client Dictionary: -------------- OK
[2017-10-23 00:02:41,140] ping.Client<Client:6a002#Client4>:INFO: --------------- Get Data in global dictionary from olympus for Key: % with ID -------------- apple 6668
[2017-10-23 00:02:41,143] ping.Client<Client:6a002#Client4>:INFO: --------------- Received Data from global dictionary: % for key: % -------------- ['OK', 'shake'] apple
[2017-10-23 00:02:41,143] ping.Client<Client:6a002#Client4>:INFO: --------------- Creating hash digest for result ---------------
[2017-10-23 00:02:41,143] ping.Client<Client:6a002#Client4>:INFO: --------------- Verifying result and signature of result statements --------------
[2017-10-23 00:02:41,144] ping.Client<Client:6a002#Client4>:INFO: --------------- Checking hash digests for results ---------------
[2017-10-23 00:02:41,144] ping.Client<Client:6a002#Client4>:INFO: --------------- Checking hash digests for results ---------------
[2017-10-23 00:02:41,145] ping.Client<Client:6a002#Client4>:INFO: --------------- Checking hash digests for results ---------------
[2017-10-23 00:02:41,145] ping.Client<Client:6a002#Client4>:INFO: --------------- Result Proof Verification check: % -------------- True
[2017-10-23 00:02:41,145] ping.Client<Client:6a002#Client4>:INFO: --------------- Client Dictionary Result: % -------------- OK
[2017-10-23 00:02:41,146] ping.Client<Client:6a002#Client4>:INFO: --------------- Global Dictionary Result: % -------------- ['OK', 'shake']
[2017-10-23 00:02:41,146] ping.Client<Client:6a002#Client4>:INFO: --------------- Result From Replica: % -------------- OK
[2017-10-23 00:02:41,146] ping.Client<Client:6a002#Client4>:INFO: --------------- CLIENT ACCEPTS THE RESULT --------------
