[2017-10-22 23:53:04,281] da.sim.Router<MainProcess>:INFO: Bootstrap succeeded using <UdpTransport(127.0.0.1:24641)>.
[2017-10-22 23:53:04,281] da.api<MainProcess>:INFO: <Node_:Client2> initialized at 127.0.0.1:(UdpTransport=24641, TcpTransport=25326).
[2017-10-22 23:53:04,281] da.api<MainProcess>:INFO: Starting program <module 'ping' from '/Users/selinadeepkaur/Desktop/Byzantine/ping.py'>...
[2017-10-22 23:53:04,282] da.api<MainProcess>:INFO: Running iteration 1 ...
[2017-10-22 23:53:04,282] da.api<MainProcess>:INFO: Waiting for remaining child processes to terminate...(Press "Ctrl-C" to force kill)
[2017-10-22 23:53:57,386] ping.Client<Client:4f002#Client2>:INFO: --------------- ENTERING Client:run ---------------
[2017-10-22 23:53:57,386] ping.Client<Client:4f002#Client2>:INFO: --------------- Requesting Configuration from Olympus---------------
[2017-10-22 23:53:57,806] ping.Client<Client:4f002#Client2>:INFO: --------------- Received Configuration from Olympus --------------
[2017-10-22 23:53:57,807] ping.Client<Client:4f002#Client2>:INFO: --------------- Generating Workload for client --------------
[2017-10-22 23:53:57,808] ping.Client<Client:4f002#Client2>:INFO: --------------- Operations for Client -------------- ["put('movie','war')", " get('movie')"]
[2017-10-22 23:53:57,809] ping.Client<Client:4f002#Client2>:INFO: --------------- Sending Request No: % :: Request Id: % -------------- 0 7388
[2017-10-22 23:53:57,816] ping.Client<Client:4f002#Client2>:INFO: --------------- Signing the request statement: -------------- b"put('movie','war')"
[2017-10-22 23:53:57,816] ping.Client<Client:4f002#Client2>:INFO: --------------- Sending request to head --------------
[2017-10-22 23:53:57,817] ping.Client<Client:4f002#Client2>:INFO: --------------- Parsing the unsigned statement --------------
[2017-10-22 23:53:57,817] ping.Client<Client:4f002#Client2>:INFO: --------------- Client updates its dictionary with: -------------- put movie war
[2017-10-22 23:53:57,818] ping.Client<Client:4f002#Client2>:INFO: --------------- Executing Operation to updata client dictionary with: -------------- put 7388 war movie
[2017-10-22 23:53:57,818] ping.Client<Client:4f002#Client2>:INFO: --------------- Result upon updating dictionary: -------------- OK
[2017-10-22 23:53:57,818] ping.Client<Client:4f002#Client2>:INFO: --------------- Waiting for Result -------------- 0 7388
[2017-10-22 23:53:57,915] ping.Client<Client:4f002#Client2>:INFO: --------------- Received Result Shuttle --------------
[2017-10-22 23:53:57,915] ping.Client<Client:4f002#Client2>:INFO: --------------- Checking result against expected result --------------
[2017-10-22 23:53:57,916] ping.Client<Client:4f002#Client2>:INFO: --------------- Result in Client Dictionary: -------------- OK
[2017-10-22 23:53:57,916] ping.Client<Client:4f002#Client2>:INFO: --------------- Get Data in global dictionary from olympus for Key: % with ID -------------- movie 4587
[2017-10-22 23:53:57,920] ping.Client<Client:4f002#Client2>:INFO: --------------- Received Data from global dictionary: % for key: % -------------- ['OK', 'war'] movie
[2017-10-22 23:53:57,920] ping.Client<Client:4f002#Client2>:INFO: --------------- Creating hash digest for result ---------------
[2017-10-22 23:53:57,921] ping.Client<Client:4f002#Client2>:INFO: --------------- Verifying result and signature of result statements --------------
[2017-10-22 23:53:57,922] ping.Client<Client:4f002#Client2>:INFO: --------------- Checking hash digests for results ---------------
[2017-10-22 23:53:57,922] ping.Client<Client:4f002#Client2>:INFO: --------------- Checking hash digests for results ---------------
[2017-10-22 23:53:57,923] ping.Client<Client:4f002#Client2>:INFO: --------------- Checking hash digests for results ---------------
[2017-10-22 23:53:57,924] ping.Client<Client:4f002#Client2>:INFO: --------------- Result Proof Verification check: % -------------- True
[2017-10-22 23:53:57,924] ping.Client<Client:4f002#Client2>:INFO: --------------- Client Dictionary Result: % -------------- OK
[2017-10-22 23:53:57,924] ping.Client<Client:4f002#Client2>:INFO: --------------- Global Dictionary Result: % -------------- ['OK', 'war']
[2017-10-22 23:53:57,924] ping.Client<Client:4f002#Client2>:INFO: --------------- Result From Replica: % -------------- OK
[2017-10-22 23:53:57,925] ping.Client<Client:4f002#Client2>:INFO: --------------- CLIENT ACCEPTS THE RESULT --------------
[2017-10-22 23:53:57,925] ping.Client<Client:4f002#Client2>:INFO: --------------- Sending Request No: % :: Request Id: % -------------- 1 6191
[2017-10-22 23:53:57,925] ping.Client<Client:4f002#Client2>:INFO: --------------- Signing the request statement: -------------- b"get('movie')"
[2017-10-22 23:53:57,925] ping.Client<Client:4f002#Client2>:INFO: --------------- Sending request to head --------------
[2017-10-22 23:53:57,927] ping.Client<Client:4f002#Client2>:INFO: --------------- Parsing the unsigned statement --------------
[2017-10-22 23:53:57,927] ping.Client<Client:4f002#Client2>:INFO: --------------- Client updates its dictionary with: -------------- get movie 
[2017-10-22 23:53:57,927] ping.Client<Client:4f002#Client2>:INFO: --------------- Executing Operation to updata client dictionary with: -------------- get 6191  movie
[2017-10-22 23:53:57,928] ping.Client<Client:4f002#Client2>:INFO: --------------- Result upon updating dictionary: -------------- war
[2017-10-22 23:53:57,928] ping.Client<Client:4f002#Client2>:INFO: --------------- Waiting for Result -------------- 1 6191
[2017-10-22 23:53:58,033] ping.Client<Client:4f002#Client2>:INFO: --------------- Received Result Shuttle --------------
[2017-10-22 23:53:58,033] ping.Client<Client:4f002#Client2>:INFO: --------------- Checking result against expected result --------------
[2017-10-22 23:53:58,034] ping.Client<Client:4f002#Client2>:INFO: --------------- Result in Client Dictionary: -------------- war
[2017-10-22 23:53:58,034] ping.Client<Client:4f002#Client2>:INFO: --------------- Get Data in global dictionary from olympus for Key: % with ID -------------- movie 5842
[2017-10-22 23:53:58,036] ping.Client<Client:4f002#Client2>:INFO: --------------- Received Data from global dictionary: % for key: % -------------- ['OK', 'war', 'OK'] movie
[2017-10-22 23:53:58,036] ping.Client<Client:4f002#Client2>:INFO: --------------- Creating hash digest for result ---------------
[2017-10-22 23:53:58,036] ping.Client<Client:4f002#Client2>:INFO: --------------- Verifying result and signature of result statements --------------
[2017-10-22 23:53:58,036] ping.Client<Client:4f002#Client2>:INFO: --------------- Checking hash digests for results ---------------
[2017-10-22 23:53:58,037] ping.Client<Client:4f002#Client2>:INFO: --------------- Checking hash digests for results ---------------
[2017-10-22 23:53:58,037] ping.Client<Client:4f002#Client2>:INFO: --------------- Checking hash digests for results ---------------
[2017-10-22 23:53:58,037] ping.Client<Client:4f002#Client2>:INFO: --------------- Result Proof Verification check: % -------------- True
[2017-10-22 23:53:58,038] ping.Client<Client:4f002#Client2>:INFO: --------------- Client Dictionary Result: % -------------- war
[2017-10-22 23:53:58,038] ping.Client<Client:4f002#Client2>:INFO: --------------- Global Dictionary Result: % -------------- ['OK', 'war', 'OK']
[2017-10-22 23:53:58,038] ping.Client<Client:4f002#Client2>:INFO: --------------- Result From Replica: % -------------- war
[2017-10-22 23:53:58,038] ping.Client<Client:4f002#Client2>:INFO: --------------- CLIENT ACCEPTS THE RESULT --------------
[2017-10-23 00:01:11,575] da.api<MainProcess>:WARNING: Received keyboard interrupt. 
[2017-10-23 00:02:24,851] da.sim.Router<MainProcess>:INFO: Bootstrap succeeded using <UdpTransport(127.0.0.1:36817)>.
[2017-10-23 00:02:24,852] da.api<MainProcess>:INFO: <Node_:Client2> initialized at 127.0.0.1:(UdpTransport=36817, TcpTransport=23790).
[2017-10-23 00:02:24,852] da.api<MainProcess>:INFO: Starting program <module 'ping' from '/Users/selinadeepkaur/Desktop/Byzantine/ping.py'>...
[2017-10-23 00:02:24,852] da.api<MainProcess>:INFO: Running iteration 1 ...
[2017-10-23 00:02:24,852] da.api<MainProcess>:INFO: Waiting for remaining child processes to terminate...(Press "Ctrl-C" to force kill)
[2017-10-23 00:02:40,592] ping.Client<Client:fac02#Client2>:INFO: --------------- ENTERING Client:run ---------------
[2017-10-23 00:02:40,592] ping.Client<Client:fac02#Client2>:INFO: --------------- Requesting Configuration from Olympus---------------
[2017-10-23 00:02:41,015] ping.Client<Client:fac02#Client2>:INFO: --------------- Received Configuration from Olympus --------------
[2017-10-23 00:02:41,016] ping.Client<Client:fac02#Client2>:INFO: --------------- Generating Workload for client --------------
[2017-10-23 00:02:41,016] ping.Client<Client:fac02#Client2>:INFO: --------------- Operations for Client -------------- ["put('movie','war')", " get('movie')"]
[2017-10-23 00:02:41,016] ping.Client<Client:fac02#Client2>:INFO: --------------- Sending Request No: % :: Request Id: % -------------- 0 112
[2017-10-23 00:02:41,016] ping.Client<Client:fac02#Client2>:INFO: --------------- Signing the request statement: -------------- b"put('movie','war')"
[2017-10-23 00:02:41,018] ping.Client<Client:fac02#Client2>:INFO: --------------- Sending request to head --------------
[2017-10-23 00:02:41,018] ping.Client<Client:fac02#Client2>:INFO: --------------- Parsing the unsigned statement --------------
[2017-10-23 00:02:41,019] ping.Client<Client:fac02#Client2>:INFO: --------------- Client updates its dictionary with: -------------- put movie war
[2017-10-23 00:02:41,019] ping.Client<Client:fac02#Client2>:INFO: --------------- Executing Operation to updata client dictionary with: -------------- put 112 war movie
[2017-10-23 00:02:41,025] ping.Client<Client:fac02#Client2>:INFO: --------------- Result upon updating dictionary: -------------- OK
[2017-10-23 00:02:41,025] ping.Client<Client:fac02#Client2>:INFO: --------------- Waiting for Result -------------- 0 112
[2017-10-23 00:02:41,077] ping.Client<Client:fac02#Client2>:INFO: --------------- Received Result Shuttle --------------
[2017-10-23 00:02:41,078] ping.Client<Client:fac02#Client2>:INFO: --------------- Checking result against expected result --------------
[2017-10-23 00:02:41,078] ping.Client<Client:fac02#Client2>:INFO: --------------- Result in Client Dictionary: -------------- OK
[2017-10-23 00:02:41,078] ping.Client<Client:fac02#Client2>:INFO: --------------- Get Data in global dictionary from olympus for Key: % with ID -------------- movie 8532
[2017-10-23 00:02:41,080] ping.Client<Client:fac02#Client2>:INFO: --------------- Received Data from global dictionary: % for key: % -------------- ['OK', 'warstar'] movie
[2017-10-23 00:02:41,080] ping.Client<Client:fac02#Client2>:INFO: --------------- Creating hash digest for result ---------------
[2017-10-23 00:02:41,081] ping.Client<Client:fac02#Client2>:INFO: --------------- Verifying result and signature of result statements --------------
[2017-10-23 00:02:41,081] ping.Client<Client:fac02#Client2>:INFO: --------------- Checking hash digests for results ---------------
[2017-10-23 00:02:41,082] ping.Client<Client:fac02#Client2>:INFO: --------------- Checking hash digests for results ---------------
[2017-10-23 00:02:41,082] ping.Client<Client:fac02#Client2>:INFO: --------------- Checking hash digests for results ---------------
[2017-10-23 00:02:41,083] ping.Client<Client:fac02#Client2>:INFO: --------------- Result Proof Verification check: % -------------- True
[2017-10-23 00:02:41,083] ping.Client<Client:fac02#Client2>:INFO: --------------- Client Dictionary Result: % -------------- OK
[2017-10-23 00:02:41,083] ping.Client<Client:fac02#Client2>:INFO: --------------- Global Dictionary Result: % -------------- ['OK', 'warstar']
[2017-10-23 00:02:41,083] ping.Client<Client:fac02#Client2>:INFO: --------------- Result From Replica: % -------------- OK
[2017-10-23 00:02:41,083] ping.Client<Client:fac02#Client2>:INFO: --------------- CLIENT ACCEPTS THE RESULT --------------
[2017-10-23 00:02:41,084] ping.Client<Client:fac02#Client2>:INFO: --------------- Sending Request No: % :: Request Id: % -------------- 1 426
[2017-10-23 00:02:41,084] ping.Client<Client:fac02#Client2>:INFO: --------------- Signing the request statement: -------------- b"get('movie')"
[2017-10-23 00:02:41,084] ping.Client<Client:fac02#Client2>:INFO: --------------- Sending request to head --------------
[2017-10-23 00:02:41,085] ping.Client<Client:fac02#Client2>:INFO: --------------- Parsing the unsigned statement --------------
[2017-10-23 00:02:41,086] ping.Client<Client:fac02#Client2>:INFO: --------------- Client updates its dictionary with: -------------- get movie 
[2017-10-23 00:02:41,087] ping.Client<Client:fac02#Client2>:INFO: --------------- Executing Operation to updata client dictionary with: -------------- get 426  movie
[2017-10-23 00:02:41,087] ping.Client<Client:fac02#Client2>:INFO: --------------- Result upon updating dictionary: -------------- war
[2017-10-23 00:02:41,087] ping.Client<Client:fac02#Client2>:INFO: --------------- Waiting for Result -------------- 1 426
[2017-10-23 00:02:41,242] ping.Client<Client:fac02#Client2>:INFO: --------------- Received Result Shuttle --------------
[2017-10-23 00:02:41,242] ping.Client<Client:fac02#Client2>:INFO: --------------- Checking result against expected result --------------
[2017-10-23 00:02:41,242] ping.Client<Client:fac02#Client2>:INFO: --------------- Result in Client Dictionary: -------------- war
[2017-10-23 00:02:41,243] ping.Client<Client:fac02#Client2>:INFO: --------------- Get Data in global dictionary from olympus for Key: % with ID -------------- movie 8411
[2017-10-23 00:02:41,245] ping.Client<Client:fac02#Client2>:INFO: --------------- Received Data from global dictionary: % for key: % -------------- ['OK', 'warstar', 'OK'] movie
[2017-10-23 00:02:41,245] ping.Client<Client:fac02#Client2>:INFO: --------------- Creating hash digest for result ---------------
[2017-10-23 00:02:41,245] ping.Client<Client:fac02#Client2>:INFO: --------------- Verifying result and signature of result statements --------------
[2017-10-23 00:02:41,245] ping.Client<Client:fac02#Client2>:INFO: --------------- Checking hash digests for results ---------------
[2017-10-23 00:02:41,246] ping.Client<Client:fac02#Client2>:INFO: --------------- Checking hash digests for results ---------------
[2017-10-23 00:02:41,246] ping.Client<Client:fac02#Client2>:INFO: --------------- Checking hash digests for results ---------------
[2017-10-23 00:02:41,247] ping.Client<Client:fac02#Client2>:INFO: --------------- Result Proof Verification check: % -------------- True
[2017-10-23 00:02:41,247] ping.Client<Client:fac02#Client2>:INFO: --------------- Client Dictionary Result: % -------------- war
[2017-10-23 00:02:41,247] ping.Client<Client:fac02#Client2>:INFO: --------------- Global Dictionary Result: % -------------- ['OK', 'warstar', 'OK']
[2017-10-23 00:02:41,247] ping.Client<Client:fac02#Client2>:INFO: --------------- Result From Replica: % -------------- warstar
[2017-10-23 00:02:41,247] ping.Client<Client:fac02#Client2>:INFO: --------------- CLIENT ACCEPTS THE RESULT --------------
