[2017-11-01 19:25:15,068] da.sim.Router<MainProcess>:INFO: Bootstrap succeeded using <UdpTransport(127.0.0.1:11160)>.
[2017-11-01 19:25:15,069] da.api<MainProcess>:INFO: <Node_:Replica1> initialized at 127.0.0.1:(UdpTransport=11160, TcpTransport=17509).
[2017-11-01 19:25:15,069] da.api<MainProcess>:INFO: Starting program <module 'ping' from 'C:\\Users\\SSDN-Dinesh\\Desktop\\SBU\\ASYNC\\BCR\\Asynchronous-Systems\\phase2\\ping.py'>...
[2017-11-01 19:25:15,069] da.api<MainProcess>:INFO: Running iteration 1 ...
[2017-11-01 19:25:15,070] da.api<MainProcess>:INFO: Waiting for remaining child processes to terminate...(Press "Ctrl-C" to force kill)
[2017-11-01 19:26:34,054] ping.Replica<Replica:10002#Replica1>:INFO: --------------- Entering Replica Run: --------------
[2017-11-01 19:26:34,054] ping.Replica<Replica:10002#Replica1>:INFO: --------------- Getting Failures for Replica : --------------
[2017-11-01 19:26:34,055] ping.Replica<Replica:10002#Replica1>:INFO: --------------- Creating Failure Trigger and Failure Action Mapping: --------------
[2017-11-01 19:26:34,055] ping.Replica<Replica:10002#Replica1>:INFO: --------------- Failures for Replica: -------------- Failures
[2017-11-01 19:26:34,055] ping.Replica<Replica:10002#Replica1>:INFO: {'forwarded_request(0, 0)': 'change_result()'}
[2017-11-01 19:26:34,077] ping.Replica<Replica:10002#Replica1>:INFO: --------------------- Replica:receives:signedRequestStatement from previous replica -----------------------
[2017-11-01 19:26:34,078] ping.Replica<Replica:10002#Replica1>:INFO: --------------------- Received Request message number:[0 ; client Id: [0] ; request Id: [8020]-----------------------
[2017-11-01 19:26:34,080] ping.Replica<Replica:10002#Replica1>:INFO: --------------------- Unsigned Statement from client ----------------------- b"append('movie',' wars')"
[2017-11-01 19:26:34,080] ping.Replica<Replica:10002#Replica1>:INFO: --------------- Parsing the unsigned statement --------------
[2017-11-01 19:26:34,080] ping.Replica<Replica:10002#Replica1>:INFO: --------------- Check for Result Proof Integrity:[Result-Statements:Signatures] and Result--------------
[2017-11-01 19:26:34,083] ping.Replica<Replica:10002#Replica1>:INFO: --------------------- Verifying Order Proofs ----------------------- True
[2017-11-01 19:26:34,084] ping.Replica<Replica:10002#Replica1>:INFO: --------------- Verifying:[Result-Statements:Signatures] --------------
[2017-11-01 19:26:34,087] ping.Replica<Replica:10002#Replica1>:INFO: --------------------- Verifying Result Proofs ----------------------- True
[2017-11-01 19:26:34,087] ping.Replica<Replica:10002#Replica1>:INFO: --------------------- Checking for failures -----------------------
[2017-11-01 19:26:34,087] ping.Replica<Replica:10002#Replica1>:INFO: --------------- Get Failure Action --------------
[2017-11-01 19:26:34,088] ping.Replica<Replica:10002#Replica1>:INFO: --------------------- Failure Check:[notFound] Failure action:None-----------------------
[2017-11-01 19:26:34,088] ping.Replica<Replica:10002#Replica1>:INFO: --------------- Check for <Slot,Operation> Integrity--------------
[2017-11-01 19:26:34,088] ping.Replica<Replica:10002#Replica1>:INFO: --------------- Check for holes in Replica history --------------
[2017-11-01 19:26:34,088] ping.Replica<Replica:10002#Replica1>:INFO: --------------------- Slot Consistency: false Holes Found: False--------------------
[2017-11-01 19:26:34,088] ping.Replica<Replica:10002#Replica1>:INFO: --------------- Executing Operation to updata client dictionary with: --------------
[2017-11-01 19:26:34,089] ping.Replica<Replica:10002#Replica1>:INFO: --------------------- Failure Check:[notFound] Failure action:None-----------------------
[2017-11-01 19:26:34,089] ping.Replica<Replica:10002#Replica1>:INFO: --- Create Signed Order Statement and Result Statement with: slot: 0, operation: b"append('movie',' wars')", resultfail--------------
[2017-11-01 19:26:34,090] ping.Replica<Replica:10002#Replica1>:INFO: --------------- Creating hash digest for result ---------------
[2017-11-01 19:26:34,091] ping.Replica<Replica:10002#Replica1>:INFO: --------------------- Failure Check:[notFound] Failure action:None-----------------------
[2017-11-01 19:26:34,091] ping.Replica<Replica:10002#Replica1>:INFO: --------------------- Data in Client Dictionary  {}
[2017-11-01 19:26:34,092] ping.Replica<Replica:10002#Replica1>:INFO: -------------------------- Append to Replica History slot:0 operation:b"append('movie',' wars')" request Id:8020 --------------
[2017-11-01 19:26:34,092] ping.Replica<Replica:10002#Replica1>:INFO: --------------------- Creating Shuttle -----------------------
[2017-11-01 19:26:34,092] ping.Replica<Replica:10002#Replica1>:INFO: --------------------- Sending Statement:: message number0 from client: 0 to Next Replica -----------------------
[2017-11-01 19:26:34,093] ping.Replica<Replica:10002#Replica1>:INFO: --------------------- Replica:receives:signedRequestStatement from previous replica -----------------------
[2017-11-01 19:26:34,094] ping.Replica<Replica:10002#Replica1>:INFO: --------------------- Received Request message number:[0 ; client Id: [1] ; request Id: [964]-----------------------
[2017-11-01 19:26:34,097] ping.Replica<Replica:10002#Replica1>:INFO: --------------------- Unsigned Statement from client ----------------------- b"put('movie','star')"
[2017-11-01 19:26:34,097] ping.Replica<Replica:10002#Replica1>:INFO: --------------- Parsing the unsigned statement --------------
[2017-11-01 19:26:34,097] ping.Replica<Replica:10002#Replica1>:INFO: --------------- Check for Result Proof Integrity:[Result-Statements:Signatures] and Result--------------
[2017-11-01 19:26:34,100] ping.Replica<Replica:10002#Replica1>:INFO: --------------------- Verifying Order Proofs ----------------------- True
[2017-11-01 19:26:34,101] ping.Replica<Replica:10002#Replica1>:INFO: --------------- Verifying:[Result-Statements:Signatures] --------------
[2017-11-01 19:26:34,104] ping.Replica<Replica:10002#Replica1>:INFO: --------------------- Verifying Result Proofs ----------------------- True
[2017-11-01 19:26:34,104] ping.Replica<Replica:10002#Replica1>:INFO: --------------------- Checking for failures -----------------------
[2017-11-01 19:26:34,104] ping.Replica<Replica:10002#Replica1>:INFO: --------------- Get Failure Action --------------
[2017-11-01 19:26:34,104] ping.Replica<Replica:10002#Replica1>:INFO: --------------------- Failure Check:[notFound] Failure action:None-----------------------
[2017-11-01 19:26:34,105] ping.Replica<Replica:10002#Replica1>:INFO: --------------- Check for <Slot,Operation> Integrity--------------
[2017-11-01 19:26:34,105] ping.Replica<Replica:10002#Replica1>:INFO: --------------- Check for holes in Replica history --------------
[2017-11-01 19:26:34,106] ping.Replica<Replica:10002#Replica1>:INFO: --------------------- Slot Consistency: false Holes Found: False--------------------
[2017-11-01 19:26:34,106] ping.Replica<Replica:10002#Replica1>:INFO: --------------- Executing Operation to updata client dictionary with: --------------
[2017-11-01 19:26:34,106] ping.Replica<Replica:10002#Replica1>:INFO: --------------------- Failure Check:[notFound] Failure action:None-----------------------
[2017-11-01 19:26:34,106] ping.Replica<Replica:10002#Replica1>:INFO: --- Create Signed Order Statement and Result Statement with: slot: 1, operation: b"put('movie','star')", resultOK--------------
[2017-11-01 19:26:34,107] ping.Replica<Replica:10002#Replica1>:INFO: --------------- Creating hash digest for result ---------------
[2017-11-01 19:26:34,108] ping.Replica<Replica:10002#Replica1>:INFO: --------------------- Failure Check:[notFound] Failure action:None-----------------------
[2017-11-01 19:26:34,108] ping.Replica<Replica:10002#Replica1>:INFO: --------------------- Data in Client Dictionary  {'movie': 'star'}
[2017-11-01 19:26:34,108] ping.Replica<Replica:10002#Replica1>:INFO: -------------------------- Append to Replica History slot:1 operation:b"put('movie','star')" request Id:964 --------------
[2017-11-01 19:26:34,108] ping.Replica<Replica:10002#Replica1>:INFO: --------------------- Creating Shuttle -----------------------
[2017-11-01 19:26:34,109] ping.Replica<Replica:10002#Replica1>:INFO: --------------------- Sending Statement:: message number0 from client: 1 to Next Replica -----------------------
[2017-11-01 19:26:34,118] ping.Replica<Replica:10002#Replica1>:INFO: -------------------- Received Result Shuttle from Next Replica -------------------------
[2017-11-01 19:26:34,118] ping.Replica<Replica:10002#Replica1>:INFO: --------------------- Received Result Shuttle: Result Shuttle No.0 for Client [0]-----------------------
[2017-11-01 19:26:34,118] ping.Replica<Replica:10002#Replica1>:OUTPUT: receivedResult fail
[2017-11-01 19:26:34,119] ping.Replica<Replica:10002#Replica1>:INFO: --------------- Creating hash digest for result ---------------
[2017-11-01 19:26:34,119] ping.Replica<Replica:10002#Replica1>:INFO: --------------- Check for Result Proof Integrity:[Result-Statements:Signatures] and Result--------------
[2017-11-01 19:26:34,121] ping.Replica<Replica:10002#Replica1>:INFO: --------------- Checking hash digests for results ---------------
[2017-11-01 19:26:34,124] ping.Replica<Replica:10002#Replica1>:INFO: --------------- Checking hash digests for results ---------------
[2017-11-01 19:26:34,127] ping.Replica<Replica:10002#Replica1>:INFO: --------------- Checking hash digests for results ---------------
[2017-11-01 19:26:34,128] ping.Replica<Replica:10002#Replica1>:INFO: --------------- Get Failure Action --------------
[2017-11-01 19:26:34,128] ping.Replica<Replica:10002#Replica1>:INFO: --------------------- Failure Check:[notFound] Failure action:None-----------------------
[2017-11-01 19:26:34,128] ping.Replica<Replica:10002#Replica1>:INFO: --------------------- Failure Check:[notFound] Failure action:None-----------------------
[2017-11-01 19:26:34,128] ping.Replica<Replica:10002#Replica1>:INFO: --------------- Append Result to Result Cache --------------
[2017-11-01 19:26:34,129] ping.Replica<Replica:10002#Replica1>:INFO: --------------------- Sending ResultShuttle: No:[0] to Previous Replica: [0] -----------------------
[2017-11-01 19:26:34,140] ping.Replica<Replica:10002#Replica1>:INFO: -------------------- Received Result Shuttle from Next Replica -------------------------
[2017-11-01 19:26:34,140] ping.Replica<Replica:10002#Replica1>:INFO: --------------------- Received Result Shuttle: Result Shuttle No.1 for Client [1]-----------------------
[2017-11-01 19:26:34,140] ping.Replica<Replica:10002#Replica1>:OUTPUT: receivedResult OK
[2017-11-01 19:26:34,141] ping.Replica<Replica:10002#Replica1>:INFO: --------------- Creating hash digest for result ---------------
[2017-11-01 19:26:34,141] ping.Replica<Replica:10002#Replica1>:INFO: --------------- Check for Result Proof Integrity:[Result-Statements:Signatures] and Result--------------
[2017-11-01 19:26:34,144] ping.Replica<Replica:10002#Replica1>:INFO: --------------- Checking hash digests for results ---------------
[2017-11-01 19:26:34,147] ping.Replica<Replica:10002#Replica1>:INFO: --------------- Checking hash digests for results ---------------
[2017-11-01 19:26:34,150] ping.Replica<Replica:10002#Replica1>:INFO: --------------- Checking hash digests for results ---------------
[2017-11-01 19:26:34,151] ping.Replica<Replica:10002#Replica1>:INFO: --------------- Get Failure Action --------------
[2017-11-01 19:26:34,151] ping.Replica<Replica:10002#Replica1>:INFO: --------------------- Failure Check:[notFound] Failure action:None-----------------------
[2017-11-01 19:26:34,151] ping.Replica<Replica:10002#Replica1>:INFO: --------------------- Failure Check:[notFound] Failure action:None-----------------------
[2017-11-01 19:26:34,151] ping.Replica<Replica:10002#Replica1>:INFO: --------------- Append Result to Result Cache --------------
[2017-11-01 19:26:34,152] ping.Replica<Replica:10002#Replica1>:INFO: --------------------- Sending ResultShuttle: No:[1] to Previous Replica: [0] -----------------------
[2017-11-01 19:26:44,072] ping.Replica<Replica:10002#Replica1>:INFO: --------------------- Replica:receives:retransmission from Client -----------------------
[2017-11-01 19:26:44,074] ping.Replica<Replica:10002#Replica1>:INFO: --------------------- Request client Id: [0] ; request Id: [8020]-----------------------
[2017-11-01 19:26:44,079] ping.Replica<Replica:10002#Replica1>:INFO: --------------------- Unsigned Statement from client b"append('movie',' wars')"-----------------------
[2017-11-01 19:26:44,081] ping.Replica<Replica:10002#Replica1>:INFO: --------------- Get Result From Result Cache --------------
[2017-11-01 19:26:44,081] ping.Replica<Replica:10002#Replica1>:INFO: ---------------------Found in Result Cache-----------------------
[2017-11-01 19:26:44,087] ping.Replica<Replica:10002#Replica1>:INFO: --------------------- Result Found:Sending ResultShuttle:to Client: [0] -----------------------
[2017-11-01 19:26:44,090] ping.Replica<Replica:10002#Replica1>:INFO: --------------------- Replica:receives:retransmission from Client -----------------------
[2017-11-01 19:26:44,092] ping.Replica<Replica:10002#Replica1>:INFO: --------------------- Request client Id: [1] ; request Id: [964]-----------------------
[2017-11-01 19:26:44,097] ping.Replica<Replica:10002#Replica1>:INFO: --------------------- Unsigned Statement from client b"put('movie','star')"-----------------------
[2017-11-01 19:26:44,098] ping.Replica<Replica:10002#Replica1>:INFO: --------------- Get Result From Result Cache --------------
[2017-11-01 19:26:44,099] ping.Replica<Replica:10002#Replica1>:INFO: ---------------------Found in Result Cache-----------------------
[2017-11-01 19:26:44,100] ping.Replica<Replica:10002#Replica1>:INFO: --------------------- Result Found:Sending ResultShuttle:to Client: [1] -----------------------
[2017-11-01 19:26:44,121] ping.Replica<Replica:10002#Replica1>:INFO: --------------------- Replica:receives:signedRequestStatement from previous replica -----------------------
[2017-11-01 19:26:44,126] ping.Replica<Replica:10002#Replica1>:INFO: --------------------- Received Request message number:[1 ; client Id: [0] ; request Id: [4193]-----------------------
[2017-11-01 19:26:44,137] ping.Replica<Replica:10002#Replica1>:INFO: --------------------- Unsigned Statement from client ----------------------- b"get('movie')"
[2017-11-01 19:26:44,144] ping.Replica<Replica:10002#Replica1>:INFO: --------------- Parsing the unsigned statement --------------
[2017-11-01 19:26:44,144] ping.Replica<Replica:10002#Replica1>:INFO: --------------- Check for Result Proof Integrity:[Result-Statements:Signatures] and Result--------------
[2017-11-01 19:26:44,148] ping.Replica<Replica:10002#Replica1>:INFO: --------------------- Verifying Order Proofs ----------------------- True
[2017-11-01 19:26:44,148] ping.Replica<Replica:10002#Replica1>:INFO: --------------- Verifying:[Result-Statements:Signatures] --------------
[2017-11-01 19:26:44,151] ping.Replica<Replica:10002#Replica1>:INFO: --------------------- Verifying Result Proofs ----------------------- True
[2017-11-01 19:26:44,151] ping.Replica<Replica:10002#Replica1>:INFO: --------------------- Checking for failures -----------------------
[2017-11-01 19:26:44,152] ping.Replica<Replica:10002#Replica1>:INFO: --------------- Get Failure Action --------------
[2017-11-01 19:26:44,153] ping.Replica<Replica:10002#Replica1>:INFO: --------------------- Failure Check:[notFound] Failure action:None-----------------------
[2017-11-01 19:26:44,154] ping.Replica<Replica:10002#Replica1>:INFO: --------------- Check for <Slot,Operation> Integrity--------------
[2017-11-01 19:26:44,154] ping.Replica<Replica:10002#Replica1>:INFO: --------------- Check for holes in Replica history --------------
[2017-11-01 19:26:44,154] ping.Replica<Replica:10002#Replica1>:INFO: --------------------- Slot Consistency: false Holes Found: False--------------------
[2017-11-01 19:26:44,155] ping.Replica<Replica:10002#Replica1>:INFO: --------------- Executing Operation to updata client dictionary with: --------------
[2017-11-01 19:26:44,155] ping.Replica<Replica:10002#Replica1>:INFO: --------------------- Failure Check:[notFound] Failure action:None-----------------------
[2017-11-01 19:26:44,155] ping.Replica<Replica:10002#Replica1>:INFO: --- Create Signed Order Statement and Result Statement with: slot: 2, operation: b"get('movie')", resultstar--------------
[2017-11-01 19:26:44,156] ping.Replica<Replica:10002#Replica1>:INFO: --------------- Creating hash digest for result ---------------
[2017-11-01 19:26:44,157] ping.Replica<Replica:10002#Replica1>:INFO: --------------------- Failure Check:[notFound] Failure action:None-----------------------
[2017-11-01 19:26:44,158] ping.Replica<Replica:10002#Replica1>:INFO: --------------------- Data in Client Dictionary  {'movie': 'star'}
[2017-11-01 19:26:44,158] ping.Replica<Replica:10002#Replica1>:INFO: -------------------------- Append to Replica History slot:2 operation:b"get('movie')" request Id:4193 --------------
[2017-11-01 19:26:44,158] ping.Replica<Replica:10002#Replica1>:INFO: --------------------- Creating Shuttle -----------------------
[2017-11-01 19:26:44,158] ping.Replica<Replica:10002#Replica1>:INFO: --------------------- Sending Statement:: message number1 from client: 0 to Next Replica -----------------------
[2017-11-01 19:26:44,160] ping.Replica<Replica:10002#Replica1>:INFO: --------------------- Replica:receives:signedRequestStatement from previous replica -----------------------
[2017-11-01 19:26:44,160] ping.Replica<Replica:10002#Replica1>:INFO: --------------------- Received Request message number:[1 ; client Id: [1] ; request Id: [9866]-----------------------
[2017-11-01 19:26:44,163] ping.Replica<Replica:10002#Replica1>:INFO: --------------------- Unsigned Statement from client ----------------------- b"get('movie')"
[2017-11-01 19:26:44,163] ping.Replica<Replica:10002#Replica1>:INFO: --------------- Parsing the unsigned statement --------------
[2017-11-01 19:26:44,164] ping.Replica<Replica:10002#Replica1>:INFO: --------------- Check for Result Proof Integrity:[Result-Statements:Signatures] and Result--------------
[2017-11-01 19:26:44,171] ping.Replica<Replica:10002#Replica1>:INFO: --------------------- Verifying Order Proofs ----------------------- True
[2017-11-01 19:26:44,173] ping.Replica<Replica:10002#Replica1>:INFO: --------------- Verifying:[Result-Statements:Signatures] --------------
[2017-11-01 19:26:44,177] ping.Replica<Replica:10002#Replica1>:INFO: --------------------- Verifying Result Proofs ----------------------- True
[2017-11-01 19:26:44,178] ping.Replica<Replica:10002#Replica1>:INFO: --------------------- Checking for failures -----------------------
[2017-11-01 19:26:44,178] ping.Replica<Replica:10002#Replica1>:INFO: --------------- Get Failure Action --------------
[2017-11-01 19:26:44,179] ping.Replica<Replica:10002#Replica1>:INFO: --------------------- Failure Check:[notFound] Failure action:None-----------------------
[2017-11-01 19:26:44,180] ping.Replica<Replica:10002#Replica1>:INFO: --------------- Check for <Slot,Operation> Integrity--------------
[2017-11-01 19:26:44,181] ping.Replica<Replica:10002#Replica1>:INFO: --------------- Check for holes in Replica history --------------
[2017-11-01 19:26:44,182] ping.Replica<Replica:10002#Replica1>:INFO: --------------------- Slot Consistency: false Holes Found: False--------------------
[2017-11-01 19:26:44,183] ping.Replica<Replica:10002#Replica1>:INFO: --------------- Executing Operation to updata client dictionary with: --------------
[2017-11-01 19:26:44,183] ping.Replica<Replica:10002#Replica1>:INFO: --------------------- Failure Check:[notFound] Failure action:None-----------------------
[2017-11-01 19:26:44,183] ping.Replica<Replica:10002#Replica1>:INFO: --- Create Signed Order Statement and Result Statement with: slot: 3, operation: b"get('movie')", resultstar--------------
[2017-11-01 19:26:44,184] ping.Replica<Replica:10002#Replica1>:INFO: --------------- Creating hash digest for result ---------------
[2017-11-01 19:26:44,185] ping.Replica<Replica:10002#Replica1>:INFO: --------------------- Failure Check:[notFound] Failure action:None-----------------------
[2017-11-01 19:26:44,185] ping.Replica<Replica:10002#Replica1>:INFO: --------------------- Data in Client Dictionary  {'movie': 'star'}
[2017-11-01 19:26:44,185] ping.Replica<Replica:10002#Replica1>:INFO: -------------------------- Append to Replica History slot:3 operation:b"get('movie')" request Id:9866 --------------
[2017-11-01 19:26:44,186] ping.Replica<Replica:10002#Replica1>:INFO: --------------------- Creating Shuttle -----------------------
[2017-11-01 19:26:44,186] ping.Replica<Replica:10002#Replica1>:INFO: --------------------- Sending Statement:: message number1 from client: 1 to Next Replica -----------------------
[2017-11-01 19:26:44,187] ping.Replica<Replica:10002#Replica1>:INFO: -------------------- Received Result Shuttle from Next Replica -------------------------
[2017-11-01 19:26:44,187] ping.Replica<Replica:10002#Replica1>:INFO: --------------------- Received Result Shuttle: Result Shuttle No.2 for Client [0]-----------------------
[2017-11-01 19:26:44,188] ping.Replica<Replica:10002#Replica1>:OUTPUT: receivedResult star
[2017-11-01 19:26:44,188] ping.Replica<Replica:10002#Replica1>:INFO: --------------- Creating hash digest for result ---------------
[2017-11-01 19:26:44,189] ping.Replica<Replica:10002#Replica1>:INFO: --------------- Check for Result Proof Integrity:[Result-Statements:Signatures] and Result--------------
[2017-11-01 19:26:44,192] ping.Replica<Replica:10002#Replica1>:INFO: --------------- Checking hash digests for results ---------------
[2017-11-01 19:26:44,195] ping.Replica<Replica:10002#Replica1>:INFO: --------------- Checking hash digests for results ---------------
[2017-11-01 19:26:44,197] ping.Replica<Replica:10002#Replica1>:INFO: --------------- Checking hash digests for results ---------------
[2017-11-01 19:26:44,198] ping.Replica<Replica:10002#Replica1>:INFO: --------------- Get Failure Action --------------
[2017-11-01 19:26:44,198] ping.Replica<Replica:10002#Replica1>:INFO: --------------------- Failure Check:[notFound] Failure action:None-----------------------
[2017-11-01 19:26:44,198] ping.Replica<Replica:10002#Replica1>:INFO: --------------------- Failure Check:[notFound] Failure action:None-----------------------
[2017-11-01 19:26:44,198] ping.Replica<Replica:10002#Replica1>:INFO: --------------- Append Result to Result Cache --------------
[2017-11-01 19:26:44,198] ping.Replica<Replica:10002#Replica1>:INFO: --------------------- Sending ResultShuttle: No:[2] to Previous Replica: [0] -----------------------
[2017-11-01 19:26:44,225] ping.Replica<Replica:10002#Replica1>:INFO: -------------------- Received Result Shuttle from Next Replica -------------------------
[2017-11-01 19:26:44,225] ping.Replica<Replica:10002#Replica1>:INFO: --------------------- Received Result Shuttle: Result Shuttle No.3 for Client [1]-----------------------
[2017-11-01 19:26:44,226] ping.Replica<Replica:10002#Replica1>:OUTPUT: receivedResult star
[2017-11-01 19:26:44,226] ping.Replica<Replica:10002#Replica1>:INFO: --------------- Creating hash digest for result ---------------
[2017-11-01 19:26:44,226] ping.Replica<Replica:10002#Replica1>:INFO: --------------- Check for Result Proof Integrity:[Result-Statements:Signatures] and Result--------------
[2017-11-01 19:26:44,229] ping.Replica<Replica:10002#Replica1>:INFO: --------------- Checking hash digests for results ---------------
[2017-11-01 19:26:44,232] ping.Replica<Replica:10002#Replica1>:INFO: --------------- Checking hash digests for results ---------------
[2017-11-01 19:26:44,235] ping.Replica<Replica:10002#Replica1>:INFO: --------------- Checking hash digests for results ---------------
[2017-11-01 19:26:44,235] ping.Replica<Replica:10002#Replica1>:INFO: --------------- Get Failure Action --------------
[2017-11-01 19:26:44,236] ping.Replica<Replica:10002#Replica1>:INFO: --------------------- Failure Check:[notFound] Failure action:None-----------------------
[2017-11-01 19:26:44,236] ping.Replica<Replica:10002#Replica1>:INFO: --------------------- Failure Check:[notFound] Failure action:None-----------------------
[2017-11-01 19:26:44,236] ping.Replica<Replica:10002#Replica1>:INFO: --------------- Append Result to Result Cache --------------
[2017-11-01 19:26:44,237] ping.Replica<Replica:10002#Replica1>:INFO: --------------------- Sending ResultShuttle: No:[3] to Previous Replica: [0] -----------------------
[2017-11-01 19:26:54,236] ping.Replica<Replica:10002#Replica1>:INFO: --------------------- Replica:receives:retransmission from Client -----------------------
[2017-11-01 19:26:54,248] ping.Replica<Replica:10002#Replica1>:INFO: --------------------- Request client Id: [0] ; request Id: [4193]-----------------------
[2017-11-01 19:26:54,265] ping.Replica<Replica:10002#Replica1>:INFO: --------------------- Unsigned Statement from client b"get('movie')"-----------------------
[2017-11-01 19:26:54,271] ping.Replica<Replica:10002#Replica1>:INFO: --------------- Get Result From Result Cache --------------
[2017-11-01 19:26:54,275] ping.Replica<Replica:10002#Replica1>:INFO: ---------------------Found in Result Cache-----------------------
[2017-11-01 19:26:54,279] ping.Replica<Replica:10002#Replica1>:INFO: --------------------- Result Found:Sending ResultShuttle:to Client: [0] -----------------------
[2017-11-01 19:26:54,284] ping.Replica<Replica:10002#Replica1>:INFO: --------------------- Replica:receives:retransmission from Client -----------------------
[2017-11-01 19:26:54,285] ping.Replica<Replica:10002#Replica1>:INFO: --------------------- Request client Id: [1] ; request Id: [9866]-----------------------
[2017-11-01 19:26:54,309] ping.Replica<Replica:10002#Replica1>:INFO: --------------------- Unsigned Statement from client b"get('movie')"-----------------------
[2017-11-01 19:26:54,318] ping.Replica<Replica:10002#Replica1>:INFO: --------------- Get Result From Result Cache --------------
[2017-11-01 19:26:54,321] ping.Replica<Replica:10002#Replica1>:INFO: ---------------------Found in Result Cache-----------------------
[2017-11-01 19:26:54,322] ping.Replica<Replica:10002#Replica1>:INFO: --------------------- Result Found:Sending ResultShuttle:to Client: [1] -----------------------
[2017-11-01 19:37:15,391] da.sim.Router<MainProcess>:INFO: Bootstrap succeeded using <UdpTransport(127.0.0.1:13140)>.
[2017-11-01 19:37:15,391] da.api<MainProcess>:INFO: <Node_:Replica1> initialized at 127.0.0.1:(UdpTransport=13140, TcpTransport=32163).
[2017-11-01 19:37:15,391] da.api<MainProcess>:INFO: Starting program <module 'ping' from 'C:\\Users\\SSDN-Dinesh\\Desktop\\SBU\\ASYNC\\BCR\\Asynchronous-Systems\\phase2\\ping.py'>...
[2017-11-01 19:37:15,392] da.api<MainProcess>:INFO: Running iteration 1 ...
[2017-11-01 19:37:15,393] da.api<MainProcess>:INFO: Waiting for remaining child processes to terminate...(Press "Ctrl-C" to force kill)
[2017-11-01 19:37:47,714] ping.Replica<Replica:6d002#Replica1>:INFO: --------------- Entering Replica Run: --------------
[2017-11-01 19:37:47,715] ping.Replica<Replica:6d002#Replica1>:INFO: --------------- Getting Failures for Replica : --------------
[2017-11-01 19:37:47,715] ping.Replica<Replica:6d002#Replica1>:INFO: --------------- Creating Failure Trigger and Failure Action Mapping: --------------
[2017-11-01 19:37:47,715] ping.Replica<Replica:6d002#Replica1>:INFO: --------------- Failures for Replica: -------------- Failures
[2017-11-01 19:37:47,716] ping.Replica<Replica:6d002#Replica1>:INFO: {'forwarded_request(0, 0)': 'change_result()'}
[2017-11-01 19:37:47,737] ping.Replica<Replica:6d002#Replica1>:INFO: --------------------- Replica:receives:signedRequestStatement from previous replica -----------------------
[2017-11-01 19:37:47,738] ping.Replica<Replica:6d002#Replica1>:INFO: --------------------- Received Request message number:[0 ; client Id: [0] ; request Id: [1840]-----------------------
[2017-11-01 19:37:47,741] ping.Replica<Replica:6d002#Replica1>:INFO: --------------------- Unsigned Statement from client ----------------------- b"append('movie',' wars')"
[2017-11-01 19:37:47,742] ping.Replica<Replica:6d002#Replica1>:INFO: --------------- Parsing the unsigned statement --------------
[2017-11-01 19:37:47,742] ping.Replica<Replica:6d002#Replica1>:INFO: --------------- Check for Result Proof Integrity:[Result-Statements:Signatures] and Result--------------
[2017-11-01 19:37:47,745] ping.Replica<Replica:6d002#Replica1>:INFO: --------------------- Verifying Order Proofs ----------------------- True
[2017-11-01 19:37:47,746] ping.Replica<Replica:6d002#Replica1>:INFO: --------------- Verifying:[Result-Statements:Signatures] --------------
[2017-11-01 19:37:47,749] ping.Replica<Replica:6d002#Replica1>:INFO: --------------------- Verifying Result Proofs ----------------------- True
[2017-11-01 19:37:47,749] ping.Replica<Replica:6d002#Replica1>:INFO: --------------------- Checking for failures -----------------------
[2017-11-01 19:37:47,750] ping.Replica<Replica:6d002#Replica1>:INFO: --------------- Get Failure Action --------------
[2017-11-01 19:37:47,750] ping.Replica<Replica:6d002#Replica1>:INFO: --------------------- Failure Check:[notFound] Failure action:None-----------------------
[2017-11-01 19:37:47,751] ping.Replica<Replica:6d002#Replica1>:INFO: --------------- Check for <Slot,Operation> Integrity--------------
[2017-11-01 19:37:47,751] ping.Replica<Replica:6d002#Replica1>:INFO: --------------- Check for holes in Replica history --------------
[2017-11-01 19:37:47,751] ping.Replica<Replica:6d002#Replica1>:INFO: --------------------- Slot Consistency: false Holes Found: False--------------------
[2017-11-01 19:37:47,751] ping.Replica<Replica:6d002#Replica1>:INFO: --------------- Executing Operation to updata client dictionary with: --------------
[2017-11-01 19:37:47,752] ping.Replica<Replica:6d002#Replica1>:INFO: --------------------- Failure Check:[notFound] Failure action:None-----------------------
[2017-11-01 19:37:47,752] ping.Replica<Replica:6d002#Replica1>:INFO: --- Create Signed Order Statement and Result Statement with: slot: 0, operation: b"append('movie',' wars')", resultfail--------------
[2017-11-01 19:37:47,753] ping.Replica<Replica:6d002#Replica1>:INFO: --------------- Creating hash digest for result ---------------
[2017-11-01 19:37:47,754] ping.Replica<Replica:6d002#Replica1>:INFO: --------------------- Failure Check:[notFound] Failure action:None-----------------------
[2017-11-01 19:37:47,755] ping.Replica<Replica:6d002#Replica1>:INFO: --------------------- Data in Client Dictionary  {}
[2017-11-01 19:37:47,755] ping.Replica<Replica:6d002#Replica1>:INFO: -------------------------- Append to Replica History slot:0 operation:b"append('movie',' wars')" request Id:1840 --------------
[2017-11-01 19:37:47,755] ping.Replica<Replica:6d002#Replica1>:INFO: --------------------- Creating Shuttle -----------------------
[2017-11-01 19:37:47,756] ping.Replica<Replica:6d002#Replica1>:INFO: --------------------- Sending Statement:: message number0 from client: 0 to Next Replica -----------------------
[2017-11-01 19:37:47,758] ping.Replica<Replica:6d002#Replica1>:INFO: --------------------- Replica:receives:signedRequestStatement from previous replica -----------------------
[2017-11-01 19:37:47,758] ping.Replica<Replica:6d002#Replica1>:INFO: --------------------- Received Request message number:[0 ; client Id: [1] ; request Id: [652]-----------------------
[2017-11-01 19:37:47,761] ping.Replica<Replica:6d002#Replica1>:INFO: --------------------- Unsigned Statement from client ----------------------- b"put('movie','star')"
[2017-11-01 19:37:47,761] ping.Replica<Replica:6d002#Replica1>:INFO: --------------- Parsing the unsigned statement --------------
[2017-11-01 19:37:47,761] ping.Replica<Replica:6d002#Replica1>:INFO: --------------- Check for Result Proof Integrity:[Result-Statements:Signatures] and Result--------------
[2017-11-01 19:37:47,764] ping.Replica<Replica:6d002#Replica1>:INFO: --------------------- Verifying Order Proofs ----------------------- True
[2017-11-01 19:37:47,764] ping.Replica<Replica:6d002#Replica1>:INFO: --------------- Verifying:[Result-Statements:Signatures] --------------
[2017-11-01 19:37:47,767] ping.Replica<Replica:6d002#Replica1>:INFO: --------------------- Verifying Result Proofs ----------------------- True
[2017-11-01 19:37:47,767] ping.Replica<Replica:6d002#Replica1>:INFO: --------------------- Checking for failures -----------------------
[2017-11-01 19:37:47,767] ping.Replica<Replica:6d002#Replica1>:INFO: --------------- Get Failure Action --------------
[2017-11-01 19:37:47,768] ping.Replica<Replica:6d002#Replica1>:INFO: --------------------- Failure Check:[notFound] Failure action:None-----------------------
[2017-11-01 19:37:47,768] ping.Replica<Replica:6d002#Replica1>:INFO: --------------- Check for <Slot,Operation> Integrity--------------
[2017-11-01 19:37:47,768] ping.Replica<Replica:6d002#Replica1>:INFO: --------------- Check for holes in Replica history --------------
[2017-11-01 19:37:47,768] ping.Replica<Replica:6d002#Replica1>:INFO: --------------------- Slot Consistency: false Holes Found: False--------------------
[2017-11-01 19:37:47,769] ping.Replica<Replica:6d002#Replica1>:INFO: --------------- Executing Operation to updata client dictionary with: --------------
[2017-11-01 19:37:47,769] ping.Replica<Replica:6d002#Replica1>:INFO: --------------------- Failure Check:[notFound] Failure action:None-----------------------
[2017-11-01 19:37:47,769] ping.Replica<Replica:6d002#Replica1>:INFO: --- Create Signed Order Statement and Result Statement with: slot: 1, operation: b"put('movie','star')", resultOK--------------
[2017-11-01 19:37:47,770] ping.Replica<Replica:6d002#Replica1>:INFO: --------------- Creating hash digest for result ---------------
[2017-11-01 19:37:47,771] ping.Replica<Replica:6d002#Replica1>:INFO: --------------------- Failure Check:[notFound] Failure action:None-----------------------
[2017-11-01 19:37:47,771] ping.Replica<Replica:6d002#Replica1>:INFO: --------------------- Data in Client Dictionary  {'movie': 'star'}
[2017-11-01 19:37:47,771] ping.Replica<Replica:6d002#Replica1>:INFO: -------------------------- Append to Replica History slot:1 operation:b"put('movie','star')" request Id:652 --------------
[2017-11-01 19:37:47,772] ping.Replica<Replica:6d002#Replica1>:INFO: --------------------- Creating Shuttle -----------------------
[2017-11-01 19:37:47,772] ping.Replica<Replica:6d002#Replica1>:INFO: --------------------- Sending Statement:: message number0 from client: 1 to Next Replica -----------------------
[2017-11-01 19:37:47,780] ping.Replica<Replica:6d002#Replica1>:INFO: -------------------- Received Result Shuttle from Next Replica -------------------------
[2017-11-01 19:37:47,781] ping.Replica<Replica:6d002#Replica1>:INFO: --------------------- Received Result Shuttle: Result Shuttle No.0 for Client [0]-----------------------
[2017-11-01 19:37:47,781] ping.Replica<Replica:6d002#Replica1>:OUTPUT: receivedResult fail
[2017-11-01 19:37:47,781] ping.Replica<Replica:6d002#Replica1>:INFO: --------------- Creating hash digest for result ---------------
[2017-11-01 19:37:47,782] ping.Replica<Replica:6d002#Replica1>:INFO: --------------- Check for Result Proof Integrity:[Result-Statements:Signatures] and Result--------------
[2017-11-01 19:37:47,786] ping.Replica<Replica:6d002#Replica1>:INFO: --------------- Checking hash digests for results ---------------
[2017-11-01 19:37:47,793] ping.Replica<Replica:6d002#Replica1>:INFO: --------------- Checking hash digests for results ---------------
[2017-11-01 19:37:47,799] ping.Replica<Replica:6d002#Replica1>:INFO: --------------- Checking hash digests for results ---------------
[2017-11-01 19:37:47,800] ping.Replica<Replica:6d002#Replica1>:INFO: --------------- Get Failure Action --------------
[2017-11-01 19:37:47,800] ping.Replica<Replica:6d002#Replica1>:INFO: --------------------- Failure Check:[notFound] Failure action:None-----------------------
[2017-11-01 19:37:47,801] ping.Replica<Replica:6d002#Replica1>:INFO: --------------------- Failure Check:[notFound] Failure action:None-----------------------
[2017-11-01 19:37:47,802] ping.Replica<Replica:6d002#Replica1>:INFO: --------------- Append Result to Result Cache --------------
[2017-11-01 19:37:47,802] ping.Replica<Replica:6d002#Replica1>:INFO: --------------------- Sending ResultShuttle: No:[0] to Previous Replica: [0] -----------------------
[2017-11-01 19:37:47,808] ping.Replica<Replica:6d002#Replica1>:INFO: -------------------- Received Result Shuttle from Next Replica -------------------------
[2017-11-01 19:37:47,808] ping.Replica<Replica:6d002#Replica1>:INFO: --------------------- Received Result Shuttle: Result Shuttle No.1 for Client [1]-----------------------
[2017-11-01 19:37:47,808] ping.Replica<Replica:6d002#Replica1>:OUTPUT: receivedResult OK
[2017-11-01 19:37:47,808] ping.Replica<Replica:6d002#Replica1>:INFO: --------------- Creating hash digest for result ---------------
[2017-11-01 19:37:47,809] ping.Replica<Replica:6d002#Replica1>:INFO: --------------- Check for Result Proof Integrity:[Result-Statements:Signatures] and Result--------------
[2017-11-01 19:37:47,812] ping.Replica<Replica:6d002#Replica1>:INFO: --------------- Checking hash digests for results ---------------
[2017-11-01 19:37:47,814] ping.Replica<Replica:6d002#Replica1>:INFO: --------------- Checking hash digests for results ---------------
[2017-11-01 19:37:47,817] ping.Replica<Replica:6d002#Replica1>:INFO: --------------- Checking hash digests for results ---------------
[2017-11-01 19:37:47,818] ping.Replica<Replica:6d002#Replica1>:INFO: --------------- Get Failure Action --------------
[2017-11-01 19:37:47,818] ping.Replica<Replica:6d002#Replica1>:INFO: --------------------- Failure Check:[notFound] Failure action:None-----------------------
[2017-11-01 19:37:47,818] ping.Replica<Replica:6d002#Replica1>:INFO: --------------------- Failure Check:[notFound] Failure action:None-----------------------
[2017-11-01 19:37:47,819] ping.Replica<Replica:6d002#Replica1>:INFO: --------------- Append Result to Result Cache --------------
[2017-11-01 19:37:47,819] ping.Replica<Replica:6d002#Replica1>:INFO: --------------------- Sending ResultShuttle: No:[1] to Previous Replica: [0] -----------------------
[2017-11-01 19:37:57,734] ping.Replica<Replica:6d002#Replica1>:INFO: --------------------- Replica:receives:retransmission from Client -----------------------
[2017-11-01 19:37:57,735] ping.Replica<Replica:6d002#Replica1>:INFO: --------------------- Request client Id: [0] ; request Id: [1840]-----------------------
[2017-11-01 19:37:57,740] ping.Replica<Replica:6d002#Replica1>:INFO: --------------------- Unsigned Statement from client b"append('movie',' wars')"-----------------------
[2017-11-01 19:37:57,742] ping.Replica<Replica:6d002#Replica1>:INFO: --------------- Get Result From Result Cache --------------
[2017-11-01 19:37:57,743] ping.Replica<Replica:6d002#Replica1>:INFO: ---------------------Found in Result Cache-----------------------
[2017-11-01 19:37:57,747] ping.Replica<Replica:6d002#Replica1>:INFO: --------------------- Result Found:Sending ResultShuttle:to Client: [0] -----------------------
[2017-11-01 19:37:57,751] ping.Replica<Replica:6d002#Replica1>:INFO: --------------------- Replica:receives:retransmission from Client -----------------------
[2017-11-01 19:37:57,753] ping.Replica<Replica:6d002#Replica1>:INFO: --------------------- Request client Id: [1] ; request Id: [652]-----------------------
[2017-11-01 19:37:57,759] ping.Replica<Replica:6d002#Replica1>:INFO: --------------------- Unsigned Statement from client b"put('movie','star')"-----------------------
[2017-11-01 19:37:57,761] ping.Replica<Replica:6d002#Replica1>:INFO: --------------- Get Result From Result Cache --------------
[2017-11-01 19:37:57,762] ping.Replica<Replica:6d002#Replica1>:INFO: ---------------------Found in Result Cache-----------------------
[2017-11-01 19:37:57,765] ping.Replica<Replica:6d002#Replica1>:INFO: --------------------- Result Found:Sending ResultShuttle:to Client: [1] -----------------------
[2017-11-01 19:37:57,791] ping.Replica<Replica:6d002#Replica1>:INFO: --------------------- Replica:receives:signedRequestStatement from previous replica -----------------------
[2017-11-01 19:37:57,803] ping.Replica<Replica:6d002#Replica1>:INFO: --------------------- Received Request message number:[1 ; client Id: [1] ; request Id: [9845]-----------------------
[2017-11-01 19:37:57,807] ping.Replica<Replica:6d002#Replica1>:INFO: --------------------- Unsigned Statement from client ----------------------- b"get('movie')"
[2017-11-01 19:37:57,807] ping.Replica<Replica:6d002#Replica1>:INFO: --------------- Parsing the unsigned statement --------------
[2017-11-01 19:37:57,807] ping.Replica<Replica:6d002#Replica1>:INFO: --------------- Check for Result Proof Integrity:[Result-Statements:Signatures] and Result--------------
[2017-11-01 19:37:57,810] ping.Replica<Replica:6d002#Replica1>:INFO: --------------------- Verifying Order Proofs ----------------------- True
[2017-11-01 19:37:57,810] ping.Replica<Replica:6d002#Replica1>:INFO: --------------- Verifying:[Result-Statements:Signatures] --------------
[2017-11-01 19:37:57,813] ping.Replica<Replica:6d002#Replica1>:INFO: --------------------- Verifying Result Proofs ----------------------- True
[2017-11-01 19:37:57,813] ping.Replica<Replica:6d002#Replica1>:INFO: --------------------- Checking for failures -----------------------
[2017-11-01 19:37:57,814] ping.Replica<Replica:6d002#Replica1>:INFO: --------------- Get Failure Action --------------
[2017-11-01 19:37:57,814] ping.Replica<Replica:6d002#Replica1>:INFO: --------------------- Failure Check:[notFound] Failure action:None-----------------------
[2017-11-01 19:37:57,814] ping.Replica<Replica:6d002#Replica1>:INFO: --------------- Check for <Slot,Operation> Integrity--------------
[2017-11-01 19:37:57,814] ping.Replica<Replica:6d002#Replica1>:INFO: --------------- Check for holes in Replica history --------------
[2017-11-01 19:37:57,815] ping.Replica<Replica:6d002#Replica1>:INFO: --------------------- Slot Consistency: false Holes Found: False--------------------
[2017-11-01 19:37:57,815] ping.Replica<Replica:6d002#Replica1>:INFO: --------------- Executing Operation to updata client dictionary with: --------------
[2017-11-01 19:37:57,815] ping.Replica<Replica:6d002#Replica1>:INFO: --------------------- Failure Check:[notFound] Failure action:None-----------------------
[2017-11-01 19:37:57,816] ping.Replica<Replica:6d002#Replica1>:INFO: --- Create Signed Order Statement and Result Statement with: slot: 2, operation: b"get('movie')", resultstar--------------
[2017-11-01 19:37:57,817] ping.Replica<Replica:6d002#Replica1>:INFO: --------------- Creating hash digest for result ---------------
[2017-11-01 19:37:57,818] ping.Replica<Replica:6d002#Replica1>:INFO: --------------------- Failure Check:[notFound] Failure action:None-----------------------
[2017-11-01 19:37:57,818] ping.Replica<Replica:6d002#Replica1>:INFO: --------------------- Data in Client Dictionary  {'movie': 'star'}
[2017-11-01 19:37:57,818] ping.Replica<Replica:6d002#Replica1>:INFO: -------------------------- Append to Replica History slot:2 operation:b"get('movie')" request Id:9845 --------------
[2017-11-01 19:37:57,818] ping.Replica<Replica:6d002#Replica1>:INFO: --------------------- Creating Shuttle -----------------------
[2017-11-01 19:37:57,819] ping.Replica<Replica:6d002#Replica1>:INFO: --------------------- Sending Statement:: message number1 from client: 1 to Next Replica -----------------------
[2017-11-01 19:37:57,822] ping.Replica<Replica:6d002#Replica1>:INFO: --------------------- Replica:receives:signedRequestStatement from previous replica -----------------------
[2017-11-01 19:37:57,822] ping.Replica<Replica:6d002#Replica1>:INFO: --------------------- Received Request message number:[1 ; client Id: [0] ; request Id: [204]-----------------------
[2017-11-01 19:37:57,827] ping.Replica<Replica:6d002#Replica1>:INFO: --------------------- Unsigned Statement from client ----------------------- b"get('movie')"
[2017-11-01 19:37:57,829] ping.Replica<Replica:6d002#Replica1>:INFO: --------------- Parsing the unsigned statement --------------
[2017-11-01 19:37:57,830] ping.Replica<Replica:6d002#Replica1>:INFO: --------------- Check for Result Proof Integrity:[Result-Statements:Signatures] and Result--------------
[2017-11-01 19:37:57,839] ping.Replica<Replica:6d002#Replica1>:INFO: --------------------- Verifying Order Proofs ----------------------- True
[2017-11-01 19:37:57,841] ping.Replica<Replica:6d002#Replica1>:INFO: --------------- Verifying:[Result-Statements:Signatures] --------------
[2017-11-01 19:37:57,845] ping.Replica<Replica:6d002#Replica1>:INFO: --------------------- Verifying Result Proofs ----------------------- True
[2017-11-01 19:37:57,846] ping.Replica<Replica:6d002#Replica1>:INFO: --------------------- Checking for failures -----------------------
[2017-11-01 19:37:57,846] ping.Replica<Replica:6d002#Replica1>:INFO: --------------- Get Failure Action --------------
[2017-11-01 19:37:57,848] ping.Replica<Replica:6d002#Replica1>:INFO: --------------------- Failure Check:[notFound] Failure action:None-----------------------
[2017-11-01 19:37:57,848] ping.Replica<Replica:6d002#Replica1>:INFO: --------------- Check for <Slot,Operation> Integrity--------------
[2017-11-01 19:37:57,849] ping.Replica<Replica:6d002#Replica1>:INFO: --------------- Check for holes in Replica history --------------
[2017-11-01 19:37:57,849] ping.Replica<Replica:6d002#Replica1>:INFO: --------------------- Slot Consistency: false Holes Found: False--------------------
[2017-11-01 19:37:57,850] ping.Replica<Replica:6d002#Replica1>:INFO: --------------- Executing Operation to updata client dictionary with: --------------
[2017-11-01 19:37:57,850] ping.Replica<Replica:6d002#Replica1>:INFO: --------------------- Failure Check:[notFound] Failure action:None-----------------------
[2017-11-01 19:37:57,851] ping.Replica<Replica:6d002#Replica1>:INFO: --- Create Signed Order Statement and Result Statement with: slot: 3, operation: b"get('movie')", resultstar--------------
[2017-11-01 19:37:57,852] ping.Replica<Replica:6d002#Replica1>:INFO: --------------- Creating hash digest for result ---------------
[2017-11-01 19:37:57,853] ping.Replica<Replica:6d002#Replica1>:INFO: --------------------- Failure Check:[notFound] Failure action:None-----------------------
[2017-11-01 19:37:57,854] ping.Replica<Replica:6d002#Replica1>:INFO: --------------------- Data in Client Dictionary  {'movie': 'star'}
[2017-11-01 19:37:57,854] ping.Replica<Replica:6d002#Replica1>:INFO: -------------------------- Append to Replica History slot:3 operation:b"get('movie')" request Id:204 --------------
[2017-11-01 19:37:57,854] ping.Replica<Replica:6d002#Replica1>:INFO: --------------------- Creating Shuttle -----------------------
[2017-11-01 19:37:57,854] ping.Replica<Replica:6d002#Replica1>:INFO: --------------------- Sending Statement:: message number1 from client: 0 to Next Replica -----------------------
[2017-11-01 19:37:57,856] ping.Replica<Replica:6d002#Replica1>:INFO: -------------------- Received Result Shuttle from Next Replica -------------------------
[2017-11-01 19:37:57,857] ping.Replica<Replica:6d002#Replica1>:INFO: --------------------- Received Result Shuttle: Result Shuttle No.2 for Client [1]-----------------------
[2017-11-01 19:37:57,858] ping.Replica<Replica:6d002#Replica1>:OUTPUT: receivedResult star
[2017-11-01 19:37:57,859] ping.Replica<Replica:6d002#Replica1>:INFO: --------------- Creating hash digest for result ---------------
[2017-11-01 19:37:57,859] ping.Replica<Replica:6d002#Replica1>:INFO: --------------- Check for Result Proof Integrity:[Result-Statements:Signatures] and Result--------------
[2017-11-01 19:37:57,864] ping.Replica<Replica:6d002#Replica1>:INFO: --------------- Checking hash digests for results ---------------
[2017-11-01 19:37:57,871] ping.Replica<Replica:6d002#Replica1>:INFO: --------------- Checking hash digests for results ---------------
[2017-11-01 19:37:57,876] ping.Replica<Replica:6d002#Replica1>:INFO: --------------- Checking hash digests for results ---------------
[2017-11-01 19:37:57,876] ping.Replica<Replica:6d002#Replica1>:INFO: --------------- Get Failure Action --------------
[2017-11-01 19:37:57,877] ping.Replica<Replica:6d002#Replica1>:INFO: --------------------- Failure Check:[notFound] Failure action:None-----------------------
[2017-11-01 19:37:57,877] ping.Replica<Replica:6d002#Replica1>:INFO: --------------------- Failure Check:[notFound] Failure action:None-----------------------
[2017-11-01 19:37:57,877] ping.Replica<Replica:6d002#Replica1>:INFO: --------------- Append Result to Result Cache --------------
[2017-11-01 19:37:57,877] ping.Replica<Replica:6d002#Replica1>:INFO: --------------------- Sending ResultShuttle: No:[2] to Previous Replica: [0] -----------------------
[2017-11-01 19:37:57,887] ping.Replica<Replica:6d002#Replica1>:INFO: -------------------- Received Result Shuttle from Next Replica -------------------------
[2017-11-01 19:37:57,887] ping.Replica<Replica:6d002#Replica1>:INFO: --------------------- Received Result Shuttle: Result Shuttle No.3 for Client [0]-----------------------
[2017-11-01 19:37:57,888] ping.Replica<Replica:6d002#Replica1>:OUTPUT: receivedResult star
[2017-11-01 19:37:57,888] ping.Replica<Replica:6d002#Replica1>:INFO: --------------- Creating hash digest for result ---------------
[2017-11-01 19:37:57,889] ping.Replica<Replica:6d002#Replica1>:INFO: --------------- Check for Result Proof Integrity:[Result-Statements:Signatures] and Result--------------
[2017-11-01 19:37:57,891] ping.Replica<Replica:6d002#Replica1>:INFO: --------------- Checking hash digests for results ---------------
[2017-11-01 19:37:57,894] ping.Replica<Replica:6d002#Replica1>:INFO: --------------- Checking hash digests for results ---------------
[2017-11-01 19:37:57,897] ping.Replica<Replica:6d002#Replica1>:INFO: --------------- Checking hash digests for results ---------------
[2017-11-01 19:37:57,898] ping.Replica<Replica:6d002#Replica1>:INFO: --------------- Get Failure Action --------------
[2017-11-01 19:37:57,898] ping.Replica<Replica:6d002#Replica1>:INFO: --------------------- Failure Check:[notFound] Failure action:None-----------------------
[2017-11-01 19:37:57,899] ping.Replica<Replica:6d002#Replica1>:INFO: --------------------- Failure Check:[notFound] Failure action:None-----------------------
[2017-11-01 19:37:57,899] ping.Replica<Replica:6d002#Replica1>:INFO: --------------- Append Result to Result Cache --------------
[2017-11-01 19:37:57,899] ping.Replica<Replica:6d002#Replica1>:INFO: --------------------- Sending ResultShuttle: No:[3] to Previous Replica: [0] -----------------------
[2017-11-01 19:38:07,767] ping.Replica<Replica:6d002#Replica1>:INFO: --------------------- Replica:receives:retransmission from Client -----------------------
[2017-11-01 19:38:07,767] ping.Replica<Replica:6d002#Replica1>:INFO: --------------------- Request client Id: [1] ; request Id: [9845]-----------------------
[2017-11-01 19:38:07,770] ping.Replica<Replica:6d002#Replica1>:INFO: --------------------- Unsigned Statement from client b"get('movie')"-----------------------
[2017-11-01 19:38:07,772] ping.Replica<Replica:6d002#Replica1>:INFO: --------------- Get Result From Result Cache --------------
[2017-11-01 19:38:07,773] ping.Replica<Replica:6d002#Replica1>:INFO: ---------------------Found in Result Cache-----------------------
[2017-11-01 19:38:07,779] ping.Replica<Replica:6d002#Replica1>:INFO: --------------------- Result Found:Sending ResultShuttle:to Client: [1] -----------------------
[2017-11-01 19:38:07,878] ping.Replica<Replica:6d002#Replica1>:INFO: --------------------- Replica:receives:retransmission from Client -----------------------
[2017-11-01 19:38:07,878] ping.Replica<Replica:6d002#Replica1>:INFO: --------------------- Request client Id: [0] ; request Id: [204]-----------------------
[2017-11-01 19:38:07,881] ping.Replica<Replica:6d002#Replica1>:INFO: --------------------- Unsigned Statement from client b"get('movie')"-----------------------
[2017-11-01 19:38:07,882] ping.Replica<Replica:6d002#Replica1>:INFO: --------------- Get Result From Result Cache --------------
[2017-11-01 19:38:07,883] ping.Replica<Replica:6d002#Replica1>:INFO: ---------------------Found in Result Cache-----------------------
[2017-11-01 19:38:07,884] ping.Replica<Replica:6d002#Replica1>:INFO: --------------------- Result Found:Sending ResultShuttle:to Client: [0] -----------------------
[2017-11-01 19:44:08,332] da.sim.Router<MainProcess>:INFO: Bootstrap succeeded using <UdpTransport(127.0.0.1:29047)>.
[2017-11-01 19:44:08,332] da.api<MainProcess>:INFO: <Node_:Replica1> initialized at 127.0.0.1:(UdpTransport=29047, TcpTransport=33907).
[2017-11-01 19:44:08,333] da.api<MainProcess>:INFO: Starting program <module 'ping' from 'C:\\Users\\SSDN-Dinesh\\Desktop\\SBU\\ASYNC\\BCR\\Asynchronous-Systems\\phase2\\ping.py'>...
[2017-11-01 19:44:08,333] da.api<MainProcess>:INFO: Running iteration 1 ...
[2017-11-01 19:44:08,333] da.api<MainProcess>:INFO: Waiting for remaining child processes to terminate...(Press "Ctrl-C" to force kill)
[2017-11-01 19:44:42,788] ping.Replica<Replica:51002#Replica1>:INFO: --------------- Entering Replica Run: --------------
[2017-11-01 19:44:42,789] ping.Replica<Replica:51002#Replica1>:INFO: --------------- Getting Failures for Replica : --------------
[2017-11-01 19:44:42,789] ping.Replica<Replica:51002#Replica1>:INFO: --------------- Creating Failure Trigger and Failure Action Mapping: --------------
[2017-11-01 19:44:42,790] ping.Replica<Replica:51002#Replica1>:INFO: --------------- Failures for Replica: -------------- Failures
[2017-11-01 19:44:42,790] ping.Replica<Replica:51002#Replica1>:INFO: {'forwarded_request(0, 0)': 'change_result()'}
[2017-11-01 19:44:57,051] ping.Replica<Replica:51003#Replica1>:INFO: --------------- Entering Replica Run: --------------
[2017-11-01 19:44:57,052] ping.Replica<Replica:51003#Replica1>:INFO: --------------- Getting Failures for Replica : --------------
[2017-11-01 19:44:57,052] ping.Replica<Replica:51003#Replica1>:INFO: --------------- Creating Failure Trigger and Failure Action Mapping: --------------
[2017-11-01 19:44:57,053] ping.Replica<Replica:51003#Replica1>:INFO: --------------- Failures for Replica: -------------- Failures
[2017-11-01 19:44:57,053] ping.Replica<Replica:51003#Replica1>:INFO: {'forwarded_request(0, 0)': 'change_result()'}
[2017-11-01 19:45:30,010] ping.Replica<Replica:51004#Replica1>:INFO: --------------- Entering Replica Run: --------------
[2017-11-01 19:45:30,010] ping.Replica<Replica:51004#Replica1>:INFO: --------------- Getting Failures for Replica : --------------
[2017-11-01 19:45:30,011] ping.Replica<Replica:51004#Replica1>:INFO: --------------- Creating Failure Trigger and Failure Action Mapping: --------------
[2017-11-01 19:45:30,011] ping.Replica<Replica:51004#Replica1>:INFO: --------------- Failures for Replica: -------------- Failures
[2017-11-01 19:45:30,011] ping.Replica<Replica:51004#Replica1>:INFO: {'forwarded_request(0, 0)': 'change_result()'}
[2017-11-01 19:50:25,067] da.sim.Router<MainProcess>:INFO: Bootstrap succeeded using <UdpTransport(127.0.0.1:26268)>.
[2017-11-01 19:50:25,067] da.api<MainProcess>:INFO: <Node_:Replica1> initialized at 127.0.0.1:(UdpTransport=26268, TcpTransport=28899).
[2017-11-01 19:50:25,067] da.api<MainProcess>:INFO: Starting program <module 'ping' from 'C:\\Users\\SSDN-Dinesh\\Desktop\\SBU\\ASYNC\\BCR\\Asynchronous-Systems\\phase3\\ping.py'>...
[2017-11-01 19:50:25,067] da.api<MainProcess>:INFO: Running iteration 1 ...
[2017-11-01 19:50:25,068] da.api<MainProcess>:INFO: Waiting for remaining child processes to terminate...(Press "Ctrl-C" to force kill)
[2017-11-01 19:52:08,469] ping.Replica<Replica:ef002#Replica1>:INFO: --------------- Entering Replica Run: --------------
[2017-11-01 19:52:08,470] ping.Replica<Replica:ef002#Replica1>:INFO: --------------- Getting Failures for Replica : --------------
[2017-11-01 19:52:08,471] ping.Replica<Replica:ef002#Replica1>:INFO: --------------- Creating Failure Trigger and Failure Action Mapping: --------------
[2017-11-01 19:52:08,472] ping.Replica<Replica:ef002#Replica1>:INFO: --------------- Failures for Replica: -------------- Failures
[2017-11-01 19:52:08,474] ping.Replica<Replica:ef002#Replica1>:INFO: {'forwarded_request(0, 0)': 'change_result()'}
