[2017-11-01 19:25:26,231] da.sim.Router<MainProcess>:INFO: Bootstrap succeeded using <UdpTransport(127.0.0.1:18343)>.
[2017-11-01 19:25:26,231] da.api<MainProcess>:INFO: <Node_:Replica2> initialized at 127.0.0.1:(UdpTransport=18343, TcpTransport=26632).
[2017-11-01 19:25:26,232] da.api<MainProcess>:INFO: Starting program <module 'ping' from 'C:\\Users\\SSDN-Dinesh\\Desktop\\SBU\\ASYNC\\BCR\\Asynchronous-Systems\\phase2\\ping.py'>...
[2017-11-01 19:25:26,232] da.api<MainProcess>:INFO: Running iteration 1 ...
[2017-11-01 19:25:26,233] da.api<MainProcess>:INFO: Waiting for remaining child processes to terminate...(Press "Ctrl-C" to force kill)
[2017-11-01 19:26:34,058] ping.Replica<Replica:3d002#Replica2>:INFO: --------------- Entering Replica Run: --------------
[2017-11-01 19:26:34,058] ping.Replica<Replica:3d002#Replica2>:INFO: --------------- Getting Failures for Replica : --------------
[2017-11-01 19:26:34,059] ping.Replica<Replica:3d002#Replica2>:INFO: --------------- Failures for Replica: -------------- No Failures
[2017-11-01 19:26:34,059] ping.Replica<Replica:3d002#Replica2>:INFO: {}
[2017-11-01 19:26:34,094] ping.Replica<Replica:3d002#Replica2>:INFO: --------------------- Replica:receives:signedRequestStatement from previous replica -----------------------
[2017-11-01 19:26:34,094] ping.Replica<Replica:3d002#Replica2>:INFO: --------------------- Received Request message number:[0 ; client Id: [0] ; request Id: [8020]-----------------------
[2017-11-01 19:26:34,098] ping.Replica<Replica:3d002#Replica2>:INFO: --------------------- Unsigned Statement from client ----------------------- b"append('movie',' wars')"
[2017-11-01 19:26:34,098] ping.Replica<Replica:3d002#Replica2>:INFO: --------------- Parsing the unsigned statement --------------
[2017-11-01 19:26:34,099] ping.Replica<Replica:3d002#Replica2>:INFO: --------------- Check for Result Proof Integrity:[Result-Statements:Signatures] and Result--------------
[2017-11-01 19:26:34,104] ping.Replica<Replica:3d002#Replica2>:INFO: --------------------- Verifying Order Proofs ----------------------- True
[2017-11-01 19:26:34,104] ping.Replica<Replica:3d002#Replica2>:INFO: --------------- Verifying:[Result-Statements:Signatures] --------------
[2017-11-01 19:26:34,109] ping.Replica<Replica:3d002#Replica2>:INFO: --------------------- Verifying Result Proofs ----------------------- True
[2017-11-01 19:26:34,109] ping.Replica<Replica:3d002#Replica2>:INFO: --------------------- Checking for failures -----------------------
[2017-11-01 19:26:34,110] ping.Replica<Replica:3d002#Replica2>:INFO: --------------- Get Failure Action --------------
[2017-11-01 19:26:34,110] ping.Replica<Replica:3d002#Replica2>:INFO: --------------------- Failure Check:[notFound] Failure action:None-----------------------
[2017-11-01 19:26:34,110] ping.Replica<Replica:3d002#Replica2>:INFO: --------------- Check for <Slot,Operation> Integrity--------------
[2017-11-01 19:26:34,110] ping.Replica<Replica:3d002#Replica2>:INFO: --------------- Check for holes in Replica history --------------
[2017-11-01 19:26:34,111] ping.Replica<Replica:3d002#Replica2>:INFO: --------------------- Slot Consistency: false Holes Found: False--------------------
[2017-11-01 19:26:34,111] ping.Replica<Replica:3d002#Replica2>:INFO: --------------- Executing Operation to updata client dictionary with: --------------
[2017-11-01 19:26:34,111] ping.Replica<Replica:3d002#Replica2>:INFO: --------------------- Failure Check:[notFound] Failure action:None-----------------------
[2017-11-01 19:26:34,111] ping.Replica<Replica:3d002#Replica2>:INFO: --- Create Signed Order Statement and Result Statement with: slot: 0, operation: b"append('movie',' wars')", resultfail--------------
[2017-11-01 19:26:34,114] ping.Replica<Replica:3d002#Replica2>:INFO: --------------- Creating hash digest for result ---------------
[2017-11-01 19:26:34,115] ping.Replica<Replica:3d002#Replica2>:INFO: --------------------- Failure Check:[notFound] Failure action:None-----------------------
[2017-11-01 19:26:34,115] ping.Replica<Replica:3d002#Replica2>:INFO: --------------------- Data in Client Dictionary  {}
[2017-11-01 19:26:34,115] ping.Replica<Replica:3d002#Replica2>:INFO: -------------------------- Append to Replica History slot:0 operation:b"append('movie',' wars')" request Id:8020 --------------
[2017-11-01 19:26:34,116] ping.Replica<Replica:3d002#Replica2>:INFO: --------------------- Creating Shuttle -----------------------
[2017-11-01 19:26:34,116] ping.Replica<Replica:3d002#Replica2>:INFO: --------------------- Creating Result Shuttle: -----------------------
[2017-11-01 19:26:34,116] ping.Replica<Replica:3d002#Replica2>:INFO: --------------- Append Result to Result Cache --------------
[2017-11-01 19:26:34,116] ping.Replica<Replica:3d002#Replica2>:INFO: --------------------- Sending ResultShuttle: No:[0] to Previous Replica: [1] -----------------------
[2017-11-01 19:26:34,117] ping.Replica<Replica:3d002#Replica2>:INFO: --------------------- Sending ResultShuttle: No:[0] to Client: [0] -----------------------
[2017-11-01 19:26:34,118] ping.Replica<Replica:3d002#Replica2>:INFO: --------------------- Replica:receives:signedRequestStatement from previous replica -----------------------
[2017-11-01 19:26:34,118] ping.Replica<Replica:3d002#Replica2>:INFO: --------------------- Received Request message number:[0 ; client Id: [1] ; request Id: [964]-----------------------
[2017-11-01 19:26:34,121] ping.Replica<Replica:3d002#Replica2>:INFO: --------------------- Unsigned Statement from client ----------------------- b"put('movie','star')"
[2017-11-01 19:26:34,122] ping.Replica<Replica:3d002#Replica2>:INFO: --------------- Parsing the unsigned statement --------------
[2017-11-01 19:26:34,122] ping.Replica<Replica:3d002#Replica2>:INFO: --------------- Check for Result Proof Integrity:[Result-Statements:Signatures] and Result--------------
[2017-11-01 19:26:34,127] ping.Replica<Replica:3d002#Replica2>:INFO: --------------------- Verifying Order Proofs ----------------------- True
[2017-11-01 19:26:34,128] ping.Replica<Replica:3d002#Replica2>:INFO: --------------- Verifying:[Result-Statements:Signatures] --------------
[2017-11-01 19:26:34,132] ping.Replica<Replica:3d002#Replica2>:INFO: --------------------- Verifying Result Proofs ----------------------- True
[2017-11-01 19:26:34,133] ping.Replica<Replica:3d002#Replica2>:INFO: --------------------- Checking for failures -----------------------
[2017-11-01 19:26:34,133] ping.Replica<Replica:3d002#Replica2>:INFO: --------------- Get Failure Action --------------
[2017-11-01 19:26:34,133] ping.Replica<Replica:3d002#Replica2>:INFO: --------------------- Failure Check:[notFound] Failure action:None-----------------------
[2017-11-01 19:26:34,133] ping.Replica<Replica:3d002#Replica2>:INFO: --------------- Check for <Slot,Operation> Integrity--------------
[2017-11-01 19:26:34,134] ping.Replica<Replica:3d002#Replica2>:INFO: --------------- Check for holes in Replica history --------------
[2017-11-01 19:26:34,134] ping.Replica<Replica:3d002#Replica2>:INFO: --------------------- Slot Consistency: false Holes Found: False--------------------
[2017-11-01 19:26:34,134] ping.Replica<Replica:3d002#Replica2>:INFO: --------------- Executing Operation to updata client dictionary with: --------------
[2017-11-01 19:26:34,134] ping.Replica<Replica:3d002#Replica2>:INFO: --------------------- Failure Check:[notFound] Failure action:None-----------------------
[2017-11-01 19:26:34,134] ping.Replica<Replica:3d002#Replica2>:INFO: --- Create Signed Order Statement and Result Statement with: slot: 1, operation: b"put('movie','star')", resultOK--------------
[2017-11-01 19:26:34,135] ping.Replica<Replica:3d002#Replica2>:INFO: --------------- Creating hash digest for result ---------------
[2017-11-01 19:26:34,137] ping.Replica<Replica:3d002#Replica2>:INFO: --------------------- Failure Check:[notFound] Failure action:None-----------------------
[2017-11-01 19:26:34,137] ping.Replica<Replica:3d002#Replica2>:INFO: --------------------- Data in Client Dictionary  {'movie': 'star'}
[2017-11-01 19:26:34,137] ping.Replica<Replica:3d002#Replica2>:INFO: -------------------------- Append to Replica History slot:1 operation:b"put('movie','star')" request Id:964 --------------
[2017-11-01 19:26:34,137] ping.Replica<Replica:3d002#Replica2>:INFO: --------------------- Creating Shuttle -----------------------
[2017-11-01 19:26:34,138] ping.Replica<Replica:3d002#Replica2>:INFO: --------------------- Creating Result Shuttle: -----------------------
[2017-11-01 19:26:34,138] ping.Replica<Replica:3d002#Replica2>:INFO: --------------- Append Result to Result Cache --------------
[2017-11-01 19:26:34,138] ping.Replica<Replica:3d002#Replica2>:INFO: --------------------- Sending ResultShuttle: No:[1] to Previous Replica: [1] -----------------------
[2017-11-01 19:26:34,138] ping.Replica<Replica:3d002#Replica2>:INFO: --------------------- Sending ResultShuttle: No:[1] to Client: [1] -----------------------
[2017-11-01 19:26:44,074] ping.Replica<Replica:3d002#Replica2>:INFO: --------------------- Replica:receives:retransmission from Client -----------------------
[2017-11-01 19:26:44,075] ping.Replica<Replica:3d002#Replica2>:INFO: --------------------- Request client Id: [0] ; request Id: [8020]-----------------------
[2017-11-01 19:26:44,079] ping.Replica<Replica:3d002#Replica2>:INFO: --------------------- Unsigned Statement from client b"append('movie',' wars')"-----------------------
[2017-11-01 19:26:44,082] ping.Replica<Replica:3d002#Replica2>:INFO: --------------- Get Result From Result Cache --------------
[2017-11-01 19:26:44,087] ping.Replica<Replica:3d002#Replica2>:INFO: ---------------------Found in Result Cache-----------------------
[2017-11-01 19:26:44,087] ping.Replica<Replica:3d002#Replica2>:INFO: --------------------- Result Found:Sending ResultShuttle:to Client: [0] -----------------------
[2017-11-01 19:26:44,088] ping.Replica<Replica:3d002#Replica2>:INFO: --------------------- Replica:receives:retransmission from Client -----------------------
[2017-11-01 19:26:44,089] ping.Replica<Replica:3d002#Replica2>:INFO: --------------------- Request client Id: [1] ; request Id: [964]-----------------------
[2017-11-01 19:26:44,094] ping.Replica<Replica:3d002#Replica2>:INFO: --------------------- Unsigned Statement from client b"put('movie','star')"-----------------------
[2017-11-01 19:26:44,097] ping.Replica<Replica:3d002#Replica2>:INFO: --------------- Get Result From Result Cache --------------
[2017-11-01 19:26:44,098] ping.Replica<Replica:3d002#Replica2>:INFO: ---------------------Found in Result Cache-----------------------
[2017-11-01 19:26:44,100] ping.Replica<Replica:3d002#Replica2>:INFO: --------------------- Result Found:Sending ResultShuttle:to Client: [1] -----------------------
[2017-11-01 19:26:44,160] ping.Replica<Replica:3d002#Replica2>:INFO: --------------------- Replica:receives:signedRequestStatement from previous replica -----------------------
[2017-11-01 19:26:44,160] ping.Replica<Replica:3d002#Replica2>:INFO: --------------------- Received Request message number:[1 ; client Id: [0] ; request Id: [4193]-----------------------
[2017-11-01 19:26:44,164] ping.Replica<Replica:3d002#Replica2>:INFO: --------------------- Unsigned Statement from client ----------------------- b"get('movie')"
[2017-11-01 19:26:44,164] ping.Replica<Replica:3d002#Replica2>:INFO: --------------- Parsing the unsigned statement --------------
[2017-11-01 19:26:44,164] ping.Replica<Replica:3d002#Replica2>:INFO: --------------- Check for Result Proof Integrity:[Result-Statements:Signatures] and Result--------------
[2017-11-01 19:26:44,170] ping.Replica<Replica:3d002#Replica2>:INFO: --------------------- Verifying Order Proofs ----------------------- True
[2017-11-01 19:26:44,170] ping.Replica<Replica:3d002#Replica2>:INFO: --------------- Verifying:[Result-Statements:Signatures] --------------
[2017-11-01 19:26:44,175] ping.Replica<Replica:3d002#Replica2>:INFO: --------------------- Verifying Result Proofs ----------------------- True
[2017-11-01 19:26:44,176] ping.Replica<Replica:3d002#Replica2>:INFO: --------------------- Checking for failures -----------------------
[2017-11-01 19:26:44,176] ping.Replica<Replica:3d002#Replica2>:INFO: --------------- Get Failure Action --------------
[2017-11-01 19:26:44,176] ping.Replica<Replica:3d002#Replica2>:INFO: --------------------- Failure Check:[notFound] Failure action:None-----------------------
[2017-11-01 19:26:44,176] ping.Replica<Replica:3d002#Replica2>:INFO: --------------- Check for <Slot,Operation> Integrity--------------
[2017-11-01 19:26:44,176] ping.Replica<Replica:3d002#Replica2>:INFO: --------------- Check for holes in Replica history --------------
[2017-11-01 19:26:44,177] ping.Replica<Replica:3d002#Replica2>:INFO: --------------------- Slot Consistency: false Holes Found: False--------------------
[2017-11-01 19:26:44,177] ping.Replica<Replica:3d002#Replica2>:INFO: --------------- Executing Operation to updata client dictionary with: --------------
[2017-11-01 19:26:44,177] ping.Replica<Replica:3d002#Replica2>:INFO: --------------------- Failure Check:[notFound] Failure action:None-----------------------
[2017-11-01 19:26:44,178] ping.Replica<Replica:3d002#Replica2>:INFO: --- Create Signed Order Statement and Result Statement with: slot: 2, operation: b"get('movie')", resultstar--------------
[2017-11-01 19:26:44,179] ping.Replica<Replica:3d002#Replica2>:INFO: --------------- Creating hash digest for result ---------------
[2017-11-01 19:26:44,180] ping.Replica<Replica:3d002#Replica2>:INFO: --------------------- Failure Check:[notFound] Failure action:None-----------------------
[2017-11-01 19:26:44,180] ping.Replica<Replica:3d002#Replica2>:INFO: --------------------- Data in Client Dictionary  {'movie': 'star'}
[2017-11-01 19:26:44,180] ping.Replica<Replica:3d002#Replica2>:INFO: -------------------------- Append to Replica History slot:2 operation:b"get('movie')" request Id:4193 --------------
[2017-11-01 19:26:44,180] ping.Replica<Replica:3d002#Replica2>:INFO: --------------------- Creating Shuttle -----------------------
[2017-11-01 19:26:44,181] ping.Replica<Replica:3d002#Replica2>:INFO: --------------------- Creating Result Shuttle: -----------------------
[2017-11-01 19:26:44,181] ping.Replica<Replica:3d002#Replica2>:INFO: --------------- Append Result to Result Cache --------------
[2017-11-01 19:26:44,181] ping.Replica<Replica:3d002#Replica2>:INFO: --------------------- Sending ResultShuttle: No:[2] to Previous Replica: [1] -----------------------
[2017-11-01 19:26:44,181] ping.Replica<Replica:3d002#Replica2>:INFO: --------------------- Sending ResultShuttle: No:[2] to Client: [0] -----------------------
[2017-11-01 19:26:44,187] ping.Replica<Replica:3d002#Replica2>:INFO: --------------------- Replica:receives:signedRequestStatement from previous replica -----------------------
[2017-11-01 19:26:44,188] ping.Replica<Replica:3d002#Replica2>:INFO: --------------------- Received Request message number:[1 ; client Id: [1] ; request Id: [9866]-----------------------
[2017-11-01 19:26:44,190] ping.Replica<Replica:3d002#Replica2>:INFO: --------------------- Unsigned Statement from client ----------------------- b"get('movie')"
[2017-11-01 19:26:44,191] ping.Replica<Replica:3d002#Replica2>:INFO: --------------- Parsing the unsigned statement --------------
[2017-11-01 19:26:44,191] ping.Replica<Replica:3d002#Replica2>:INFO: --------------- Check for Result Proof Integrity:[Result-Statements:Signatures] and Result--------------
[2017-11-01 19:26:44,196] ping.Replica<Replica:3d002#Replica2>:INFO: --------------------- Verifying Order Proofs ----------------------- True
[2017-11-01 19:26:44,197] ping.Replica<Replica:3d002#Replica2>:INFO: --------------- Verifying:[Result-Statements:Signatures] --------------
[2017-11-01 19:26:44,203] ping.Replica<Replica:3d002#Replica2>:INFO: --------------------- Verifying Result Proofs ----------------------- True
[2017-11-01 19:26:44,204] ping.Replica<Replica:3d002#Replica2>:INFO: --------------------- Checking for failures -----------------------
[2017-11-01 19:26:44,204] ping.Replica<Replica:3d002#Replica2>:INFO: --------------- Get Failure Action --------------
[2017-11-01 19:26:44,205] ping.Replica<Replica:3d002#Replica2>:INFO: --------------------- Failure Check:[notFound] Failure action:None-----------------------
[2017-11-01 19:26:44,206] ping.Replica<Replica:3d002#Replica2>:INFO: --------------- Check for <Slot,Operation> Integrity--------------
[2017-11-01 19:26:44,208] ping.Replica<Replica:3d002#Replica2>:INFO: --------------- Check for holes in Replica history --------------
[2017-11-01 19:26:44,208] ping.Replica<Replica:3d002#Replica2>:INFO: --------------------- Slot Consistency: false Holes Found: False--------------------
[2017-11-01 19:26:44,209] ping.Replica<Replica:3d002#Replica2>:INFO: --------------- Executing Operation to updata client dictionary with: --------------
[2017-11-01 19:26:44,211] ping.Replica<Replica:3d002#Replica2>:INFO: --------------------- Failure Check:[notFound] Failure action:None-----------------------
[2017-11-01 19:26:44,211] ping.Replica<Replica:3d002#Replica2>:INFO: --- Create Signed Order Statement and Result Statement with: slot: 3, operation: b"get('movie')", resultstar--------------
[2017-11-01 19:26:44,213] ping.Replica<Replica:3d002#Replica2>:INFO: --------------- Creating hash digest for result ---------------
[2017-11-01 19:26:44,215] ping.Replica<Replica:3d002#Replica2>:INFO: --------------------- Failure Check:[notFound] Failure action:None-----------------------
[2017-11-01 19:26:44,217] ping.Replica<Replica:3d002#Replica2>:INFO: --------------------- Data in Client Dictionary  {'movie': 'star'}
[2017-11-01 19:26:44,222] ping.Replica<Replica:3d002#Replica2>:INFO: -------------------------- Append to Replica History slot:3 operation:b"get('movie')" request Id:9866 --------------
[2017-11-01 19:26:44,222] ping.Replica<Replica:3d002#Replica2>:INFO: --------------------- Creating Shuttle -----------------------
[2017-11-01 19:26:44,223] ping.Replica<Replica:3d002#Replica2>:INFO: --------------------- Creating Result Shuttle: -----------------------
[2017-11-01 19:26:44,223] ping.Replica<Replica:3d002#Replica2>:INFO: --------------- Append Result to Result Cache --------------
[2017-11-01 19:26:44,224] ping.Replica<Replica:3d002#Replica2>:INFO: --------------------- Sending ResultShuttle: No:[3] to Previous Replica: [1] -----------------------
[2017-11-01 19:26:44,224] ping.Replica<Replica:3d002#Replica2>:INFO: --------------------- Sending ResultShuttle: No:[3] to Client: [1] -----------------------
[2017-11-01 19:26:54,253] ping.Replica<Replica:3d002#Replica2>:INFO: --------------------- Replica:receives:retransmission from Client -----------------------
[2017-11-01 19:26:54,254] ping.Replica<Replica:3d002#Replica2>:INFO: --------------------- Request client Id: [1] ; request Id: [9866]-----------------------
[2017-11-01 19:26:54,270] ping.Replica<Replica:3d002#Replica2>:INFO: --------------------- Unsigned Statement from client b"get('movie')"-----------------------
[2017-11-01 19:26:54,276] ping.Replica<Replica:3d002#Replica2>:INFO: --------------- Get Result From Result Cache --------------
[2017-11-01 19:26:54,278] ping.Replica<Replica:3d002#Replica2>:INFO: ---------------------Found in Result Cache-----------------------
[2017-11-01 19:26:54,285] ping.Replica<Replica:3d002#Replica2>:INFO: --------------------- Result Found:Sending ResultShuttle:to Client: [1] -----------------------
[2017-11-01 19:26:54,290] ping.Replica<Replica:3d002#Replica2>:INFO: --------------------- Replica:receives:retransmission from Client -----------------------
[2017-11-01 19:26:54,291] ping.Replica<Replica:3d002#Replica2>:INFO: --------------------- Request client Id: [0] ; request Id: [4193]-----------------------
[2017-11-01 19:26:54,301] ping.Replica<Replica:3d002#Replica2>:INFO: --------------------- Unsigned Statement from client b"get('movie')"-----------------------
[2017-11-01 19:26:54,302] ping.Replica<Replica:3d002#Replica2>:INFO: --------------- Get Result From Result Cache --------------
[2017-11-01 19:26:54,302] ping.Replica<Replica:3d002#Replica2>:INFO: ---------------------Found in Result Cache-----------------------
[2017-11-01 19:26:54,317] ping.Replica<Replica:3d002#Replica2>:INFO: --------------------- Result Found:Sending ResultShuttle:to Client: [0] -----------------------
[2017-11-01 19:37:23,189] da.sim.Router<MainProcess>:INFO: Bootstrap succeeded using <UdpTransport(127.0.0.1:34865)>.
[2017-11-01 19:37:23,190] da.api<MainProcess>:INFO: <Node_:Replica2> initialized at 127.0.0.1:(UdpTransport=34865, TcpTransport=35887).
[2017-11-01 19:37:23,190] da.api<MainProcess>:INFO: Starting program <module 'ping' from 'C:\\Users\\SSDN-Dinesh\\Desktop\\SBU\\ASYNC\\BCR\\Asynchronous-Systems\\phase2\\ping.py'>...
[2017-11-01 19:37:23,190] da.api<MainProcess>:INFO: Running iteration 1 ...
[2017-11-01 19:37:23,191] da.api<MainProcess>:INFO: Waiting for remaining child processes to terminate...(Press "Ctrl-C" to force kill)
[2017-11-01 19:37:47,718] ping.Replica<Replica:55002#Replica2>:INFO: --------------- Entering Replica Run: --------------
[2017-11-01 19:37:47,719] ping.Replica<Replica:55002#Replica2>:INFO: --------------- Getting Failures for Replica : --------------
[2017-11-01 19:37:47,719] ping.Replica<Replica:55002#Replica2>:INFO: --------------- Failures for Replica: -------------- No Failures
[2017-11-01 19:37:47,719] ping.Replica<Replica:55002#Replica2>:INFO: {}
[2017-11-01 19:37:47,758] ping.Replica<Replica:55002#Replica2>:INFO: --------------------- Replica:receives:signedRequestStatement from previous replica -----------------------
[2017-11-01 19:37:47,759] ping.Replica<Replica:55002#Replica2>:INFO: --------------------- Received Request message number:[0 ; client Id: [0] ; request Id: [1840]-----------------------
[2017-11-01 19:37:47,761] ping.Replica<Replica:55002#Replica2>:INFO: --------------------- Unsigned Statement from client ----------------------- b"append('movie',' wars')"
[2017-11-01 19:37:47,762] ping.Replica<Replica:55002#Replica2>:INFO: --------------- Parsing the unsigned statement --------------
[2017-11-01 19:37:47,762] ping.Replica<Replica:55002#Replica2>:INFO: --------------- Check for Result Proof Integrity:[Result-Statements:Signatures] and Result--------------
[2017-11-01 19:37:47,768] ping.Replica<Replica:55002#Replica2>:INFO: --------------------- Verifying Order Proofs ----------------------- True
[2017-11-01 19:37:47,768] ping.Replica<Replica:55002#Replica2>:INFO: --------------- Verifying:[Result-Statements:Signatures] --------------
[2017-11-01 19:37:47,773] ping.Replica<Replica:55002#Replica2>:INFO: --------------------- Verifying Result Proofs ----------------------- True
[2017-11-01 19:37:47,773] ping.Replica<Replica:55002#Replica2>:INFO: --------------------- Checking for failures -----------------------
[2017-11-01 19:37:47,774] ping.Replica<Replica:55002#Replica2>:INFO: --------------- Get Failure Action --------------
[2017-11-01 19:37:47,774] ping.Replica<Replica:55002#Replica2>:INFO: --------------------- Failure Check:[notFound] Failure action:None-----------------------
[2017-11-01 19:37:47,774] ping.Replica<Replica:55002#Replica2>:INFO: --------------- Check for <Slot,Operation> Integrity--------------
[2017-11-01 19:37:47,774] ping.Replica<Replica:55002#Replica2>:INFO: --------------- Check for holes in Replica history --------------
[2017-11-01 19:37:47,775] ping.Replica<Replica:55002#Replica2>:INFO: --------------------- Slot Consistency: false Holes Found: False--------------------
[2017-11-01 19:37:47,775] ping.Replica<Replica:55002#Replica2>:INFO: --------------- Executing Operation to updata client dictionary with: --------------
[2017-11-01 19:37:47,775] ping.Replica<Replica:55002#Replica2>:INFO: --------------------- Failure Check:[notFound] Failure action:None-----------------------
[2017-11-01 19:37:47,775] ping.Replica<Replica:55002#Replica2>:INFO: --- Create Signed Order Statement and Result Statement with: slot: 0, operation: b"append('movie',' wars')", resultfail--------------
[2017-11-01 19:37:47,776] ping.Replica<Replica:55002#Replica2>:INFO: --------------- Creating hash digest for result ---------------
[2017-11-01 19:37:47,777] ping.Replica<Replica:55002#Replica2>:INFO: --------------------- Failure Check:[notFound] Failure action:None-----------------------
[2017-11-01 19:37:47,778] ping.Replica<Replica:55002#Replica2>:INFO: --------------------- Data in Client Dictionary  {}
[2017-11-01 19:37:47,778] ping.Replica<Replica:55002#Replica2>:INFO: -------------------------- Append to Replica History slot:0 operation:b"append('movie',' wars')" request Id:1840 --------------
[2017-11-01 19:37:47,778] ping.Replica<Replica:55002#Replica2>:INFO: --------------------- Creating Shuttle -----------------------
[2017-11-01 19:37:47,779] ping.Replica<Replica:55002#Replica2>:INFO: --------------------- Creating Result Shuttle: -----------------------
[2017-11-01 19:37:47,779] ping.Replica<Replica:55002#Replica2>:INFO: --------------- Append Result to Result Cache --------------
[2017-11-01 19:37:47,779] ping.Replica<Replica:55002#Replica2>:INFO: --------------------- Sending ResultShuttle: No:[0] to Previous Replica: [1] -----------------------
[2017-11-01 19:37:47,779] ping.Replica<Replica:55002#Replica2>:INFO: --------------------- Sending ResultShuttle: No:[0] to Client: [0] -----------------------
[2017-11-01 19:37:47,780] ping.Replica<Replica:55002#Replica2>:INFO: --------------------- Replica:receives:signedRequestStatement from previous replica -----------------------
[2017-11-01 19:37:47,781] ping.Replica<Replica:55002#Replica2>:INFO: --------------------- Received Request message number:[0 ; client Id: [1] ; request Id: [652]-----------------------
[2017-11-01 19:37:47,784] ping.Replica<Replica:55002#Replica2>:INFO: --------------------- Unsigned Statement from client ----------------------- b"put('movie','star')"
[2017-11-01 19:37:47,784] ping.Replica<Replica:55002#Replica2>:INFO: --------------- Parsing the unsigned statement --------------
[2017-11-01 19:37:47,784] ping.Replica<Replica:55002#Replica2>:INFO: --------------- Check for Result Proof Integrity:[Result-Statements:Signatures] and Result--------------
[2017-11-01 19:37:47,789] ping.Replica<Replica:55002#Replica2>:INFO: --------------------- Verifying Order Proofs ----------------------- True
[2017-11-01 19:37:47,790] ping.Replica<Replica:55002#Replica2>:INFO: --------------- Verifying:[Result-Statements:Signatures] --------------
[2017-11-01 19:37:47,797] ping.Replica<Replica:55002#Replica2>:INFO: --------------------- Verifying Result Proofs ----------------------- True
[2017-11-01 19:37:47,798] ping.Replica<Replica:55002#Replica2>:INFO: --------------------- Checking for failures -----------------------
[2017-11-01 19:37:47,798] ping.Replica<Replica:55002#Replica2>:INFO: --------------- Get Failure Action --------------
[2017-11-01 19:37:47,799] ping.Replica<Replica:55002#Replica2>:INFO: --------------------- Failure Check:[notFound] Failure action:None-----------------------
[2017-11-01 19:37:47,799] ping.Replica<Replica:55002#Replica2>:INFO: --------------- Check for <Slot,Operation> Integrity--------------
[2017-11-01 19:37:47,800] ping.Replica<Replica:55002#Replica2>:INFO: --------------- Check for holes in Replica history --------------
[2017-11-01 19:37:47,800] ping.Replica<Replica:55002#Replica2>:INFO: --------------------- Slot Consistency: false Holes Found: False--------------------
[2017-11-01 19:37:47,800] ping.Replica<Replica:55002#Replica2>:INFO: --------------- Executing Operation to updata client dictionary with: --------------
[2017-11-01 19:37:47,801] ping.Replica<Replica:55002#Replica2>:INFO: --------------------- Failure Check:[notFound] Failure action:None-----------------------
[2017-11-01 19:37:47,802] ping.Replica<Replica:55002#Replica2>:INFO: --- Create Signed Order Statement and Result Statement with: slot: 1, operation: b"put('movie','star')", resultOK--------------
[2017-11-01 19:37:47,803] ping.Replica<Replica:55002#Replica2>:INFO: --------------- Creating hash digest for result ---------------
[2017-11-01 19:37:47,804] ping.Replica<Replica:55002#Replica2>:INFO: --------------------- Failure Check:[notFound] Failure action:None-----------------------
[2017-11-01 19:37:47,805] ping.Replica<Replica:55002#Replica2>:INFO: --------------------- Data in Client Dictionary  {'movie': 'star'}
[2017-11-01 19:37:47,805] ping.Replica<Replica:55002#Replica2>:INFO: -------------------------- Append to Replica History slot:1 operation:b"put('movie','star')" request Id:652 --------------
[2017-11-01 19:37:47,805] ping.Replica<Replica:55002#Replica2>:INFO: --------------------- Creating Shuttle -----------------------
[2017-11-01 19:37:47,806] ping.Replica<Replica:55002#Replica2>:INFO: --------------------- Creating Result Shuttle: -----------------------
[2017-11-01 19:37:47,806] ping.Replica<Replica:55002#Replica2>:INFO: --------------- Append Result to Result Cache --------------
[2017-11-01 19:37:47,806] ping.Replica<Replica:55002#Replica2>:INFO: --------------------- Sending ResultShuttle: No:[1] to Previous Replica: [1] -----------------------
[2017-11-01 19:37:47,806] ping.Replica<Replica:55002#Replica2>:INFO: --------------------- Sending ResultShuttle: No:[1] to Client: [1] -----------------------
[2017-11-01 19:37:57,739] ping.Replica<Replica:55002#Replica2>:INFO: --------------------- Replica:receives:retransmission from Client -----------------------
[2017-11-01 19:37:57,741] ping.Replica<Replica:55002#Replica2>:INFO: --------------------- Request client Id: [0] ; request Id: [1840]-----------------------
[2017-11-01 19:37:57,747] ping.Replica<Replica:55002#Replica2>:INFO: --------------------- Unsigned Statement from client b"append('movie',' wars')"-----------------------
[2017-11-01 19:37:57,750] ping.Replica<Replica:55002#Replica2>:INFO: --------------- Get Result From Result Cache --------------
[2017-11-01 19:37:57,751] ping.Replica<Replica:55002#Replica2>:INFO: ---------------------Found in Result Cache-----------------------
[2017-11-01 19:37:57,753] ping.Replica<Replica:55002#Replica2>:INFO: --------------------- Result Found:Sending ResultShuttle:to Client: [0] -----------------------
[2017-11-01 19:37:57,756] ping.Replica<Replica:55002#Replica2>:INFO: --------------------- Replica:receives:retransmission from Client -----------------------
[2017-11-01 19:37:57,757] ping.Replica<Replica:55002#Replica2>:INFO: --------------------- Request client Id: [1] ; request Id: [652]-----------------------
[2017-11-01 19:37:57,763] ping.Replica<Replica:55002#Replica2>:INFO: --------------------- Unsigned Statement from client b"put('movie','star')"-----------------------
[2017-11-01 19:37:57,766] ping.Replica<Replica:55002#Replica2>:INFO: --------------- Get Result From Result Cache --------------
[2017-11-01 19:37:57,766] ping.Replica<Replica:55002#Replica2>:INFO: ---------------------Found in Result Cache-----------------------
[2017-11-01 19:37:57,770] ping.Replica<Replica:55002#Replica2>:INFO: --------------------- Result Found:Sending ResultShuttle:to Client: [1] -----------------------
[2017-11-01 19:37:57,820] ping.Replica<Replica:55002#Replica2>:INFO: --------------------- Replica:receives:signedRequestStatement from previous replica -----------------------
[2017-11-01 19:37:57,822] ping.Replica<Replica:55002#Replica2>:INFO: --------------------- Received Request message number:[1 ; client Id: [1] ; request Id: [9845]-----------------------
[2017-11-01 19:37:57,825] ping.Replica<Replica:55002#Replica2>:INFO: --------------------- Unsigned Statement from client ----------------------- b"get('movie')"
[2017-11-01 19:37:57,826] ping.Replica<Replica:55002#Replica2>:INFO: --------------- Parsing the unsigned statement --------------
[2017-11-01 19:37:57,826] ping.Replica<Replica:55002#Replica2>:INFO: --------------- Check for Result Proof Integrity:[Result-Statements:Signatures] and Result--------------
[2017-11-01 19:37:57,831] ping.Replica<Replica:55002#Replica2>:INFO: --------------------- Verifying Order Proofs ----------------------- True
[2017-11-01 19:37:57,832] ping.Replica<Replica:55002#Replica2>:INFO: --------------- Verifying:[Result-Statements:Signatures] --------------
[2017-11-01 19:37:57,837] ping.Replica<Replica:55002#Replica2>:INFO: --------------------- Verifying Result Proofs ----------------------- True
[2017-11-01 19:37:57,837] ping.Replica<Replica:55002#Replica2>:INFO: --------------------- Checking for failures -----------------------
[2017-11-01 19:37:57,838] ping.Replica<Replica:55002#Replica2>:INFO: --------------- Get Failure Action --------------
[2017-11-01 19:37:57,838] ping.Replica<Replica:55002#Replica2>:INFO: --------------------- Failure Check:[notFound] Failure action:None-----------------------
[2017-11-01 19:37:57,838] ping.Replica<Replica:55002#Replica2>:INFO: --------------- Check for <Slot,Operation> Integrity--------------
[2017-11-01 19:37:57,838] ping.Replica<Replica:55002#Replica2>:INFO: --------------- Check for holes in Replica history --------------
[2017-11-01 19:37:57,839] ping.Replica<Replica:55002#Replica2>:INFO: --------------------- Slot Consistency: false Holes Found: False--------------------
[2017-11-01 19:37:57,839] ping.Replica<Replica:55002#Replica2>:INFO: --------------- Executing Operation to updata client dictionary with: --------------
[2017-11-01 19:37:57,839] ping.Replica<Replica:55002#Replica2>:INFO: --------------------- Failure Check:[notFound] Failure action:None-----------------------
[2017-11-01 19:37:57,840] ping.Replica<Replica:55002#Replica2>:INFO: --- Create Signed Order Statement and Result Statement with: slot: 2, operation: b"get('movie')", resultstar--------------
[2017-11-01 19:37:57,841] ping.Replica<Replica:55002#Replica2>:INFO: --------------- Creating hash digest for result ---------------
[2017-11-01 19:37:57,842] ping.Replica<Replica:55002#Replica2>:INFO: --------------------- Failure Check:[notFound] Failure action:None-----------------------
[2017-11-01 19:37:57,842] ping.Replica<Replica:55002#Replica2>:INFO: --------------------- Data in Client Dictionary  {'movie': 'star'}
[2017-11-01 19:37:57,842] ping.Replica<Replica:55002#Replica2>:INFO: -------------------------- Append to Replica History slot:2 operation:b"get('movie')" request Id:9845 --------------
[2017-11-01 19:37:57,843] ping.Replica<Replica:55002#Replica2>:INFO: --------------------- Creating Shuttle -----------------------
[2017-11-01 19:37:57,843] ping.Replica<Replica:55002#Replica2>:INFO: --------------------- Creating Result Shuttle: -----------------------
[2017-11-01 19:37:57,843] ping.Replica<Replica:55002#Replica2>:INFO: --------------- Append Result to Result Cache --------------
[2017-11-01 19:37:57,843] ping.Replica<Replica:55002#Replica2>:INFO: --------------------- Sending ResultShuttle: No:[2] to Previous Replica: [1] -----------------------
[2017-11-01 19:37:57,843] ping.Replica<Replica:55002#Replica2>:INFO: --------------------- Sending ResultShuttle: No:[2] to Client: [1] -----------------------
[2017-11-01 19:37:57,856] ping.Replica<Replica:55002#Replica2>:INFO: --------------------- Replica:receives:signedRequestStatement from previous replica -----------------------
[2017-11-01 19:37:57,857] ping.Replica<Replica:55002#Replica2>:INFO: --------------------- Received Request message number:[1 ; client Id: [0] ; request Id: [204]-----------------------
[2017-11-01 19:37:57,859] ping.Replica<Replica:55002#Replica2>:INFO: --------------------- Unsigned Statement from client ----------------------- b"get('movie')"
[2017-11-01 19:37:57,860] ping.Replica<Replica:55002#Replica2>:INFO: --------------- Parsing the unsigned statement --------------
[2017-11-01 19:37:57,860] ping.Replica<Replica:55002#Replica2>:INFO: --------------- Check for Result Proof Integrity:[Result-Statements:Signatures] and Result--------------
[2017-11-01 19:37:57,866] ping.Replica<Replica:55002#Replica2>:INFO: --------------------- Verifying Order Proofs ----------------------- True
[2017-11-01 19:37:57,866] ping.Replica<Replica:55002#Replica2>:INFO: --------------- Verifying:[Result-Statements:Signatures] --------------
[2017-11-01 19:37:57,876] ping.Replica<Replica:55002#Replica2>:INFO: --------------------- Verifying Result Proofs ----------------------- True
[2017-11-01 19:37:57,877] ping.Replica<Replica:55002#Replica2>:INFO: --------------------- Checking for failures -----------------------
[2017-11-01 19:37:57,877] ping.Replica<Replica:55002#Replica2>:INFO: --------------- Get Failure Action --------------
[2017-11-01 19:37:57,877] ping.Replica<Replica:55002#Replica2>:INFO: --------------------- Failure Check:[notFound] Failure action:None-----------------------
[2017-11-01 19:37:57,877] ping.Replica<Replica:55002#Replica2>:INFO: --------------- Check for <Slot,Operation> Integrity--------------
[2017-11-01 19:37:57,878] ping.Replica<Replica:55002#Replica2>:INFO: --------------- Check for holes in Replica history --------------
[2017-11-01 19:37:57,878] ping.Replica<Replica:55002#Replica2>:INFO: --------------------- Slot Consistency: false Holes Found: False--------------------
[2017-11-01 19:37:57,878] ping.Replica<Replica:55002#Replica2>:INFO: --------------- Executing Operation to updata client dictionary with: --------------
[2017-11-01 19:37:57,879] ping.Replica<Replica:55002#Replica2>:INFO: --------------------- Failure Check:[notFound] Failure action:None-----------------------
[2017-11-01 19:37:57,879] ping.Replica<Replica:55002#Replica2>:INFO: --- Create Signed Order Statement and Result Statement with: slot: 3, operation: b"get('movie')", resultstar--------------
[2017-11-01 19:37:57,880] ping.Replica<Replica:55002#Replica2>:INFO: --------------- Creating hash digest for result ---------------
[2017-11-01 19:37:57,882] ping.Replica<Replica:55002#Replica2>:INFO: --------------------- Failure Check:[notFound] Failure action:None-----------------------
[2017-11-01 19:37:57,883] ping.Replica<Replica:55002#Replica2>:INFO: --------------------- Data in Client Dictionary  {'movie': 'star'}
[2017-11-01 19:37:57,883] ping.Replica<Replica:55002#Replica2>:INFO: -------------------------- Append to Replica History slot:3 operation:b"get('movie')" request Id:204 --------------
[2017-11-01 19:37:57,885] ping.Replica<Replica:55002#Replica2>:INFO: --------------------- Creating Shuttle -----------------------
[2017-11-01 19:37:57,885] ping.Replica<Replica:55002#Replica2>:INFO: --------------------- Creating Result Shuttle: -----------------------
[2017-11-01 19:37:57,885] ping.Replica<Replica:55002#Replica2>:INFO: --------------- Append Result to Result Cache --------------
[2017-11-01 19:37:57,885] ping.Replica<Replica:55002#Replica2>:INFO: --------------------- Sending ResultShuttle: No:[3] to Previous Replica: [1] -----------------------
[2017-11-01 19:37:57,886] ping.Replica<Replica:55002#Replica2>:INFO: --------------------- Sending ResultShuttle: No:[3] to Client: [0] -----------------------
[2017-11-01 19:38:07,768] ping.Replica<Replica:55002#Replica2>:INFO: --------------------- Replica:receives:retransmission from Client -----------------------
[2017-11-01 19:38:07,771] ping.Replica<Replica:55002#Replica2>:INFO: --------------------- Request client Id: [1] ; request Id: [9845]-----------------------
[2017-11-01 19:38:07,776] ping.Replica<Replica:55002#Replica2>:INFO: --------------------- Unsigned Statement from client b"get('movie')"-----------------------
[2017-11-01 19:38:07,777] ping.Replica<Replica:55002#Replica2>:INFO: --------------- Get Result From Result Cache --------------
[2017-11-01 19:38:07,777] ping.Replica<Replica:55002#Replica2>:INFO: ---------------------Found in Result Cache-----------------------
[2017-11-01 19:38:07,777] ping.Replica<Replica:55002#Replica2>:INFO: --------------------- Result Found:Sending ResultShuttle:to Client: [1] -----------------------
[2017-11-01 19:38:07,880] ping.Replica<Replica:55002#Replica2>:INFO: --------------------- Replica:receives:retransmission from Client -----------------------
[2017-11-01 19:38:07,882] ping.Replica<Replica:55002#Replica2>:INFO: --------------------- Request client Id: [0] ; request Id: [204]-----------------------
[2017-11-01 19:38:07,885] ping.Replica<Replica:55002#Replica2>:INFO: --------------------- Unsigned Statement from client b"get('movie')"-----------------------
[2017-11-01 19:38:07,887] ping.Replica<Replica:55002#Replica2>:INFO: --------------- Get Result From Result Cache --------------
[2017-11-01 19:38:07,888] ping.Replica<Replica:55002#Replica2>:INFO: ---------------------Found in Result Cache-----------------------
[2017-11-01 19:38:07,888] ping.Replica<Replica:55002#Replica2>:INFO: --------------------- Result Found:Sending ResultShuttle:to Client: [0] -----------------------
[2017-11-01 19:44:02,453] da.sim.Router<MainProcess>:INFO: Bootstrap succeeded using <UdpTransport(127.0.0.1:15330)>.
[2017-11-01 19:44:02,454] da.api<MainProcess>:INFO: <Node_:Replica2> initialized at 127.0.0.1:(UdpTransport=15330, TcpTransport=28614).
[2017-11-01 19:44:02,454] da.api<MainProcess>:INFO: Starting program <module 'ping' from 'C:\\Users\\SSDN-Dinesh\\Desktop\\SBU\\ASYNC\\BCR\\Asynchronous-Systems\\phase2\\ping.py'>...
[2017-11-01 19:44:02,454] da.api<MainProcess>:INFO: Running iteration 1 ...
[2017-11-01 19:44:02,455] da.api<MainProcess>:INFO: Waiting for remaining child processes to terminate...(Press "Ctrl-C" to force kill)
[2017-11-01 19:44:42,792] ping.Replica<Replica:79002#Replica2>:INFO: --------------- Entering Replica Run: --------------
[2017-11-01 19:44:42,793] ping.Replica<Replica:79002#Replica2>:INFO: --------------- Getting Failures for Replica : --------------
[2017-11-01 19:44:42,793] ping.Replica<Replica:79002#Replica2>:INFO: --------------- Failures for Replica: -------------- No Failures
[2017-11-01 19:44:42,794] ping.Replica<Replica:79002#Replica2>:INFO: {}
[2017-11-01 19:44:57,055] ping.Replica<Replica:79003#Replica2>:INFO: --------------- Entering Replica Run: --------------
[2017-11-01 19:44:57,056] ping.Replica<Replica:79003#Replica2>:INFO: --------------- Getting Failures for Replica : --------------
[2017-11-01 19:44:57,056] ping.Replica<Replica:79003#Replica2>:INFO: --------------- Failures for Replica: -------------- No Failures
[2017-11-01 19:44:57,056] ping.Replica<Replica:79003#Replica2>:INFO: {}
[2017-11-01 19:45:30,014] ping.Replica<Replica:79004#Replica2>:INFO: --------------- Entering Replica Run: --------------
[2017-11-01 19:45:30,014] ping.Replica<Replica:79004#Replica2>:INFO: --------------- Getting Failures for Replica : --------------
[2017-11-01 19:45:30,015] ping.Replica<Replica:79004#Replica2>:INFO: --------------- Failures for Replica: -------------- No Failures
[2017-11-01 19:45:30,015] ping.Replica<Replica:79004#Replica2>:INFO: {}
[2017-11-01 19:50:49,048] da.sim.Router<MainProcess>:INFO: Bootstrap succeeded using <UdpTransport(127.0.0.1:26261)>.
[2017-11-01 19:50:49,049] da.api<MainProcess>:INFO: <Node_:Replica2> initialized at 127.0.0.1:(UdpTransport=26261, TcpTransport=10140).
[2017-11-01 19:50:49,050] da.api<MainProcess>:INFO: Starting program <module 'ping' from 'C:\\Users\\SSDN-Dinesh\\Desktop\\SBU\\ASYNC\\BCR\\Asynchronous-Systems\\phase3\\ping.py'>...
[2017-11-01 19:50:49,050] da.api<MainProcess>:INFO: Running iteration 1 ...
[2017-11-01 19:50:49,051] da.api<MainProcess>:INFO: Waiting for remaining child processes to terminate...(Press "Ctrl-C" to force kill)
[2017-11-01 19:52:08,473] ping.Replica<Replica:95002#Replica2>:INFO: --------------- Entering Replica Run: --------------
[2017-11-01 19:52:08,476] ping.Replica<Replica:95002#Replica2>:INFO: --------------- Getting Failures for Replica : --------------
[2017-11-01 19:52:08,476] ping.Replica<Replica:95002#Replica2>:INFO: --------------- Failures for Replica: -------------- No Failures
[2017-11-01 19:52:08,477] ping.Replica<Replica:95002#Replica2>:INFO: {}
