[2017-10-22 23:17:43,330] da.sim.Router<MainProcess>:INFO: Bootstrap succeeded using <UdpTransport(127.0.0.1:15501)>.
[2017-10-22 23:17:43,330] da.api<MainProcess>:INFO: <Node_:Replica0> initialized at 127.0.0.1:(UdpTransport=15501, TcpTransport=16223).
[2017-10-22 23:17:43,330] da.api<MainProcess>:INFO: Starting program <module 'ping' from 'C:\\Users\\SSDN-Dinesh\\Desktop\\SBU\\ASYNC\\BCR\\Asynchronous-Systems\\phase2\\ping.py'>...
[2017-10-22 23:17:43,331] da.api<MainProcess>:INFO: Running iteration 1 ...
[2017-10-22 23:17:43,331] da.api<MainProcess>:INFO: Waiting for remaining child processes to terminate...(Press "Ctrl-C" to force kill)
[2017-10-22 23:17:50,269] ping.Replica<Replica:98002#Replica0>:INFO: --------------- Entering Replica Run: --------------
[2017-10-22 23:17:50,270] ping.Replica<Replica:98002#Replica0>:INFO: --------------- Getting Failures for Replica : --------------
[2017-10-22 23:17:50,270] ping.Replica<Replica:98002#Replica0>:INFO: --------------- Failures for Replica: -------------- No Failures
[2017-10-22 23:17:50,270] ping.Replica<Replica:98002#Replica0>:INFO: {}
[2017-10-22 23:17:50,283] ping.Replica<Replica:98002#Replica0>:INFO: --------------------- Head:receives:signedRequestStatement from client -----------------------
[2017-10-22 23:17:50,283] ping.Replica<Replica:98002#Replica0>:INFO: --------------------- Received Request message number:[0 ; client Id: [0] ; request Id: [8308]-----------------------
[2017-10-22 23:17:50,283] ping.Replica<Replica:98002#Replica0>:INFO: --------------------- Check for Request Id: 8308 in history-----------------------
[2017-10-22 23:17:50,286] ping.Replica<Replica:98002#Replica0>:INFO: --------------------- Unsigned Statement from client ----------------------- b"put('movie','star')"
[2017-10-22 23:17:50,286] ping.Replica<Replica:98002#Replica0>:INFO: --------------- Parsing the unsigned statement --------------
[2017-10-22 23:17:50,286] ping.Replica<Replica:98002#Replica0>:INFO: --------------------- Checking for failures -----------------------
[2017-10-22 23:17:50,286] ping.Replica<Replica:98002#Replica0>:INFO: --------------- Get Failure Action --------------
[2017-10-22 23:17:50,286] ping.Replica<Replica:98002#Replica0>:INFO: --------------------- Failure Check:[notFound] Failure action:None-----------------------
[2017-10-22 23:17:50,286] ping.Replica<Replica:98002#Replica0>:INFO: --------------- Executing Operation to updata client dictionary with: --------------
[2017-10-22 23:17:50,286] ping.Replica<Replica:98002#Replica0>:INFO: --------------------- Failure Check:[notFound] Failure action:None-----------------------
[2017-10-22 23:17:50,287] ping.Replica<Replica:98002#Replica0>:INFO: --------------------- Signing the statement: b"put('movie','star')"
[2017-10-22 23:17:50,287] ping.Replica<Replica:98002#Replica0>:INFO: --- Create Signed Order Statement and Result Statement with: slot: 0, operation: b"put('movie','star')", resultOK--------------
[2017-10-22 23:17:50,288] ping.Replica<Replica:98002#Replica0>:INFO: --------------- Creating hash digest for result ---------------
[2017-10-22 23:17:50,289] ping.Replica<Replica:98002#Replica0>:INFO: --------------------- Failure Check:[notFound] Failure action:None-----------------------
[2017-10-22 23:17:50,289] ping.Replica<Replica:98002#Replica0>:INFO: --------------------- Data in Client Dictionary  {'movie': 'star'}
[2017-10-22 23:17:50,289] ping.Replica<Replica:98002#Replica0>:INFO: --------------------- Creating Shuttle -----------------------
[2017-10-22 23:17:50,289] ping.Replica<Replica:98002#Replica0>:INFO: -------------------------- Append to Replica History slot:0 operation:b"put('movie','star')" request Id:8308 --------------
[2017-10-22 23:17:50,289] ping.Replica<Replica:98002#Replica0>:INFO: --------------------- Sending Statement to Olympus coming from client:  0
[2017-10-22 23:17:50,290] ping.Replica<Replica:98002#Replica0>:INFO: --------------------- Sending Statement:: message number0 from client: 0 to Next Replica -----------------------
[2017-10-22 23:17:50,291] ping.Replica<Replica:98002#Replica0>:INFO: ------------------------------------------------------------
[2017-10-22 23:17:50,331] ping.Replica<Replica:98002#Replica0>:INFO: -------------------- Received Result Shuttle from Next Replica -------------------------
[2017-10-22 23:17:50,331] ping.Replica<Replica:98002#Replica0>:INFO: --------------------- Received Result Shuttle: Result Shuttle No.0 for Client [0]-----------------------
[2017-10-22 23:17:50,332] ping.Replica<Replica:98002#Replica0>:OUTPUT: receivedResult OK
[2017-10-22 23:17:50,332] ping.Replica<Replica:98002#Replica0>:INFO: --------------- Creating hash digest for result ---------------
[2017-10-22 23:17:50,332] ping.Replica<Replica:98002#Replica0>:INFO: --------------- Check for Result Proof Integrity:[Result-Statements:Signatures] and Result--------------
[2017-10-22 23:17:50,334] ping.Replica<Replica:98002#Replica0>:INFO: --------------- Checking hash digests for results ---------------
[2017-10-22 23:17:50,336] ping.Replica<Replica:98002#Replica0>:INFO: --------------- Checking hash digests for results ---------------
[2017-10-22 23:17:50,340] ping.Replica<Replica:98002#Replica0>:INFO: --------------- Checking hash digests for results ---------------
[2017-10-22 23:17:50,342] ping.Replica<Replica:98002#Replica0>:INFO: --------------- Get Failure Action --------------
[2017-10-22 23:17:50,343] ping.Replica<Replica:98002#Replica0>:INFO: --------------------- Failure Check:[notFound] Failure action:None-----------------------
[2017-10-22 23:17:50,343] ping.Replica<Replica:98002#Replica0>:INFO: --------------------- Failure Check:[notFound] Failure action:None-----------------------
[2017-10-22 23:17:50,343] ping.Replica<Replica:98002#Replica0>:INFO: --------------- Append Result to Result Cache --------------
[2017-10-22 23:17:50,344] ping.Replica<Replica:98002#Replica0>:INFO: --------------------- Head:receives:signedRequestStatement from client -----------------------
[2017-10-22 23:17:50,344] ping.Replica<Replica:98002#Replica0>:INFO: --------------------- Received Request message number:[1 ; client Id: [0] ; request Id: [5319]-----------------------
[2017-10-22 23:17:50,344] ping.Replica<Replica:98002#Replica0>:INFO: --------------------- Check for Request Id: 5319 in history-----------------------
[2017-10-22 23:17:50,346] ping.Replica<Replica:98002#Replica0>:INFO: --------------------- Unsigned Statement from client ----------------------- b"get('movie')"
[2017-10-22 23:17:50,347] ping.Replica<Replica:98002#Replica0>:INFO: --------------- Parsing the unsigned statement --------------
[2017-10-22 23:17:50,347] ping.Replica<Replica:98002#Replica0>:INFO: --------------------- Checking for failures -----------------------
[2017-10-22 23:17:50,347] ping.Replica<Replica:98002#Replica0>:INFO: --------------- Get Failure Action --------------
[2017-10-22 23:17:50,347] ping.Replica<Replica:98002#Replica0>:INFO: --------------------- Failure Check:[notFound] Failure action:None-----------------------
[2017-10-22 23:17:50,347] ping.Replica<Replica:98002#Replica0>:INFO: --------------- Executing Operation to updata client dictionary with: --------------
[2017-10-22 23:17:50,347] ping.Replica<Replica:98002#Replica0>:INFO: --------------------- Failure Check:[notFound] Failure action:None-----------------------
[2017-10-22 23:17:50,347] ping.Replica<Replica:98002#Replica0>:INFO: --------------------- Signing the statement: b"get('movie')"
[2017-10-22 23:17:50,348] ping.Replica<Replica:98002#Replica0>:INFO: --- Create Signed Order Statement and Result Statement with: slot: 1, operation: b"get('movie')", resultstar--------------
[2017-10-22 23:17:50,348] ping.Replica<Replica:98002#Replica0>:INFO: --------------- Creating hash digest for result ---------------
[2017-10-22 23:17:50,349] ping.Replica<Replica:98002#Replica0>:INFO: --------------------- Failure Check:[notFound] Failure action:None-----------------------
[2017-10-22 23:17:50,349] ping.Replica<Replica:98002#Replica0>:INFO: --------------------- Data in Client Dictionary  {'movie': 'star'}
[2017-10-22 23:17:50,349] ping.Replica<Replica:98002#Replica0>:INFO: --------------------- Creating Shuttle -----------------------
[2017-10-22 23:17:50,349] ping.Replica<Replica:98002#Replica0>:INFO: -------------------------- Append to Replica History slot:1 operation:b"get('movie')" request Id:5319 --------------
[2017-10-22 23:17:50,350] ping.Replica<Replica:98002#Replica0>:INFO: --------------------- Sending Statement to Olympus coming from client:  0
[2017-10-22 23:17:50,350] ping.Replica<Replica:98002#Replica0>:INFO: --------------------- Sending Statement:: message number1 from client: 0 to Next Replica -----------------------
[2017-10-22 23:17:50,350] ping.Replica<Replica:98002#Replica0>:INFO: ------------------------------------------------------------
[2017-10-22 23:17:50,396] ping.Replica<Replica:98002#Replica0>:INFO: --------------------- Head:receives:signedRequestStatement from client -----------------------
[2017-10-22 23:17:50,396] ping.Replica<Replica:98002#Replica0>:INFO: --------------------- Received Request message number:[2 ; client Id: [0] ; request Id: [589]-----------------------
[2017-10-22 23:17:50,396] ping.Replica<Replica:98002#Replica0>:INFO: --------------------- Check for Request Id: 589 in history-----------------------
[2017-10-22 23:17:50,398] ping.Replica<Replica:98002#Replica0>:INFO: --------------------- Unsigned Statement from client ----------------------- b"append('movie','star')"
[2017-10-22 23:17:50,398] ping.Replica<Replica:98002#Replica0>:INFO: --------------- Parsing the unsigned statement --------------
[2017-10-22 23:17:50,399] ping.Replica<Replica:98002#Replica0>:INFO: --------------------- Checking for failures -----------------------
[2017-10-22 23:17:50,399] ping.Replica<Replica:98002#Replica0>:INFO: --------------- Get Failure Action --------------
[2017-10-22 23:17:50,399] ping.Replica<Replica:98002#Replica0>:INFO: --------------------- Failure Check:[notFound] Failure action:None-----------------------
[2017-10-22 23:17:50,399] ping.Replica<Replica:98002#Replica0>:INFO: --------------- Executing Operation to updata client dictionary with: --------------
[2017-10-22 23:17:50,399] ping.Replica<Replica:98002#Replica0>:INFO: --------------------- Failure Check:[notFound] Failure action:None-----------------------
[2017-10-22 23:17:50,399] ping.Replica<Replica:98002#Replica0>:INFO: --------------------- Signing the statement: b"append('movie','star')"
[2017-10-22 23:17:50,399] ping.Replica<Replica:98002#Replica0>:INFO: --- Create Signed Order Statement and Result Statement with: slot: 2, operation: b"append('movie','star')", resultOK--------------
[2017-10-22 23:17:50,400] ping.Replica<Replica:98002#Replica0>:INFO: --------------- Creating hash digest for result ---------------
[2017-10-22 23:17:50,401] ping.Replica<Replica:98002#Replica0>:INFO: --------------------- Failure Check:[notFound] Failure action:None-----------------------
[2017-10-22 23:17:50,401] ping.Replica<Replica:98002#Replica0>:INFO: --------------------- Data in Client Dictionary  {'movie': 'starstar'}
[2017-10-22 23:17:50,401] ping.Replica<Replica:98002#Replica0>:INFO: --------------------- Creating Shuttle -----------------------
[2017-10-22 23:17:50,401] ping.Replica<Replica:98002#Replica0>:INFO: -------------------------- Append to Replica History slot:2 operation:b"append('movie','star')" request Id:589 --------------
[2017-10-22 23:17:50,401] ping.Replica<Replica:98002#Replica0>:INFO: --------------------- Sending Statement to Olympus coming from client:  0
[2017-10-22 23:17:50,401] ping.Replica<Replica:98002#Replica0>:INFO: --------------------- Sending Statement:: message number2 from client: 0 to Next Replica -----------------------
[2017-10-22 23:17:50,402] ping.Replica<Replica:98002#Replica0>:INFO: ------------------------------------------------------------
[2017-10-22 23:17:50,445] ping.Replica<Replica:98002#Replica0>:INFO: -------------------- Received Result Shuttle from Next Replica -------------------------
[2017-10-22 23:17:50,445] ping.Replica<Replica:98002#Replica0>:INFO: --------------------- Received Result Shuttle: Result Shuttle No.2 for Client [0]-----------------------
[2017-10-22 23:17:50,446] ping.Replica<Replica:98002#Replica0>:OUTPUT: receivedResult OK
[2017-10-22 23:17:50,446] ping.Replica<Replica:98002#Replica0>:INFO: --------------- Creating hash digest for result ---------------
[2017-10-22 23:17:50,446] ping.Replica<Replica:98002#Replica0>:INFO: --------------- Check for Result Proof Integrity:[Result-Statements:Signatures] and Result--------------
[2017-10-22 23:17:50,449] ping.Replica<Replica:98002#Replica0>:INFO: --------------- Checking hash digests for results ---------------
[2017-10-22 23:17:50,451] ping.Replica<Replica:98002#Replica0>:INFO: --------------- Checking hash digests for results ---------------
[2017-10-22 23:17:50,453] ping.Replica<Replica:98002#Replica0>:INFO: --------------- Checking hash digests for results ---------------
[2017-10-22 23:17:50,453] ping.Replica<Replica:98002#Replica0>:INFO: --------------- Get Failure Action --------------
[2017-10-22 23:17:50,453] ping.Replica<Replica:98002#Replica0>:INFO: --------------------- Failure Check:[notFound] Failure action:None-----------------------
[2017-10-22 23:17:50,454] ping.Replica<Replica:98002#Replica0>:INFO: --------------------- Failure Check:[notFound] Failure action:None-----------------------
[2017-10-22 23:17:50,454] ping.Replica<Replica:98002#Replica0>:INFO: --------------- Append Result to Result Cache --------------
